2023-08-27 19:33:45.328 [info] Log level: Info
2023-08-27 19:33:45.328 [info] Validating found git in: "git"
2023-08-27 19:33:45.328 [info] Using git "2.35.3" from "git"
2023-08-27 19:33:45.328 [info] > git rev-parse --show-toplevel [3ms]
2023-08-27 19:33:45.328 [info] fatal: not a git repository (or any parent up to mount point /)
Stopping at filesystem boundary (GIT_DISCOVERY_ACROSS_FILESYSTEM not set).
2023-08-27 19:33:45.328 [info] > git rev-parse --show-toplevel [3ms]
2023-08-27 19:33:45.328 [info] fatal: not a git repository (or any parent up to mount point /)
Stopping at filesystem boundary (GIT_DISCOVERY_ACROSS_FILESYSTEM not set).
2023-08-27 19:33:48.045 [info] > git rev-parse --show-toplevel [76ms]
2023-08-27 19:33:48.045 [info] fatal: not a git repository (or any parent up to mount point /)
Stopping at filesystem boundary (GIT_DISCOVERY_ACROSS_FILESYSTEM not set).
2023-08-27 19:33:48.207 [info] > git rev-parse --show-toplevel [20ms]
2023-08-27 19:33:48.207 [info] fatal: not a git repository (or any parent up to mount point /)
Stopping at filesystem boundary (GIT_DISCOVERY_ACROSS_FILESYSTEM not set).
2023-08-27 19:33:48.287 [info] > git rev-parse --show-toplevel [68ms]
2023-08-27 19:33:48.287 [info] fatal: not a git repository (or any parent up to mount point /)
Stopping at filesystem boundary (GIT_DISCOVERY_ACROSS_FILESYSTEM not set).
2023-08-27 19:33:49.743 [info] > git rev-parse --show-toplevel [1403ms]
2023-08-27 19:33:49.743 [info] fatal: not a git repository (or any parent up to mount point /)
Stopping at filesystem boundary (GIT_DISCOVERY_ACROSS_FILESYSTEM not set).
2023-08-27 19:33:49.875 [info] > git rev-parse --show-toplevel [35ms]
2023-08-27 19:33:49.875 [info] fatal: not a git repository (or any parent up to mount point /)
Stopping at filesystem boundary (GIT_DISCOVERY_ACROSS_FILESYSTEM not set).
2023-08-27 19:33:49.902 [info] > git rev-parse --show-toplevel [4ms]
2023-08-27 19:33:49.902 [info] fatal: not a git repository (or any parent up to mount point /)
Stopping at filesystem boundary (GIT_DISCOVERY_ACROSS_FILESYSTEM not set).
