Visual Studio Code (1.81.1, undefined, desktop)
Jupyter Extension Version: 2023.7.1002162226.
Python Extension Version: 2023.14.0.
Platform: linux (x64).
Workspace folder ~/Documents/CodingProjects/Regression, Home = /home/blackbird
18:41:24.548 [info] User belongs to experiment group 'FastKernelPicker'
18:41:24.548 [info] User belongs to experiment group 'NewRemoteUriStorage'
18:41:24.548 [info] User belongs to experiment group 'PasswordManager'
18:41:24.548 [info] User belongs to experiment group 'NewJupyterSession'
18:41:25.015 [info] Start refreshing Kernel Picker (1692891685015)
18:41:25.019 [info] Using Pylance
18:41:25.195 [info] Start refreshing Interpreter Kernel Picker
18:41:26.422 [info] Starting Kernel startUsingPythonInterpreter, .jvsc74a57bd0163ae9de86cdc0f9ab2396f62f1ebf76e18b8456837acca1cebd3b1abfed9552.~/Documents/CodingProjects/Regression/envs/python.~/Documents/CodingProjects/Regression/envs/python.-m#ipykernel_launcher  (Python Path: ~/Documents/CodingProjects/Regression/envs/bin/python, Conda, 3.11.4) for '~/Documents/CodingProjects/Regression/boston.ipynb' (disableUI=true)
18:41:26.533 [warn] Failed to get activated env vars for /usr/bin/python3 in 975ms
18:41:26.546 [info] Process Execution: /usr/bin/python3 -c "import site;print("USER_BASE_VALUE");print(site.USER_BASE);print("USER_BASE_VALUE");"
18:41:26.595 [info] Process Execution: /usr/bin/python3 -m pip list
18:41:28.195 [info] End refreshing Kernel Picker (1692891685015)
18:41:28.265 [info] Process Execution: ~/Documents/CodingProjects/Regression/envs/bin/python -c "import ipykernel; print(ipykernel.__version__); print("5dc3a68c-e34e-4080-9c3e-2a532b2ccb4d"); print(ipykernel.__file__)"
18:41:28.277 [info] Process Execution: ~/Documents/CodingProjects/Regression/envs/bin/python -m ipykernel_launcher --ip=127.0.0.1 --stdin=9003 --control=9001 --hb=9000 --Session.signature_scheme="hmac-sha256" --Session.key=b"1a917cbe-9ebb-4984-9af4-c403900b9de6" --shell=9002 --transport="tcp" --iopub=9004 --f=~/.local/share/jupyter/runtime/kernel-v2-12524ncYkO606rekN.json
    > cwd: ~/Documents/CodingProjects/Regression
18:41:28.323 [info] Process Execution: ~/Documents/CodingProjects/Regression/envs/bin/python -m pip list
18:41:28.560 [info] ipykernel version & path 6.25.0, ~/Documents/CodingProjects/Regression/envs/lib/python3.11/site-packages/ipykernel/__init__.py for ~/Documents/CodingProjects/Regression/envs/bin/python
18:41:29.050 [warn] StdErr from Kernel Process 0.00s - Debugger warning: It seems that frozen modules are being used, which may
0.00s - make the debugger miss breakpoints. Please pass -Xfrozen_modules=off
0.00s - to python to disable frozen modules.
0.00s - Note: Debugging will proceed. Set PYDEVD_DISABLE_FILE_VALIDATION=1 to disable this validation.
18:41:29.136 [warn] StdErr from Kernel Process ~/Documents/CodingProjects/Regression/envs/lib/python3.11/site-packages/traitlets/traitlets.py:2544: FutureWarning: Supporting extra quotes around strings is deprecated in traitlets 5.0. You can use 'hmac-sha256' instead of '"hmac-sha256"' if you require traitlets >=5.
  warn(
18:41:29.136 [warn] StdErr from Kernel Process ~/Documents/CodingProjects/Regression/envs/lib/python3.11/site-packages/traitlets/traitlets.py:2495: FutureWarning: Supporting extra quotes around Bytes is deprecated in traitlets 5.0. Use '1a917cbe-9ebb-4984-9af4-c403900b9de6' instead of 'b"1a917cbe-9ebb-4984-9af4-c403900b9de6"'.
  warn(
18:41:29.365 [info] Started Kernel envs (Python 3.11.4) (pid: 12826)
18:41:29.365 [info] Started new session 560399cf-5684-4b56-aae7-15317e51accd
18:41:29.415 [info] Process Execution: ~/Documents/CodingProjects/Regression/envs/bin/python ~/.vscode/extensions/ms-toolsai.jupyter-2023.7.1002162226-linux-x64/pythonFiles/printJupyterDataDir.py
18:41:51.327 [info] Disposing HostJupyterExecution
18:41:51.327 [info] Shutting down notebooks for fd61ed33-fd02-4755-b21c-011affebc3db
18:41:51.327 [info] Dispose Kernel '~/Documents/CodingProjects/Regression/boston.ipynb' associated with '~/Documents/CodingProjects/Regression/boston.ipynb'
18:41:51.328 [info] Dispose Kernel process 12826.
18:41:51.339 [info] Disposing HostJupyterExecution
