2023-08-24 17:36:57.423 [info] Log level: Info
2023-08-24 17:36:57.423 [info] Validating found git in: "git"
2023-08-24 17:36:57.423 [info] Using git "2.35.3" from "git"
2023-08-24 17:36:57.424 [info] > git rev-parse --show-toplevel [123ms]
2023-08-24 17:36:57.424 [info] fatal: not a git repository (or any parent up to mount point /)
Stopping at filesystem boundary (GIT_DISCOVERY_ACROSS_FILESYSTEM not set).
2023-08-24 17:36:57.424 [info] > git rev-parse --show-toplevel [61ms]
2023-08-24 17:36:57.424 [info] fatal: not a git repository (or any parent up to mount point /)
Stopping at filesystem boundary (GIT_DISCOVERY_ACROSS_FILESYSTEM not set).
2023-08-24 17:36:57.426 [info] > git rev-parse --show-toplevel [4ms]
2023-08-24 17:36:57.426 [info] fatal: not a git repository (or any parent up to mount point /)
Stopping at filesystem boundary (GIT_DISCOVERY_ACROSS_FILESYSTEM not set).
2023-08-24 17:36:57.999 [info] > git rev-parse --show-toplevel [21ms]
2023-08-24 17:36:57.999 [info] fatal: not a git repository (or any parent up to mount point /)
Stopping at filesystem boundary (GIT_DISCOVERY_ACROSS_FILESYSTEM not set).
2023-08-24 17:36:58.594 [info] > git rev-parse --show-toplevel [2ms]
2023-08-24 17:36:58.595 [info] fatal: not a git repository (or any parent up to mount point /)
Stopping at filesystem boundary (GIT_DISCOVERY_ACROSS_FILESYSTEM not set).
2023-08-24 17:36:59.589 [info] > git rev-parse --show-toplevel [3ms]
2023-08-24 17:36:59.589 [info] fatal: not a git repository (or any parent up to mount point /)
Stopping at filesystem boundary (GIT_DISCOVERY_ACROSS_FILESYSTEM not set).
2023-08-24 17:37:00.587 [info] > git rev-parse --show-toplevel [23ms]
2023-08-24 17:37:00.587 [info] fatal: not a git repository (or any parent up to mount point /)
Stopping at filesystem boundary (GIT_DISCOVERY_ACROSS_FILESYSTEM not set).
2023-08-24 17:37:00.629 [info] > git rev-parse --show-toplevel [26ms]
2023-08-24 17:37:00.629 [info] fatal: not a git repository (or any parent up to mount point /)
Stopping at filesystem boundary (GIT_DISCOVERY_ACROSS_FILESYSTEM not set).
2023-08-24 17:37:01.000 [info] > git rev-parse --show-toplevel [2ms]
2023-08-24 17:37:01.000 [info] fatal: not a git repository (or any parent up to mount point /)
Stopping at filesystem boundary (GIT_DISCOVERY_ACROSS_FILESYSTEM not set).
