00:00:00.000193 main     VirtualBox XPCOM Server 7.0.10_SUSE r158379 linux.amd64 (no date no time) release log
00:00:00.000195 main     Log opened 2023-08-26T18:54:42.966342000Z
00:00:00.000196 main     Build Type: release
00:00:00.000198 main     OS Product: Linux
00:00:00.000199 main     OS Release: 5.14.21-150500.55.19-default
00:00:00.000200 main     OS Version: #1 SMP PREEMPT_DYNAMIC Tue Aug 8 22:15:01 UTC 2023 (9908c29)
00:00:00.000214 main     DMI Product Name: GL752VW
00:00:00.000221 main     DMI Product Version: 1.0       
00:00:00.000225 main     Firmware type: UEFI
00:00:00.000231 main     Secure Boot: Disabled
00:00:00.000263 main     Host RAM: 15883MB (15.5GB) total, 13123MB (12.8GB) available
00:00:00.000266 main     Executable: /usr/lib/virtualbox/VBoxSVC
00:00:00.000266 main     Process ID: 18601
00:00:00.000266 main     Package type: LINUX_64BITS_GENERIC (OSE)
00:00:00.001405 main     IPC socket path: /tmp/.vbox-blackbird-ipc/ipcd
00:00:00.106457 nspr-2   VirtualBox: object creation starts
00:00:00.106698 nspr-2   Home directory: '/home/blackbird/.config/VirtualBox'
00:00:00.107089 nspr-2   Loading settings file "/home/blackbird/.config/VirtualBox/VirtualBox.xml" with version "1.12-linux"
00:00:00.111524 nspr-2   USB: Unknown USB device detected (idVendor: 0x8087, idProduct: 0x0a2a)
00:00:00.111854 nspr-2   Successfully initialised host USB using sysfs
00:00:00.127145 nspr-2   Failed to retrive disk info: getDiskName(/dev/mapper/system-root) --> system-root
00:00:00.150011 nspr-2   NetIfAdpCtlOut: VBoxNetAdpCtl: Error while retrieving link speed for wlan0: VBoxNetAdpCtl: ioctl failed: Operation not supported
00:00:00.152488 nspr-2   HostDnsMonitor: initializing
00:00:00.153233 nspr-2   NAT: resolv.conf: nameserver 9.9.9.9
00:00:00.153268 nspr-2   NAT: resolv.conf: nameserver 149.112.112.112
00:00:00.153302 nspr-2   HostDnsMonitor: updating information
00:00:00.153339 nspr-2   HostDnsMonitor: old information
00:00:00.153353 nspr-2     no server entries
00:00:00.153364 nspr-2     no domain set
00:00:00.153375 nspr-2     no search string entries
00:00:00.153386 nspr-2   HostDnsMonitor: new information
00:00:00.153397 nspr-2     server 1: 9.9.9.9
00:00:00.153409 nspr-2     server 2: 149.112.112.112
00:00:00.153421 nspr-2     domain: domain.name
00:00:00.153432 nspr-2     search string 1: domain.name
00:00:00.160109 nspr-2   VD: VDInit finished with VINF_SUCCESS
00:00:00.160390 nspr-2   ERROR [COM]: aRC=NS_ERROR_FAILURE (0x80004005) aIID={aac6c7cb-a371-4c58-ab51-0616896b2f2c} aComponent={SystemPropertiesWrap} aText={Cannot determine default Guest Additions ISO location. Most likely they are not available}, preserve=false aResultDetail=0
00:00:00.162586 nspr-2   Loading settings file "/home/blackbird/VirtualBox VMs/Arch Linux/Arch Linux.vbox" with version "1.19-linux"
00:00:00.164408 nspr-2   VirtualBox: object created
00:00:01.345080 nspr-3   ERROR [COM]: aRC=VBOX_E_INVALID_VM_STATE (0x80bb0002) aIID={300763af-5d6b-46e6-aa96-273eac15538a} aComponent={MachineWrap} aText={The machine is not mutable (state is PoweredOff)}, preserve=false aResultDetail=0
00:00:05.382324 nspr-5   Saving settings file "/home/blackbird/.config/VirtualBox/VirtualBox.xml" with version "1.12-linux"
00:00:05.948311 nspr-5   Finished saving settings file "/home/blackbird/.config/VirtualBox/VirtualBox.xml"
00:00:05.967277 nspr-5   ERROR [COM]: aRC=VBOX_E_INVALID_VM_STATE (0x80bb0002) aIID={300763af-5d6b-46e6-aa96-273eac15538a} aComponent={MachineWrap} aText={The machine is not mutable (state is PoweredOff)}, preserve=false aResultDetail=0
00:00:06.608662 nspr-4   Saving settings file "/home/blackbird/.config/VirtualBox/VirtualBox.xml" with version "1.12-linux"
00:00:07.213047 nspr-4   Finished saving settings file "/home/blackbird/.config/VirtualBox/VirtualBox.xml"
00:00:07.283173 nspr-5   ERROR [COM]: aRC=VBOX_E_INVALID_VM_STATE (0x80bb0002) aIID={300763af-5d6b-46e6-aa96-273eac15538a} aComponent={MachineWrap} aText={The machine is not mutable (state is PoweredOff)}, preserve=false aResultDetail=0
00:00:09.926356 nspr-2   NetIfAdpCtlOut: VBoxNetAdpCtl: Error while retrieving link speed for wlan0: VBoxNetAdpCtl: ioctl failed: Operation not supported
00:00:09.936783 nspr-2   NetIfAdpCtlOut: VBoxNetAdpCtl: Error while retrieving link speed for wlan0: VBoxNetAdpCtl: ioctl failed: Operation not supported
00:00:10.192418 nspr-5   ERROR [COM]: aRC=VBOX_E_INVALID_VM_STATE (0x80bb0002) aIID={300763af-5d6b-46e6-aa96-273eac15538a} aComponent={MachineWrap} aText={The machine is not mutable (state is PoweredOff)}, preserve=false aResultDetail=0
00:01:09.090055 nspr-2   Saving settings file "/home/blackbird/.config/VirtualBox/VirtualBox.xml" with version "1.12-linux"
00:01:09.542084 nspr-2   Finished saving settings file "/home/blackbird/.config/VirtualBox/VirtualBox.xml"
00:01:11.766538 nspr-4   Saving settings file "/home/blackbird/.config/VirtualBox/VirtualBox.xml" with version "1.12-linux"
00:01:12.083929 nspr-4   Finished saving settings file "/home/blackbird/.config/VirtualBox/VirtualBox.xml"
00:01:12.486657 nspr-5   ERROR [COM]: aRC=VBOX_E_INVALID_VM_STATE (0x80bb0002) aIID={300763af-5d6b-46e6-aa96-273eac15538a} aComponent={MachineWrap} aText={The machine is not mutable (state is PoweredOff)}, preserve=false aResultDetail=0
00:01:12.926756 nspr-4   Saving settings file "/home/blackbird/.config/VirtualBox/VirtualBox.xml" with version "1.12-linux"
00:01:13.242300 nspr-4   Finished saving settings file "/home/blackbird/.config/VirtualBox/VirtualBox.xml"
00:01:15.082391 nspr-3   Saving settings file "/home/blackbird/.config/VirtualBox/VirtualBox.xml" with version "1.12-linux"
00:01:15.584120 nspr-3   Finished saving settings file "/home/blackbird/.config/VirtualBox/VirtualBox.xml"
00:01:15.966061 nspr-4   ERROR [COM]: aRC=VBOX_E_INVALID_VM_STATE (0x80bb0002) aIID={300763af-5d6b-46e6-aa96-273eac15538a} aComponent={MachineWrap} aText={The machine is not mutable (state is PoweredOff)}, preserve=false aResultDetail=0
00:01:39.158160 main     VirtualBox: object deletion starts
00:01:39.158232 main     ERROR [COM]: aRC=VBOX_E_OBJECT_IN_USE (0x80bb000c) aIID={ad47ad09-787b-44ab-b343-a082a3f2dfb1} aComponent={MediumWrap} aText={Medium '/home/blackbird/VirtualBox VMs/Arch Linux/Arch Linux.vdi' cannot be closed because it is still attached to 1 virtual machines}, preserve=false aResultDetail=0
00:01:39.159287 main     HostDnsMonitor: shutting down ...
00:01:39.159734 main     HostDnsMonitor: shut down
00:01:39.188886 Watcher  ERROR [COM]: aRC=E_ACCESSDENIED (0x80070005) aIID={7682d5eb-f00e-44f1-8ca2-99d08b1cd607} aComponent={VirtualBoxWrap} aText={The object is not ready}, preserve=false aResultDetail=0
00:01:39.189037 main     VirtualBox: object deleted
