Visual Studio Code (1.81.1, undefined, desktop)
Jupyter Extension Version: 2023.7.1002162226.
Python Extension Version: 2023.14.0.
Platform: linux (x64).
Workspace folder ~/Documents/CodingProjects/Regression, Home = /home/blackbird
21:15:15.801 [info] User belongs to experiment group 'FastKernelPicker'
21:15:15.802 [info] User belongs to experiment group 'NewRemoteUriStorage'
21:15:15.802 [info] User belongs to experiment group 'PasswordManager'
21:15:15.802 [info] User belongs to experiment group 'NewJupyterSession'
21:15:16.380 [info] Start refreshing Kernel Picker (1692728116380)
21:15:16.386 [info] Using Pylance
21:15:16.441 [info] Start refreshing Interpreter Kernel Picker
21:15:17.393 [info] Starting Kernel startUsingPythonInterpreter, .jvsc74a57bd0163ae9de86cdc0f9ab2396f62f1ebf76e18b8456837acca1cebd3b1abfed9552.~/Documents/CodingProjects/Regression/envs/python.~/Documents/CodingProjects/Regression/envs/python.-m#ipykernel_launcher  (Python Path: ~/Documents/CodingProjects/Regression/envs/bin/python, Conda, 3.11.4) for '~/Documents/CodingProjects/Regression/boston.ipynb' (disableUI=true)
21:15:17.507 [warn] Failed to get activated env vars for /usr/bin/python3 in 658ms
21:15:17.523 [info] Process Execution: /usr/bin/python3 -c "import site;print("USER_BASE_VALUE");print(site.USER_BASE);print("USER_BASE_VALUE");"
21:15:17.554 [info] Process Execution: /usr/bin/python3 -m pip list
21:15:20.971 [info] Process Execution: ~/Documents/CodingProjects/Regression/envs/bin/python -c "import ipykernel; print(ipykernel.__version__); print("5dc3a68c-e34e-4080-9c3e-2a532b2ccb4d"); print(ipykernel.__file__)"
21:15:20.979 [info] Process Execution: ~/Documents/CodingProjects/Regression/envs/bin/python -m ipykernel_launcher --ip=127.0.0.1 --stdin=9003 --control=9001 --hb=9000 --Session.signature_scheme="hmac-sha256" --Session.key=b"bf864d75-b46f-4119-b532-0fa5e01f0685" --shell=9002 --transport="tcp" --iopub=9004 --f=~/.local/share/jupyter/runtime/kernel-v2-9230BRFcWuHwyGZj.json
    > cwd: ~/Documents/CodingProjects/Regression
21:15:21.053 [info] Process Execution: ~/Documents/CodingProjects/Regression/envs/bin/python -m pip list
21:15:21.402 [info] End refreshing Kernel Picker (1692728116380)
21:15:25.570 [info] ipykernel version & path 6.25.0, ~/Documents/CodingProjects/Regression/envs/lib/python3.11/site-packages/ipykernel/__init__.py for ~/Documents/CodingProjects/Regression/envs/bin/python
21:15:34.945 [warn] StdErr from Kernel Process 0.07s - Debugger warning: It seems that frozen modules are being used, which may
0.00s - make the debugger miss breakpoints. Please pass -Xfrozen_modules=off
0.00s - to python to disable frozen modules.
0.00s - Note: Debugging will proceed. Set PYDEVD_DISABLE_FILE_VALIDATION=1 to disable this validation.
21:15:36.170 [info] Started Kernel envs (Python 3.11.4) (pid: 9466)
21:15:36.170 [info] Started new session 13545bd8-f704-41c8-8c4f-a3b999ebe4d1
21:15:36.212 [info] Process Execution: ~/Documents/CodingProjects/Regression/envs/bin/python ~/.vscode/extensions/ms-toolsai.jupyter-2023.7.1002162226-linux-x64/pythonFiles/printJupyterDataDir.py
02:15:54.410 [info] Disposing HostJupyterExecution
02:15:54.410 [info] Shutting down notebooks for d5896aae-a1cb-4b0f-a995-b7b82935f498
02:15:54.411 [info] Dispose Kernel '~/Documents/CodingProjects/Regression/boston.ipynb' associated with '~/Documents/CodingProjects/Regression/boston.ipynb'
02:15:54.412 [info] Dispose Kernel process 9466.
02:15:54.427 [info] Disposing HostJupyterExecution
