2023-08-24 17:10:36.241 [info] Extension host with pid 5014 started
2023-08-24 17:10:36.241 [info] Skipping acquiring lock for /home/blackbird/.config/Code/User/workspaceStorage/24f37ecbc71eddfa8926baf237eb276c.
2023-08-24 17:10:36.355 [info] ExtensionService#_doActivateExtension vscode.ipynb, startup: false, activationEvent: 'onNotebookSerializer:jupyter-notebook'
2023-08-24 17:10:36.412 [info] ExtensionService#_doActivateExtension vscode.git-base, startup: true, activationEvent: '*', root cause: vscode.git
2023-08-24 17:10:36.467 [info] ExtensionService#_doActivateExtension vscode.git, startup: true, activationEvent: '*'
2023-08-24 17:10:36.646 [info] ExtensionService#_doActivateExtension vscode.github, startup: true, activationEvent: '*'
2023-08-24 17:10:36.770 [info] ExtensionService#_doActivateExtension ms-toolsai.jupyter, startup: false, activationEvent: 'onNotebook:jupyter-notebook'
2023-08-24 17:10:37.787 [info] ExtensionService#_doActivateExtension ms-toolsai.jupyter-renderers, startup: false, activationEvent: 'onNotebook:*'
2023-08-24 17:10:39.443 [info] Eager extensions activated
2023-08-24 17:10:39.444 [info] ExtensionService#_doActivateExtension ms-python.python, startup: false, activationEvent: 'onLanguage:python'
2023-08-24 17:10:39.646 [info] ExtensionService#_doActivateExtension vscode.emmet, startup: false, activationEvent: 'onLanguage'
2023-08-24 17:10:39.763 [info] ExtensionService#_doActivateExtension vscode.debug-auto-launch, startup: false, activationEvent: 'onStartupFinished'
2023-08-24 17:10:39.799 [info] ExtensionService#_doActivateExtension vscode.merge-conflict, startup: false, activationEvent: 'onStartupFinished'
2023-08-24 17:10:39.842 [info] ExtensionService#_doActivateExtension ms-vscode-remote.remote-containers, startup: false, activationEvent: 'onStartupFinished'
2023-08-24 17:10:40.078 [info] ExtensionService#_doActivateExtension ms-vscode-remote.remote-wsl, startup: false, activationEvent: 'onStartupFinished'
2023-08-24 17:10:40.135 [info] ExtensionService#_doActivateExtension vscode.github-authentication, startup: false, activationEvent: 'onAuthenticationRequest:github'
2023-08-24 17:10:40.411 [info] ExtensionService#_doActivateExtension ms-python.vscode-pylance, startup: false, activationEvent: 'onLanguage:python'
2023-08-24 17:10:40.922 [info] ExtensionService#_doActivateExtension vscode.microsoft-authentication, startup: false, activationEvent: 'onAuthenticationRequest:microsoft'
2023-08-24 17:10:42.875 [info] Extension host terminating: renderer closed the MessagePort
2023-08-24 17:10:42.898 [error] Canceled: Canceled
	at e.throwIfCanceled (/home/blackbird/.vscode/extensions/ms-toolsai.jupyter-2023.7.1002162226-linux-x64/out/extension.node.js:2:1745170)
	at Ky.launchProcess (/home/blackbird/.vscode/extensions/ms-toolsai.jupyter-2023.7.1002162226-linux-x64/out/extension.node.js:24:101971)
	at async /home/blackbird/.vscode/extensions/ms-toolsai.jupyter-2023.7.1002162226-linux-x64/out/extension.node.js:24:100416
2023-08-24 17:10:43.036 [info] Extension host with pid 5014 exiting with code 0
