2023-08-24 23:44:40.619 [info] Log level: Info
2023-08-24 23:44:40.619 [info] Validating found git in: "git"
2023-08-24 23:44:40.619 [info] Using git "2.35.3" from "git"
2023-08-24 23:44:40.619 [info] > git rev-parse --show-toplevel [152ms]
2023-08-24 23:44:40.619 [info] fatal: not a git repository (or any parent up to mount point /)
Stopping at filesystem boundary (GIT_DISCOVERY_ACROSS_FILESYSTEM not set).
2023-08-24 23:44:40.620 [info] > git rev-parse --show-toplevel [4ms]
2023-08-24 23:44:40.620 [info] fatal: not a git repository (or any parent up to mount point /)
Stopping at filesystem boundary (GIT_DISCOVERY_ACROSS_FILESYSTEM not set).
2023-08-24 23:44:40.632 [info] > git rev-parse --show-toplevel [2ms]
2023-08-24 23:44:40.632 [info] fatal: not a git repository (or any parent up to mount point /)
Stopping at filesystem boundary (GIT_DISCOVERY_ACROSS_FILESYSTEM not set).
2023-08-24 23:44:41.344 [info] > git rev-parse --show-toplevel [23ms]
2023-08-24 23:44:41.344 [info] fatal: not a git repository (or any parent up to mount point /)
Stopping at filesystem boundary (GIT_DISCOVERY_ACROSS_FILESYSTEM not set).
2023-08-24 23:44:41.434 [info] > git rev-parse --show-toplevel [63ms]
2023-08-24 23:44:41.434 [info] fatal: not a git repository (or any parent up to mount point /)
Stopping at filesystem boundary (GIT_DISCOVERY_ACROSS_FILESYSTEM not set).
2023-08-24 23:44:41.896 [info] > git rev-parse --show-toplevel [1ms]
2023-08-24 23:44:41.896 [info] fatal: not a git repository (or any parent up to mount point /)
Stopping at filesystem boundary (GIT_DISCOVERY_ACROSS_FILESYSTEM not set).
2023-08-24 23:44:43.349 [info] > git rev-parse --show-toplevel [31ms]
2023-08-24 23:44:43.349 [info] fatal: not a git repository (or any parent up to mount point /)
Stopping at filesystem boundary (GIT_DISCOVERY_ACROSS_FILESYSTEM not set).
2023-08-24 23:44:43.399 [info] > git rev-parse --show-toplevel [8ms]
2023-08-24 23:44:43.399 [info] fatal: not a git repository (or any parent up to mount point /)
Stopping at filesystem boundary (GIT_DISCOVERY_ACROSS_FILESYSTEM not set).
2023-08-24 23:44:43.434 [info] > git rev-parse --show-toplevel [23ms]
2023-08-24 23:44:43.434 [info] fatal: not a git repository (or any parent up to mount point /)
Stopping at filesystem boundary (GIT_DISCOVERY_ACROSS_FILESYSTEM not set).
