Visual Studio Code (1.81.1, undefined, desktop)
Jupyter Extension Version: 2023.7.1002162226.
Python Extension Version: 2023.14.0.
Platform: linux (x64).
Workspace folder ~/Documents/CodingProjects/Regression, Home = /home/blackbird
20:24:29.582 [info] User belongs to experiment group 'FastKernelPicker'
20:24:29.582 [info] User belongs to experiment group 'NewRemoteUriStorage'
20:24:29.582 [info] User belongs to experiment group 'PasswordManager'
20:24:29.582 [info] User belongs to experiment group 'NewJupyterSession'
20:24:30.232 [info] Start refreshing Kernel Picker (1693243470232)
20:24:30.237 [info] Using Pylance
20:24:30.271 [info] Start refreshing Interpreter Kernel Picker
20:24:34.188 [info] Starting Kernel startUsingPythonInterpreter, .jvsc74a57bd0163ae9de86cdc0f9ab2396f62f1ebf76e18b8456837acca1cebd3b1abfed9552.~/Documents/CodingProjects/Regression/envs/python.~/Documents/CodingProjects/Regression/envs/python.-m#ipykernel_launcher  (Python Path: ~/Documents/CodingProjects/Regression/envs/bin/python, Conda, 3.11.4) for '~/Documents/CodingProjects/Regression/boston.ipynb' (disableUI=true)
20:24:34.379 [warn] Failed to get activated env vars for /usr/bin/python3 in 3110ms
20:24:34.393 [info] Process Execution: /usr/bin/python3 -c "import site;print("USER_BASE_VALUE");print(site.USER_BASE);print("USER_BASE_VALUE");"
20:24:34.447 [info] Process Execution: /usr/bin/python3 -m pip list
20:24:37.690 [info] Process Execution: ~/Documents/CodingProjects/Regression/envs/bin/python -m pip list
20:24:37.698 [info] Process Execution: ~/Documents/CodingProjects/Regression/envs/bin/python -c "import ipykernel; print(ipykernel.__version__); print("5dc3a68c-e34e-4080-9c3e-2a532b2ccb4d"); print(ipykernel.__file__)"
20:24:37.706 [info] Process Execution: ~/Documents/CodingProjects/Regression/envs/bin/python -m ipykernel_launcher --ip=127.0.0.1 --stdin=9003 --control=9001 --hb=9000 --Session.signature_scheme="hmac-sha256" --Session.key=b"d2814a71-01bf-4ba6-96e3-455657f5334b" --shell=9002 --transport="tcp" --iopub=9004 --f=~/.local/share/jupyter/runtime/kernel-v2-25615KEFzETuUfa77.json
    > cwd: ~/Documents/CodingProjects/Regression
20:24:38.481 [info] End refreshing Kernel Picker (1693243470232)
20:24:41.384 [info] ipykernel version & path 6.25.0, ~/Documents/CodingProjects/Regression/envs/lib/python3.11/site-packages/ipykernel/__init__.py for ~/Documents/CodingProjects/Regression/envs/bin/python
20:24:46.582 [warn] StdErr from Kernel Process 0.02s - Debugger warning: It seems that frozen modules are being used, which may
0.00s - make the debugger miss breakpoints. Please pass -Xfrozen_modules=off
0.00s - to python to disable frozen modules.
0.00s - Note: Debugging will proceed. Set PYDEVD_DISABLE_FILE_VALIDATION=1 to disable this validation.
20:24:48.125 [info] Started Kernel envs (Python 3.11.4) (pid: 25913)
20:24:48.125 [info] Started new session 68a83971-0b68-4d74-8b01-6003e449bfe1
20:24:48.165 [info] Process Execution: ~/Documents/CodingProjects/Regression/envs/bin/python ~/.vscode/extensions/ms-toolsai.jupyter-2023.7.1002162226-linux-x64/pythonFiles/printJupyterDataDir.py
20:30:43.629 [info] Handle Execution of Cells 10 for ~/Documents/CodingProjects/Regression/boston.ipynb
20:30:43.641 [info] Kernel acknowledged execution of cell 10 @ 1693243843636
20:30:44.089 [info] End cell 10 execution @ 1693243844087, started @ 1693243843636, elapsed time = 0.451s
20:30:44.089 [warn] Cancel all remaining cells due to cancellation or failure in execution
20:30:51.021 [info] Handle Execution of Cells 0,1,2,3,4,5,6,7,8,9,10 for ~/Documents/CodingProjects/Regression/boston.ipynb
20:30:51.035 [info] Kernel acknowledged execution of cell 0 @ 1693243851032
20:31:02.196 [info] End cell 0 execution @ 1693243862190, started @ 1693243851032, elapsed time = 11.158s
20:31:02.211 [info] Kernel acknowledged execution of cell 1 @ 1693243862200
20:31:02.383 [info] End cell 1 execution @ 1693243862379, started @ 1693243862200, elapsed time = 0.179s
20:31:02.389 [info] Kernel acknowledged execution of cell 2 @ 1693243862385
20:31:02.446 [info] End cell 2 execution @ 1693243862443, started @ 1693243862385, elapsed time = 0.058s
20:31:02.450 [info] Kernel acknowledged execution of cell 3 @ 1693243862447
20:31:02.809 [info] End cell 3 execution @ 1693243862806, started @ 1693243862447, elapsed time = 0.359s
20:31:02.813 [info] Kernel acknowledged execution of cell 4 @ 1693243862811
20:31:04.096 [info] End cell 4 execution @ 1693243864093, started @ 1693243862811, elapsed time = 1.282s
20:31:04.101 [info] Kernel acknowledged execution of cell 5 @ 1693243864099
20:31:04.109 [info] End cell 5 execution @ 1693243864107, started @ 1693243864099, elapsed time = 0.008s
20:31:04.113 [info] Kernel acknowledged execution of cell 6 @ 1693243864111
20:31:04.320 [info] End cell 6 execution @ 1693243864314, started @ 1693243864111, elapsed time = 0.203s
20:31:04.332 [info] Kernel acknowledged execution of cell 7 @ 1693243864324
20:31:04.741 [info] End cell 7 execution @ 1693243864739, started @ 1693243864324, elapsed time = 0.415s
20:31:04.745 [info] Kernel acknowledged execution of cell 8 @ 1693243864743
20:31:05.115 [info] End cell 8 execution @ 1693243865108, started @ 1693243864743, elapsed time = 0.365s
20:31:05.128 [info] Kernel acknowledged execution of cell 9 @ 1693243865120
20:31:05.391 [info] End cell 9 execution @ 1693243865385, started @ 1693243865120, elapsed time = 0.265s
20:31:05.402 [info] Kernel acknowledged execution of cell 10 @ 1693243865395
20:31:06.378 [info] End cell 10 execution @ 1693243866376, started @ 1693243865395, elapsed time = 0.981s
20:34:25.770 [info] Handle Execution of Cells 10 for ~/Documents/CodingProjects/Regression/boston.ipynb
20:34:25.788 [info] Kernel acknowledged execution of cell 10 @ 1693244065775
20:34:26.129 [info] End cell 10 execution @ 1693244066126, started @ 1693244065775, elapsed time = 0.351s
20:35:00.470 [info] Loading webview. View is notset
20:35:00.471 [info] Loading web view...
20:35:00.474 [info] Webview panel created.
20:35:00.992 [info] Web view react rendered
21:32:36.653 [info] Disposing HostJupyterExecution
21:32:36.653 [info] Shutting down notebooks for 11074f4d-6bbf-4bea-989b-0b587964c2c7
21:32:36.653 [info] Dispose Kernel '~/Documents/CodingProjects/Regression/boston.ipynb' associated with '~/Documents/CodingProjects/Regression/boston.ipynb'
21:32:36.654 [info] Dispose Kernel process 25913.
21:32:36.661 [info] Disposing HostJupyterExecution
