2023-08-24 18:41:24.995 [info] Using settings sync service https://vscode-sync.trafficmanager.net/
2023-08-24 18:41:24.995 [info] Auto Sync is enabled.
2023-08-24 18:41:24.995 [info] Auto Sync: Suspended until auth token is available.
2023-08-24 18:41:25.489 [info] Deleting non existing profile from backup /home/blackbird/.config/Code/User/sync/extensions
2023-08-24 18:41:25.764 [info] Deleting non existing profile from backup /home/blackbird/.config/Code/User/sync/globalState
2023-08-24 18:41:26.168 [info] Deleting non existing profile from backup /home/blackbird/.config/Code/User/sync/keybindings
2023-08-24 18:41:26.675 [info] Auto Sync: Triggered by Interval
2023-08-24 18:41:26.675 [info] Sync started.
2023-08-24 18:41:27.709 [info] Deleting non existing profile from backup /home/blackbird/.config/Code/User/sync/profiles
2023-08-24 18:41:27.866 [info] Settings: No changes found during synchronizing settings.
2023-08-24 18:41:27.928 [info] Deleting non existing profile from backup /home/blackbird/.config/Code/User/sync/settings
2023-08-24 18:41:28.023 [info] Keybindings: Last sync resource does not exist locally.
2023-08-24 18:41:28.085 [info] Deleting non existing profile from backup /home/blackbird/.config/Code/User/sync/snippets
2023-08-24 18:41:28.233 [info] Deleting non existing profile from backup /home/blackbird/.config/Code/User/sync/tasks
2023-08-24 18:41:28.767 [info] Keybindings: No changes found during synchronizing keybindings.
2023-08-24 18:41:28.858 [info] Snippets: Last sync resource does not exist locally.
2023-08-24 18:41:29.364 [info] Snippets: No changes found during synchronizing snippets.
2023-08-24 18:41:29.366 [info] Tasks: Last sync resource does not exist locally.
2023-08-24 18:41:29.847 [info] Tasks: No changes found during synchronizing tasks.
2023-08-24 18:41:29.848 [info] GlobalState: Last sync resource does not exist locally.
2023-08-24 18:41:30.772 [info] GlobalState: No changes found during synchronizing ui state.
2023-08-24 18:41:30.773 [info] Extensions: Last sync resource does not exist locally.
2023-08-24 18:41:31.419 [info] Extensions: No changes found during synchronizing extensions.
2023-08-24 18:41:31.420 [info] Profiles: Last sync resource does not exist locally.
2023-08-24 18:41:32.087 [info] Profiles: No changes found during synchronizing profiles.
2023-08-24 18:41:32.089 [info] Sync done. Took 5414ms
