Visual Studio Code (1.81.1, undefined, desktop)
Jupyter Extension Version: 2023.7.1002162226.
Python Extension Version: 2023.14.0.
Platform: linux (x64).
Workspace folder ~/Documents/CodingProjects/Regression, Home = /home/blackbird
17:10:38.867 [info] User belongs to experiment group 'FastKernelPicker'
17:10:38.868 [info] User belongs to experiment group 'NewRemoteUriStorage'
17:10:38.868 [info] User belongs to experiment group 'PasswordManager'
17:10:38.868 [info] User belongs to experiment group 'NewJupyterSession'
17:10:39.371 [info] Start refreshing Kernel Picker (1692886239371)
17:10:39.376 [info] Using Pylance
17:10:41.637 [info] Starting Kernel startUsingPythonInterpreter, .jvsc74a57bd0163ae9de86cdc0f9ab2396f62f1ebf76e18b8456837acca1cebd3b1abfed9552.~/Documents/CodingProjects/Regression/envs/python.~/Documents/CodingProjects/Regression/envs/python.-m#ipykernel_launcher  (Python Path: ~/Documents/CodingProjects/Regression/envs/bin/python, Conda, 3.11.4) for '~/Documents/CodingProjects/Regression/boston.ipynb' (disableUI=true)
17:10:41.771 [warn] Failed to get activated env vars for /usr/bin/python3 in 1369ms
17:10:41.780 [info] End refreshing Kernel Picker (1692886239371)
17:10:41.788 [info] Process Execution: /usr/bin/python3 -c "import site;print("USER_BASE_VALUE");print(site.USER_BASE);print("USER_BASE_VALUE");"
17:10:41.825 [info] Process Execution: /usr/bin/python3 -m pip list
17:10:42.889 [info] Disposing HostJupyterExecution
17:10:42.889 [info] Shutting down notebooks for cd7d70e5-7d6d-472b-8887-f7bf2919a82e
17:10:42.889 [info] Dispose Kernel '~/Documents/CodingProjects/Regression/boston.ipynb' associated with '~/Documents/CodingProjects/Regression/boston.ipynb'
17:10:42.889 [info] Disposing HostJupyterExecution
17:10:42.897 [info] Dispose Kernel '~/Documents/CodingProjects/Regression/boston.ipynb' associated with '~/Documents/CodingProjects/Regression/boston.ipynb'
17:10:42.897 [info] Dispose Kernel process undefined.
17:10:42.897 [error] Kernel Launcher. launch, Class name = Ky, completed in 1258ms, has a falsy return value, Arg 1: "~/Documents/CodingProjects/Regression/envs/python.~/Documents/CodingProjects/Regression/envs/python.-m#ipykernel_launcher", Arg 2: 60000, Arg 3: "~/Documents/CodingProjects/Regression/boston.ipynb", Arg 4: "~/Documents/CodingProjects/Regression", Arg 5: "" [Canceled: Canceled
	at e.throwIfCanceled (~/.vscode/extensions/ms-toolsai.jupyter-2023.7.1002162226-linux-x64/out/extension.node.js:2:1745170)
	at Ky.launchProcess (~/.vscode/extensions/ms-toolsai.jupyter-2023.7.1002162226-linux-x64/out/extension.node.js:24:101971)
	at async ~/.vscode/extensions/ms-toolsai.jupyter-2023.7.1002162226-linux-x64/out/extension.node.js:24:100416]
17:10:42.906 [warn] Failed to delete connection file file://~/.local/share/jupyter/runtime/kernel-v2-5014V150nKhZucm7.json for pid undefined [Canceled (FileSystemError): Canceled
	at ii.e (/usr/share/code/resources/app/out/vs/workbench/api/node/extensionHostProcess.js:104:27046)
	at Object.stat (/usr/share/code/resources/app/out/vs/workbench/api/node/extensionHostProcess.js:104:23749)
	at async Au.delete (~/.vscode/extensions/ms-toolsai.jupyter-2023.7.1002162226-linux-x64/out/extension.node.js:17:19371)
	at async ~/.vscode/extensions/ms-toolsai.jupyter-2023.7.1002162226-linux-x64/out/extension.node.js:24:93299] {
  code: 'Unknown'
}
