Visual Studio Code (1.81.1, undefined, desktop)
Jupyter Extension Version: 2023.7.1002162226.
Python Extension Version: 2023.14.0.
Platform: linux (x64).
Workspace folder ~/Documents/CodingProjects/Regression, Home = /home/blackbird
02:15:59.322 [info] User belongs to experiment group 'FastKernelPicker'
02:15:59.322 [info] User belongs to experiment group 'NewRemoteUriStorage'
02:15:59.323 [info] User belongs to experiment group 'PasswordManager'
02:15:59.323 [info] User belongs to experiment group 'NewJupyterSession'
02:15:59.970 [info] Start refreshing Kernel Picker (1692746159970)
02:15:59.974 [info] Using Pylance
02:16:00.009 [info] Start refreshing Interpreter Kernel Picker
02:16:01.400 [info] Starting Kernel startUsingPythonInterpreter, .jvsc74a57bd0163ae9de86cdc0f9ab2396f62f1ebf76e18b8456837acca1cebd3b1abfed9552.~/Documents/CodingProjects/Regression/envs/python.~/Documents/CodingProjects/Regression/envs/python.-m#ipykernel_launcher  (Python Path: ~/Documents/CodingProjects/Regression/envs/bin/python, Conda, 3.11.4) for '~/Documents/CodingProjects/Regression/boston.ipynb' (disableUI=true)
02:16:01.724 [warn] Failed to get activated env vars for /usr/bin/python3 in 833ms
02:16:01.742 [info] Process Execution: /usr/bin/python3 -c "import site;print("USER_BASE_VALUE");print(site.USER_BASE);print("USER_BASE_VALUE");"
02:16:01.768 [info] Process Execution: /usr/bin/python3 -m pip list
02:16:04.597 [info] Process Execution: ~/Documents/CodingProjects/Regression/envs/bin/python -m pip list
02:16:04.714 [info] Process Execution: ~/Documents/CodingProjects/Regression/envs/bin/python -c "import ipykernel; print(ipykernel.__version__); print("5dc3a68c-e34e-4080-9c3e-2a532b2ccb4d"); print(ipykernel.__file__)"
02:16:04.722 [info] Process Execution: ~/Documents/CodingProjects/Regression/envs/bin/python -m ipykernel_launcher --ip=127.0.0.1 --stdin=9003 --control=9001 --hb=9000 --Session.signature_scheme="hmac-sha256" --Session.key=b"9aaca3ee-1fce-4c63-b47e-882bdf94ad4b" --shell=9002 --transport="tcp" --iopub=9004 --f=~/.local/share/jupyter/runtime/kernel-v2-31480YT5Zp1puDEfJ.json
    > cwd: ~/Documents/CodingProjects/Regression
02:16:04.898 [info] ipykernel version & path 6.25.0, ~/Documents/CodingProjects/Regression/envs/lib/python3.11/site-packages/ipykernel/__init__.py for ~/Documents/CodingProjects/Regression/envs/bin/python
02:16:04.946 [info] End refreshing Kernel Picker (1692746159970)
02:16:05.168 [warn] StdErr from Kernel Process 0.00s - Debugger warning: It seems that frozen modules are being used, which may
0.00s - make the debugger miss breakpoints. Please pass -Xfrozen_modules=off
02:16:05.168 [warn] StdErr from Kernel Process 0.00s - to python to disable frozen modules.
0.00s - Note: Debugging will proceed. Set PYDEVD_DISABLE_FILE_VALIDATION=1 to disable this validation.
02:16:05.444 [info] Started Kernel envs (Python 3.11.4) (pid: 31703)
02:16:05.444 [info] Started new session f15b847d-bea8-43f7-aba8-ba38c4fce2aa
02:16:05.487 [info] Process Execution: ~/Documents/CodingProjects/Regression/envs/bin/python ~/.vscode/extensions/ms-toolsai.jupyter-2023.7.1002162226-linux-x64/pythonFiles/printJupyterDataDir.py
02:16:24.361 [info] Disposing HostJupyterExecution
02:16:24.361 [info] Shutting down notebooks for f36f7230-9144-47fc-bcd6-773de99113dc
02:16:24.361 [info] Dispose Kernel '~/Documents/CodingProjects/Regression/boston.ipynb' associated with '~/Documents/CodingProjects/Regression/boston.ipynb'
02:16:24.363 [info] Dispose Kernel process 31703.
02:16:24.374 [info] Disposing HostJupyterExecution
