Visual Studio Code (1.81.1, undefined, desktop)
Jupyter Extension Version: 2023.7.1002162226.
Python Extension Version: 2023.14.0.
Platform: linux (x64).
Workspace folder ~/Documents/CodingProjects/Regression, Home = /home/blackbird
17:28:21.913 [info] User belongs to experiment group 'FastKernelPicker'
17:28:21.913 [info] User belongs to experiment group 'NewRemoteUriStorage'
17:28:21.914 [info] User belongs to experiment group 'PasswordManager'
17:28:21.914 [info] User belongs to experiment group 'NewJupyterSession'
17:28:22.532 [info] Start refreshing Kernel Picker (1692800902532)
17:28:22.536 [info] Using Pylance
17:28:22.618 [info] Start refreshing Interpreter Kernel Picker
17:28:24.968 [info] Starting Kernel startUsingPythonInterpreter, .jvsc74a57bd0163ae9de86cdc0f9ab2396f62f1ebf76e18b8456837acca1cebd3b1abfed9552.~/Documents/CodingProjects/Regression/envs/python.~/Documents/CodingProjects/Regression/envs/python.-m#ipykernel_launcher  (Python Path: ~/Documents/CodingProjects/Regression/envs/bin/python, Conda, 3.11.4) for '~/Documents/CodingProjects/Regression/boston.ipynb' (disableUI=true)
17:28:25.118 [warn] Failed to get activated env vars for /usr/bin/python3 in 1765ms
17:28:25.139 [info] Process Execution: /usr/bin/python3 -c "import site;print("USER_BASE_VALUE");print(site.USER_BASE);print("USER_BASE_VALUE");"
17:28:25.190 [info] Process Execution: /usr/bin/python3 -m pip list
17:28:29.353 [info] Process Execution: ~/Documents/CodingProjects/Regression/envs/bin/python -c "import ipykernel; print(ipykernel.__version__); print("5dc3a68c-e34e-4080-9c3e-2a532b2ccb4d"); print(ipykernel.__file__)"
17:28:29.361 [info] Process Execution: ~/Documents/CodingProjects/Regression/envs/bin/python -m ipykernel_launcher --ip=127.0.0.1 --stdin=9003 --control=9001 --hb=9000 --Session.signature_scheme="hmac-sha256" --Session.key=b"5b68f00a-c5da-455a-ab3c-7f03c1a8b4b3" --shell=9002 --transport="tcp" --iopub=9004 --f=~/.local/share/jupyter/runtime/kernel-v2-24710NYu6TVWpeIkI.json
    > cwd: ~/Documents/CodingProjects/Regression
17:28:29.395 [info] Process Execution: ~/Documents/CodingProjects/Regression/envs/bin/python -m pip list
17:28:29.768 [info] End refreshing Kernel Picker (1692800902532)
17:28:33.491 [info] ipykernel version & path 6.25.0, ~/Documents/CodingProjects/Regression/envs/lib/python3.11/site-packages/ipykernel/__init__.py for ~/Documents/CodingProjects/Regression/envs/bin/python
17:28:40.980 [warn] StdErr from Kernel Process 0.02s - Debugger warning: It seems that frozen modules are being used, which may
0.00s - make the debugger miss breakpoints. Please pass -Xfrozen_modules=off
0.00s - to python to disable frozen modules.
0.00s - Note: Debugging will proceed. Set PYDEVD_DISABLE_FILE_VALIDATION=1 to disable this validation.
17:28:41.613 [warn] StdErr from Kernel Process ~/Documents/CodingProjects/Regression/envs/lib/python3.11/site-packages/traitlets/traitlets.py:2544: FutureWarning: Supporting extra quotes around strings is deprecated in traitlets 5.0. You can use 'hmac-sha256' instead of '"hmac-sha256"' if you require traitlets >=5.
  warn(
17:28:41.613 [warn] StdErr from Kernel Process ~/Documents/CodingProjects/Regression/envs/lib/python3.11/site-packages/traitlets/traitlets.py:2495: FutureWarning: Supporting extra quotes around Bytes is deprecated in traitlets 5.0. Use '5b68f00a-c5da-455a-ab3c-7f03c1a8b4b3' instead of 'b"5b68f00a-c5da-455a-ab3c-7f03c1a8b4b3"'.
  warn(
17:28:42.071 [info] Started Kernel envs (Python 3.11.4) (pid: 24948)
17:28:42.071 [info] Started new session 53088d65-af8c-4c6c-8088-fe529ae474d8
17:28:42.132 [info] Process Execution: ~/Documents/CodingProjects/Regression/envs/bin/python ~/.vscode/extensions/ms-toolsai.jupyter-2023.7.1002162226-linux-x64/pythonFiles/printJupyterDataDir.py
17:30:07.977 [info] Handle Execution of Cells 0 for ~/Documents/CodingProjects/Regression/boston.ipynb
17:30:07.989 [info] Kernel acknowledged execution of cell 0 @ 1692801007984
17:30:14.401 [info] End cell 0 execution @ 1692801014399, started @ 1692801007984, elapsed time = 6.415s
17:30:14.401 [warn] Cancel all remaining cells due to cancellation or failure in execution
17:56:15.310 [info] Handle Execution of Cells 0 for ~/Documents/CodingProjects/Regression/boston.ipynb
17:56:15.317 [info] Kernel acknowledged execution of cell 0 @ 1692802575313
17:56:19.481 [info] End cell 0 execution @ 1692802579479, started @ 1692802575313, elapsed time = 4.166s
17:56:22.645 [info] Handle Execution of Cells 0,1,2,3,4,5 for ~/Documents/CodingProjects/Regression/boston.ipynb
17:56:22.657 [info] Kernel acknowledged execution of cell 0 @ 1692802582654
17:56:22.659 [info] End cell 0 execution @ 1692802582657, started @ 1692802582654, elapsed time = 0.003s
17:56:22.664 [info] Kernel acknowledged execution of cell 1 @ 1692802582661
17:56:22.953 [info] End cell 1 execution @ 1692802582951, started @ 1692802582661, elapsed time = 0.29s
17:56:22.957 [info] Kernel acknowledged execution of cell 2 @ 1692802582954
17:56:23.150 [info] End cell 2 execution @ 1692802583148, started @ 1692802582954, elapsed time = 0.194s
17:56:23.154 [info] Kernel acknowledged execution of cell 3 @ 1692802583151
17:56:23.406 [info] End cell 3 execution @ 1692802583404, started @ 1692802583151, elapsed time = 0.253s
17:56:23.410 [info] Kernel acknowledged execution of cell 4 @ 1692802583408
17:56:24.714 [info] End cell 4 execution @ 1692802584711, started @ 1692802583408, elapsed time = 1.303s
17:56:24.721 [info] Kernel acknowledged execution of cell 5 @ 1692802584716
17:56:24.724 [info] End cell 5 execution @ 1692802584721, started @ 1692802584716, elapsed time = 0.005s
18:20:50.080 [info] Handle Execution of Cells 6 for ~/Documents/CodingProjects/Regression/boston.ipynb
18:20:50.089 [info] Kernel acknowledged execution of cell 6 @ 1692804050083
18:20:50.091 [info] End cell 6 execution @ 1692804050089, started @ 1692804050083, elapsed time = 0.006s
18:21:46.022 [info] Handle Execution of Cells 0 for ~/Documents/CodingProjects/Regression/boston.ipynb
18:21:46.029 [info] Kernel acknowledged execution of cell 0 @ 1692804106025
18:21:46.031 [info] End cell 0 execution @ 1692804106029, started @ 1692804106025, elapsed time = 0.004s
18:28:12.718 [info] Handle Execution of Cells 7 for ~/Documents/CodingProjects/Regression/boston.ipynb
18:28:12.727 [info] Kernel acknowledged execution of cell 7 @ 1692804492720
18:28:12.938 [info] End cell 7 execution @ 1692804492936, started @ 1692804492720, elapsed time = 0.216s
18:28:30.527 [info] Handle Execution of Cells 7 for ~/Documents/CodingProjects/Regression/boston.ipynb
18:28:30.542 [info] Kernel acknowledged execution of cell 7 @ 1692804510533
18:28:30.550 [info] End cell 7 execution @ 1692804510547, started @ 1692804510533, elapsed time = 0.014s
18:30:00.005 [info] Handle Execution of Cells 8 for ~/Documents/CodingProjects/Regression/boston.ipynb
18:30:00.012 [info] Kernel acknowledged execution of cell 8 @ 1692804600008
18:30:00.016 [info] End cell 8 execution @ 1692804600013, started @ 1692804600008, elapsed time = 0.005s
18:31:19.713 [info] Handle Execution of Cells 0 for ~/Documents/CodingProjects/Regression/boston.ipynb
18:31:19.719 [info] Kernel acknowledged execution of cell 0 @ 1692804679716
18:31:19.721 [info] End cell 0 execution @ 1692804679719, started @ 1692804679716, elapsed time = 0.003s
18:31:22.292 [info] Handle Execution of Cells 0 for ~/Documents/CodingProjects/Regression/boston.ipynb
18:31:22.299 [info] Kernel acknowledged execution of cell 0 @ 1692804682295
18:31:22.302 [info] End cell 0 execution @ 1692804682299, started @ 1692804682295, elapsed time = 0.004s
18:36:57.435 [info] Handle Execution of Cells 9 for ~/Documents/CodingProjects/Regression/boston.ipynb
18:36:57.448 [info] Kernel acknowledged execution of cell 9 @ 1692805017439
18:36:57.521 [info] End cell 9 execution @ 1692805017520, started @ 1692805017439, elapsed time = 0.081s
18:36:57.521 [warn] Cancel all remaining cells due to cancellation or failure in execution
18:37:51.540 [info] Handle Execution of Cells 9 for ~/Documents/CodingProjects/Regression/boston.ipynb
18:37:51.547 [info] Kernel acknowledged execution of cell 9 @ 1692805071542
18:37:51.549 [info] End cell 9 execution @ 1692805071547, started @ 1692805071542, elapsed time = 0.005s
18:39:05.347 [info] Handle Execution of Cells 9 for ~/Documents/CodingProjects/Regression/boston.ipynb
18:39:05.358 [info] Kernel acknowledged execution of cell 9 @ 1692805145351
18:39:05.362 [info] End cell 9 execution @ 1692805145359, started @ 1692805145351, elapsed time = 0.008s
23:22:26.314 [info] Disposing HostJupyterExecution
23:22:26.314 [info] Shutting down notebooks for 17f855f7-a2db-407f-b306-98f22e95a0d8
23:22:26.314 [info] Dispose Kernel '~/Documents/CodingProjects/Regression/boston.ipynb' associated with '~/Documents/CodingProjects/Regression/boston.ipynb'
23:22:26.315 [info] Dispose Kernel process 24948.
23:22:26.322 [info] Disposing HostJupyterExecution
23:22:26.372 [warn] Failed to delete connection file file://~/.local/share/jupyter/runtime/kernel-v2-24710NYu6TVWpeIkI.json for pid 24948 [Canceled (FileSystemError): Canceled
	at ii.e (/usr/share/code/resources/app/out/vs/workbench/api/node/extensionHostProcess.js:104:27046)
	at Object.stat (/usr/share/code/resources/app/out/vs/workbench/api/node/extensionHostProcess.js:104:23749)
	at async Au.delete (~/.vscode/extensions/ms-toolsai.jupyter-2023.7.1002162226-linux-x64/out/extension.node.js:17:19371)
	at async ~/.vscode/extensions/ms-toolsai.jupyter-2023.7.1002162226-linux-x64/out/extension.node.js:24:93299] {
  code: 'Unknown'
}
