Visual Studio Code (1.81.1, undefined, desktop)
Jupyter Extension Version: 2023.7.1002162226.
Python Extension Version: 2023.14.0.
Platform: linux (x64).
Workspace folder ~/Documents/CodingProjects/Regression, Home = /home/blackbird
19:33:46.653 [info] User belongs to experiment group 'FastKernelPicker'
19:33:46.654 [info] User belongs to experiment group 'NewRemoteUriStorage'
19:33:46.654 [info] User belongs to experiment group 'PasswordManager'
19:33:46.654 [info] User belongs to experiment group 'NewJupyterSession'
19:33:47.236 [info] Start refreshing Kernel Picker (1693154027236)
19:33:47.240 [info] Using Pylance
19:33:47.268 [info] Start refreshing Interpreter Kernel Picker
19:33:49.997 [warn] Failed to get activated env vars for /usr/bin/python3 in 1691ms
19:33:50.010 [info] Process Execution: /usr/bin/python3 -c "import site;print("USER_BASE_VALUE");print(site.USER_BASE);print("USER_BASE_VALUE");"
19:33:50.053 [info] Process Execution: /usr/bin/python3 -m pip list
19:33:53.122 [info] Starting Kernel startUsingPythonInterpreter, .jvsc74a57bd0163ae9de86cdc0f9ab2396f62f1ebf76e18b8456837acca1cebd3b1abfed9552.~/Documents/CodingProjects/Regression/envs/python.~/Documents/CodingProjects/Regression/envs/python.-m#ipykernel_launcher  (Python Path: ~/Documents/CodingProjects/Regression/envs/bin/python, Conda, 3.11.4) for '~/Documents/CodingProjects/Regression/boston.ipynb' (disableUI=true)
19:33:54.199 [info] Process Execution: ~/Documents/CodingProjects/Regression/envs/bin/python -c "import ipykernel; print(ipykernel.__version__); print("5dc3a68c-e34e-4080-9c3e-2a532b2ccb4d"); print(ipykernel.__file__)"
19:33:54.206 [info] Process Execution: ~/Documents/CodingProjects/Regression/envs/bin/python -m ipykernel_launcher --ip=127.0.0.1 --stdin=9003 --control=9001 --hb=9000 --Session.signature_scheme="hmac-sha256" --Session.key=b"032ae759-affe-4538-9b9d-395b62acf15a" --shell=9002 --transport="tcp" --iopub=9004 --f=~/.local/share/jupyter/runtime/kernel-v2-21785I5MNjR84axES.json
    > cwd: ~/Documents/CodingProjects/Regression
19:33:54.248 [info] Process Execution: ~/Documents/CodingProjects/Regression/envs/bin/python -m pip list
19:33:54.589 [info] End refreshing Kernel Picker (1693154027236)
19:33:57.903 [info] ipykernel version & path 6.25.0, ~/Documents/CodingProjects/Regression/envs/lib/python3.11/site-packages/ipykernel/__init__.py for ~/Documents/CodingProjects/Regression/envs/bin/python
19:34:02.909 [warn] StdErr from Kernel Process 0.02s - Debugger warning: It seems that frozen modules are being used, which may
0.00s - make the debugger miss breakpoints. Please pass -Xfrozen_modules=off
0.00s - to python to disable frozen modules.
0.00s - Note: Debugging will proceed. Set PYDEVD_DISABLE_FILE_VALIDATION=1 to disable this validation.
19:34:04.056 [warn] StdErr from Kernel Process ~/Documents/CodingProjects/Regression/envs/lib/python3.11/site-packages/traitlets/traitlets.py:2544: FutureWarning: Supporting extra quotes around strings is deprecated in traitlets 5.0. You can use 'hmac-sha256' instead of '"hmac-sha256"' if you require traitlets >=5.
  warn(
19:34:04.057 [warn] StdErr from Kernel Process ~/Documents/CodingProjects/Regression/envs/lib/python3.11/site-packages/traitlets/traitlets.py:2495: FutureWarning: Supporting extra quotes around Bytes is deprecated in traitlets 5.0. Use '032ae759-affe-4538-9b9d-395b62acf15a' instead of 'b"032ae759-affe-4538-9b9d-395b62acf15a"'.
  warn(
19:34:04.608 [info] Started Kernel envs (Python 3.11.4) (pid: 22096)
19:34:04.608 [info] Started new session ce1b1632-0151-46bb-89d5-31d7c0895099
19:34:04.650 [info] Process Execution: ~/Documents/CodingProjects/Regression/envs/bin/python ~/.vscode/extensions/ms-toolsai.jupyter-2023.7.1002162226-linux-x64/pythonFiles/printJupyterDataDir.py
21:14:58.707 [info] Disposing HostJupyterExecution
21:14:58.707 [info] Shutting down notebooks for f46d2649-c95e-40c8-a2c0-35fd5b06eae0
21:14:58.707 [info] Dispose Kernel '~/Documents/CodingProjects/Regression/boston.ipynb' associated with '~/Documents/CodingProjects/Regression/boston.ipynb'
21:14:58.708 [info] Dispose Kernel process 22096.
21:14:58.715 [info] Disposing HostJupyterExecution
