2023-08-23 17:28:23.551 [info] [perf] Render performance baseline is 79ms
2023-08-23 17:30:14.456 [error] Failed to execute 'postMessage' on 'Worker': (E,D,M)=>{if(this.f&&this.u>this.f.threshold*3)return console.warn(`[${this.f.name}] REFUSES to accept new list...<omitted>...R} could not be cloned.: Error: Failed to execute 'postMessage' on 'Worker': (E,D,M)=>{if(this.f&&this.u>this.f.threshold*3)return console.warn(`[${this.f.name}] REFUSES to accept new list...<omitted>...R} could not be cloned.
    at vscode-file://vscode-app/usr/share/code/resources/app/out/vs/workbench/workbench.desktop.main.js:594:47235
2023-08-23 17:56:23.436 [error] Failed to execute 'postMessage' on 'Worker': (E,D,M)=>{if(this.f&&this.u>this.f.threshold*3)return console.warn(`[${this.f.name}] REFUSES to accept new list...<omitted>...R} could not be cloned.: Error: Failed to execute 'postMessage' on 'Worker': (E,D,M)=>{if(this.f&&this.u>this.f.threshold*3)return console.warn(`[${this.f.name}] REFUSES to accept new list...<omitted>...R} could not be cloned.
    at vscode-file://vscode-app/usr/share/code/resources/app/out/vs/workbench/workbench.desktop.main.js:594:47235
2023-08-23 17:56:24.742 [error] Failed to execute 'postMessage' on 'Worker': (E,D,M)=>{if(this.f&&this.u>this.f.threshold*3)return console.warn(`[${this.f.name}] REFUSES to accept new list...<omitted>...R} could not be cloned.: Error: Failed to execute 'postMessage' on 'Worker': (E,D,M)=>{if(this.f&&this.u>this.f.threshold*3)return console.warn(`[${this.f.name}] REFUSES to accept new list...<omitted>...R} could not be cloned.
    at vscode-file://vscode-app/usr/share/code/resources/app/out/vs/workbench/workbench.desktop.main.js:594:47235
2023-08-23 18:28:12.975 [error] Failed to execute 'postMessage' on 'Worker': (E,D,M)=>{if(this.f&&this.u>this.f.threshold*3)return console.warn(`[${this.f.name}] REFUSES to accept new list...<omitted>...R} could not be cloned.: Error: Failed to execute 'postMessage' on 'Worker': (E,D,M)=>{if(this.f&&this.u>this.f.threshold*3)return console.warn(`[${this.f.name}] REFUSES to accept new list...<omitted>...R} could not be cloned.
    at vscode-file://vscode-app/usr/share/code/resources/app/out/vs/workbench/workbench.desktop.main.js:594:47235
2023-08-23 18:28:30.587 [error] Failed to execute 'postMessage' on 'Worker': (E,D,M)=>{if(this.f&&this.u>this.f.threshold*3)return console.warn(`[${this.f.name}] REFUSES to accept new list...<omitted>...R} could not be cloned.: Error: Failed to execute 'postMessage' on 'Worker': (E,D,M)=>{if(this.f&&this.u>this.f.threshold*3)return console.warn(`[${this.f.name}] REFUSES to accept new list...<omitted>...R} could not be cloned.
    at vscode-file://vscode-app/usr/share/code/resources/app/out/vs/workbench/workbench.desktop.main.js:594:47235
2023-08-23 18:34:18.553 [error] Cannot read properties of undefined (reading 'data'): TypeError: Cannot read properties of undefined (reading 'data')
	at /home/blackbird/.vscode/extensions/ms-python.vscode-pylance-2023.8.30/dist/extension.bundle.js:1:131001
	at _0x5a417a (/home/blackbird/.vscode/extensions/ms-python.vscode-pylance-2023.8.30/dist/extension.bundle.js:1:142741)
	at async ce.provideCompletionItems (/usr/share/code/resources/app/out/vs/workbench/api/node/extensionHostProcess.js:104:50188)
2023-08-23 18:36:57.547 [error] Failed to execute 'postMessage' on 'Worker': (E,D,M)=>{if(this.f&&this.u>this.f.threshold*3)return console.warn(`[${this.f.name}] REFUSES to accept new list...<omitted>...R} could not be cloned.: Error: Failed to execute 'postMessage' on 'Worker': (E,D,M)=>{if(this.f&&this.u>this.f.threshold*3)return console.warn(`[${this.f.name}] REFUSES to accept new list...<omitted>...R} could not be cloned.
    at vscode-file://vscode-app/usr/share/code/resources/app/out/vs/workbench/workbench.desktop.main.js:594:47235
2023-08-23 18:37:51.599 [error] Failed to execute 'postMessage' on 'Worker': (E,D,M)=>{if(this.f&&this.u>this.f.threshold*3)return console.warn(`[${this.f.name}] REFUSES to accept new list...<omitted>...R} could not be cloned.: Error: Failed to execute 'postMessage' on 'Worker': (E,D,M)=>{if(this.f&&this.u>this.f.threshold*3)return console.warn(`[${this.f.name}] REFUSES to accept new list...<omitted>...R} could not be cloned.
    at vscode-file://vscode-app/usr/share/code/resources/app/out/vs/workbench/workbench.desktop.main.js:594:47235
2023-08-23 18:39:05.403 [error] Failed to execute 'postMessage' on 'Worker': (E,D,M)=>{if(this.f&&this.u>this.f.threshold*3)return console.warn(`[${this.f.name}] REFUSES to accept new list...<omitted>...R} could not be cloned.: Error: Failed to execute 'postMessage' on 'Worker': (E,D,M)=>{if(this.f&&this.u>this.f.threshold*3)return console.warn(`[${this.f.name}] REFUSES to accept new list...<omitted>...R} could not be cloned.
    at vscode-file://vscode-app/usr/share/code/resources/app/out/vs/workbench/workbench.desktop.main.js:594:47235
2023-08-23 18:40:02.385 [error] Cannot read properties of undefined (reading 'data'): TypeError: Cannot read properties of undefined (reading 'data')
	at /home/blackbird/.vscode/extensions/ms-python.vscode-pylance-2023.8.30/dist/extension.bundle.js:1:131001
	at _0x5a417a (/home/blackbird/.vscode/extensions/ms-python.vscode-pylance-2023.8.30/dist/extension.bundle.js:1:142741)
	at async ce.provideCompletionItems (/usr/share/code/resources/app/out/vs/workbench/api/node/extensionHostProcess.js:104:50188)
