2023-08-22 21:15:16.775 [info] Log level: Info
2023-08-22 21:15:16.775 [info] Validating found git in: "git"
2023-08-22 21:15:16.775 [info] Using git "2.35.3" from "git"
2023-08-22 21:15:16.775 [info] > git rev-parse --show-toplevel [93ms]
2023-08-22 21:15:16.775 [info] fatal: not a git repository (or any parent up to mount point /)
Stopping at filesystem boundary (GIT_DISCOVERY_ACROSS_FILESYSTEM not set).
2023-08-22 21:15:16.775 [info] > git rev-parse --show-toplevel [218ms]
2023-08-22 21:15:16.775 [info] fatal: not a git repository (or any parent up to mount point /)
Stopping at filesystem boundary (GIT_DISCOVERY_ACROSS_FILESYSTEM not set).
2023-08-22 21:15:16.775 [info] > git rev-parse --show-toplevel [15ms]
2023-08-22 21:15:16.775 [info] fatal: not a git repository (or any parent up to mount point /)
Stopping at filesystem boundary (GIT_DISCOVERY_ACROSS_FILESYSTEM not set).
2023-08-22 21:15:16.837 [info] > git rev-parse --show-toplevel [52ms]
2023-08-22 21:15:16.837 [info] fatal: not a git repository (or any parent up to mount point /)
Stopping at filesystem boundary (GIT_DISCOVERY_ACROSS_FILESYSTEM not set).
2023-08-22 21:15:17.167 [info] > git rev-parse --show-toplevel [259ms]
2023-08-22 21:15:17.167 [info] fatal: not a git repository (or any parent up to mount point /)
Stopping at filesystem boundary (GIT_DISCOVERY_ACROSS_FILESYSTEM not set).
2023-08-22 21:15:17.258 [info] > git rev-parse --show-toplevel [29ms]
2023-08-22 21:15:17.258 [info] fatal: not a git repository (or any parent up to mount point /)
Stopping at filesystem boundary (GIT_DISCOVERY_ACROSS_FILESYSTEM not set).
2023-08-22 21:15:17.606 [info] > git rev-parse --show-toplevel [1ms]
2023-08-22 21:15:17.606 [info] fatal: not a git repository (or any parent up to mount point /)
Stopping at filesystem boundary (GIT_DISCOVERY_ACROSS_FILESYSTEM not set).
2023-08-22 21:15:17.827 [info] > git rev-parse --show-toplevel [2ms]
2023-08-22 21:15:17.827 [info] fatal: not a git repository (or any parent up to mount point /)
Stopping at filesystem boundary (GIT_DISCOVERY_ACROSS_FILESYSTEM not set).
2023-08-22 21:15:18.251 [info] > git rev-parse --show-toplevel [3ms]
2023-08-22 21:15:18.251 [info] fatal: not a git repository (or any parent up to mount point /)
Stopping at filesystem boundary (GIT_DISCOVERY_ACROSS_FILESYSTEM not set).
2023-08-22 21:25:38.284 [info] > git rev-parse --show-toplevel [2ms]
2023-08-22 21:25:38.284 [info] fatal: not a git repository (or any parent up to mount point /)
Stopping at filesystem boundary (GIT_DISCOVERY_ACROSS_FILESYSTEM not set).
