2023-08-25 19:33:36.376 [info] Using settings sync service https://vscode-sync.trafficmanager.net/
2023-08-25 19:33:36.376 [info] Auto Sync is enabled.
2023-08-25 19:33:36.376 [info] Auto Sync: Suspended until auth token is available.
2023-08-25 19:33:40.049 [info] Deleting non existing profile from backup /home/blackbird/.config/Code/User/sync/extensions
2023-08-25 19:33:40.723 [info] Deleting non existing profile from backup /home/blackbird/.config/Code/User/sync/globalState
2023-08-25 19:33:41.027 [info] Deleting non existing profile from backup /home/blackbird/.config/Code/User/sync/keybindings
2023-08-25 19:33:41.322 [info] Deleting non existing profile from backup /home/blackbird/.config/Code/User/sync/profiles
2023-08-25 19:33:41.448 [info] Deleting non existing profile from backup /home/blackbird/.config/Code/User/sync/settings
2023-08-25 19:33:41.450 [info] Deleting non existing profile from backup /home/blackbird/.config/Code/User/sync/snippets
2023-08-25 19:33:41.451 [info] Deleting non existing profile from backup /home/blackbird/.config/Code/User/sync/tasks
2023-08-25 19:33:45.924 [info] Auto Sync: Triggered by Interval
2023-08-25 19:33:45.924 [info] Sync started.
2023-08-25 19:33:47.808 [info] Settings: Last sync resource does not exist locally.
2023-08-25 19:33:48.889 [info] Settings: No changes found during synchronizing settings.
2023-08-25 19:33:48.914 [info] Keybindings: Last sync resource does not exist locally.
2023-08-25 19:33:49.297 [info] Keybindings: No changes found during synchronizing keybindings.
2023-08-25 19:33:49.299 [info] Snippets: Last sync resource does not exist locally.
2023-08-25 19:33:50.116 [info] Snippets: No changes found during synchronizing snippets.
2023-08-25 19:33:50.118 [info] Tasks: Last sync resource does not exist locally.
2023-08-25 19:33:51.231 [info] Tasks: No changes found during synchronizing tasks.
2023-08-25 19:33:51.294 [info] GlobalState: Last sync resource does not exist locally.
2023-08-25 19:33:53.207 [info] GlobalState: Updated remote ui state. Updated: cpp.1.sessionCount,cpp.1.lastSessionDate,java.2.sessionCount,java.2.lastSessionDate,javascript.1.sessionCount,javascript.1.lastSessionDate,typescript.1.sessionCount,typescript.1.lastSessionDate,csharp.1.lastSessionDate,csharp.1.sessionCount.
2023-08-25 19:33:53.542 [info] GlobalState: Updated last synchronized ui state
2023-08-25 19:33:53.667 [info] Extensions: Last sync resource does not exist locally.
2023-08-25 19:33:56.438 [info] Extensions: No changes found during synchronizing extensions.
2023-08-25 19:33:56.439 [info] Profiles: Last sync resource does not exist locally.
2023-08-25 19:33:56.887 [info] Profiles: No changes found during synchronizing profiles.
2023-08-25 19:33:56.922 [info] Sync done. Took 10979ms
2023-08-25 19:35:36.861 [info] Auto Sync: Triggered by Activity
2023-08-25 19:35:36.861 [info] Sync started.
2023-08-25 19:35:37.189 [info] Settings: No changes found during synchronizing settings.
2023-08-25 19:35:37.193 [info] Keybindings: No changes found during synchronizing keybindings.
2023-08-25 19:35:37.198 [info] Snippets: No changes found during synchronizing snippets.
2023-08-25 19:35:37.200 [info] Tasks: No changes found during synchronizing tasks.
2023-08-25 19:35:37.206 [info] GlobalState: No changes found during synchronizing ui state.
2023-08-25 19:35:37.331 [info] Extensions: No changes found during synchronizing extensions.
2023-08-25 19:35:37.333 [info] Profiles: No changes found during synchronizing profiles.
2023-08-25 19:35:37.335 [info] Sync done. Took 474ms
2023-08-25 19:36:30.688 [info] Auto Sync: Triggered by Activity
2023-08-25 19:36:30.689 [info] Sync started.
2023-08-25 19:36:30.844 [info] Settings: No changes found during synchronizing settings.
2023-08-25 19:36:30.852 [info] Keybindings: No changes found during synchronizing keybindings.
2023-08-25 19:36:30.856 [info] Snippets: No changes found during synchronizing snippets.
2023-08-25 19:36:30.860 [info] Tasks: No changes found during synchronizing tasks.
2023-08-25 19:36:30.863 [info] GlobalState: No changes found during synchronizing ui state.
2023-08-25 19:36:30.989 [info] Extensions: No changes found during synchronizing extensions.
2023-08-25 19:36:30.991 [info] Profiles: No changes found during synchronizing profiles.
2023-08-25 19:36:30.993 [info] Sync done. Took 305ms
2023-08-25 19:38:54.390 [info] Auto Sync: Triggered by Activity
2023-08-25 19:38:54.390 [info] Sync started.
2023-08-25 19:38:54.881 [info] Settings: No changes found during synchronizing settings.
2023-08-25 19:38:54.884 [info] Keybindings: No changes found during synchronizing keybindings.
2023-08-25 19:38:54.887 [info] Snippets: No changes found during synchronizing snippets.
2023-08-25 19:38:54.890 [info] Tasks: No changes found during synchronizing tasks.
2023-08-25 19:38:54.893 [info] GlobalState: No changes found during synchronizing ui state.
2023-08-25 19:38:55.013 [info] Extensions: No changes found during synchronizing extensions.
2023-08-25 19:38:55.014 [info] Profiles: No changes found during synchronizing profiles.
2023-08-25 19:38:55.016 [info] Sync done. Took 627ms
2023-08-25 19:43:09.913 [info] Auto Sync: Triggered by Activity
2023-08-25 19:43:09.914 [info] Sync started.
2023-08-25 19:43:11.287 [info] Settings: No changes found during synchronizing settings.
2023-08-25 19:43:11.293 [info] Keybindings: No changes found during synchronizing keybindings.
2023-08-25 19:43:11.297 [info] Snippets: No changes found during synchronizing snippets.
2023-08-25 19:43:11.300 [info] Tasks: No changes found during synchronizing tasks.
2023-08-25 19:43:11.303 [info] GlobalState: No changes found during synchronizing ui state.
2023-08-25 19:43:11.407 [info] Extensions: No changes found during synchronizing extensions.
2023-08-25 19:43:11.408 [info] Profiles: No changes found during synchronizing profiles.
2023-08-25 19:43:11.410 [info] Sync done. Took 1498ms
2023-08-25 19:43:37.656 [info] Auto Sync: Triggered by Activity
2023-08-25 19:43:37.657 [info] Sync started.
2023-08-25 19:43:37.819 [info] Settings: No changes found during synchronizing settings.
2023-08-25 19:43:37.826 [info] Keybindings: No changes found during synchronizing keybindings.
2023-08-25 19:43:37.833 [info] Snippets: No changes found during synchronizing snippets.
2023-08-25 19:43:37.837 [info] Tasks: No changes found during synchronizing tasks.
2023-08-25 19:43:37.841 [info] GlobalState: No changes found during synchronizing ui state.
2023-08-25 19:43:37.953 [info] Extensions: No changes found during synchronizing extensions.
2023-08-25 19:43:37.954 [info] Profiles: No changes found during synchronizing profiles.
2023-08-25 19:43:37.956 [info] Sync done. Took 300ms
2023-08-25 19:48:05.763 [info] Auto Sync: Triggered by Activity
2023-08-25 19:48:05.763 [info] Sync started.
2023-08-25 19:48:07.695 [info] Settings: No changes found during synchronizing settings.
2023-08-25 19:48:07.698 [info] Keybindings: No changes found during synchronizing keybindings.
2023-08-25 19:48:07.702 [info] Snippets: No changes found during synchronizing snippets.
2023-08-25 19:48:07.705 [info] Tasks: No changes found during synchronizing tasks.
2023-08-25 19:48:07.709 [info] GlobalState: No changes found during synchronizing ui state.
2023-08-25 19:48:07.813 [info] Extensions: No changes found during synchronizing extensions.
2023-08-25 19:48:07.814 [info] Profiles: No changes found during synchronizing profiles.
2023-08-25 19:48:07.816 [info] Sync done. Took 2055ms
2023-08-25 19:49:32.401 [info] Auto Sync: Triggered by Activity
2023-08-25 19:49:32.402 [info] Sync started.
2023-08-25 19:49:32.647 [info] Settings: No changes found during synchronizing settings.
2023-08-25 19:49:32.651 [info] Keybindings: No changes found during synchronizing keybindings.
2023-08-25 19:49:32.653 [info] Snippets: No changes found during synchronizing snippets.
2023-08-25 19:49:32.656 [info] Tasks: No changes found during synchronizing tasks.
2023-08-25 19:49:32.661 [info] GlobalState: No changes found during synchronizing ui state.
2023-08-25 19:49:32.772 [info] Extensions: No changes found during synchronizing extensions.
2023-08-25 19:49:32.774 [info] Profiles: No changes found during synchronizing profiles.
2023-08-25 19:49:32.776 [info] Sync done. Took 375ms
2023-08-25 19:49:44.851 [info] Auto Sync: Triggered by Activity
2023-08-25 19:49:44.851 [info] Sync started.
2023-08-25 19:49:45.253 [info] Settings: No changes found during synchronizing settings.
2023-08-25 19:49:45.262 [info] Keybindings: No changes found during synchronizing keybindings.
2023-08-25 19:49:45.269 [info] Snippets: No changes found during synchronizing snippets.
2023-08-25 19:49:45.272 [info] Tasks: No changes found during synchronizing tasks.
2023-08-25 19:49:45.277 [info] GlobalState: No changes found during synchronizing ui state.
2023-08-25 19:49:45.395 [info] Extensions: No changes found during synchronizing extensions.
2023-08-25 19:49:45.398 [info] Profiles: No changes found during synchronizing profiles.
2023-08-25 19:49:45.400 [info] Sync done. Took 550ms
2023-08-25 19:54:45.409 [info] Auto Sync: Triggered by Interval
2023-08-25 19:54:45.410 [info] Sync started.
2023-08-25 19:54:46.437 [info] Settings: No changes found during synchronizing settings.
2023-08-25 19:54:46.440 [info] Keybindings: No changes found during synchronizing keybindings.
2023-08-25 19:54:46.443 [info] Snippets: No changes found during synchronizing snippets.
2023-08-25 19:54:46.446 [info] Tasks: No changes found during synchronizing tasks.
2023-08-25 19:54:46.449 [info] GlobalState: No changes found during synchronizing ui state.
2023-08-25 19:54:46.556 [info] Extensions: No changes found during synchronizing extensions.
2023-08-25 19:54:46.557 [info] Profiles: No changes found during synchronizing profiles.
2023-08-25 19:54:46.559 [info] Sync done. Took 1151ms
2023-08-25 19:59:46.569 [info] Auto Sync: Triggered by Interval
2023-08-25 19:59:46.570 [info] Sync started.
2023-08-25 19:59:47.980 [info] Settings: No changes found during synchronizing settings.
2023-08-25 19:59:47.983 [info] Keybindings: No changes found during synchronizing keybindings.
2023-08-25 19:59:47.987 [info] Snippets: No changes found during synchronizing snippets.
2023-08-25 19:59:47.989 [info] Tasks: No changes found during synchronizing tasks.
2023-08-25 19:59:47.993 [info] GlobalState: No changes found during synchronizing ui state.
2023-08-25 19:59:48.083 [info] Extensions: No changes found during synchronizing extensions.
2023-08-25 19:59:48.089 [info] Profiles: No changes found during synchronizing profiles.
2023-08-25 19:59:48.091 [info] Sync done. Took 1523ms
2023-08-25 20:01:49.335 [info] Auto Sync: Triggered by Activity
2023-08-25 20:01:49.335 [info] Sync started.
2023-08-25 20:01:49.675 [info] Settings: No changes found during synchronizing settings.
2023-08-25 20:01:49.678 [info] Keybindings: No changes found during synchronizing keybindings.
2023-08-25 20:01:49.682 [info] Snippets: No changes found during synchronizing snippets.
2023-08-25 20:01:49.685 [info] Tasks: No changes found during synchronizing tasks.
2023-08-25 20:01:49.688 [info] GlobalState: No changes found during synchronizing ui state.
2023-08-25 20:01:49.784 [info] Extensions: No changes found during synchronizing extensions.
2023-08-25 20:01:49.785 [info] Profiles: No changes found during synchronizing profiles.
2023-08-25 20:01:49.787 [info] Sync done. Took 453ms
2023-08-25 20:06:49.790 [info] Auto Sync: Triggered by Interval
2023-08-25 20:06:49.790 [info] Sync started.
2023-08-25 20:06:50.569 [info] Settings: No changes found during synchronizing settings.
2023-08-25 20:06:50.572 [info] Keybindings: No changes found during synchronizing keybindings.
2023-08-25 20:06:50.576 [info] Snippets: No changes found during synchronizing snippets.
2023-08-25 20:06:50.579 [info] Tasks: No changes found during synchronizing tasks.
2023-08-25 20:06:50.582 [info] GlobalState: No changes found during synchronizing ui state.
2023-08-25 20:06:50.699 [info] Extensions: No changes found during synchronizing extensions.
2023-08-25 20:06:50.700 [info] Profiles: No changes found during synchronizing profiles.
2023-08-25 20:06:50.701 [info] Sync done. Took 912ms
2023-08-25 20:11:50.705 [info] Auto Sync: Triggered by Interval
2023-08-25 20:11:50.706 [info] Sync started.
2023-08-25 20:11:55.182 [info] Settings: No changes found during synchronizing settings.
2023-08-25 20:11:55.188 [info] Keybindings: No changes found during synchronizing keybindings.
2023-08-25 20:11:55.193 [info] Snippets: No changes found during synchronizing snippets.
2023-08-25 20:11:55.196 [info] Tasks: No changes found during synchronizing tasks.
2023-08-25 20:11:55.201 [info] GlobalState: No changes found during synchronizing ui state.
2023-08-25 20:11:55.297 [info] Extensions: No changes found during synchronizing extensions.
2023-08-25 20:11:55.298 [info] Profiles: No changes found during synchronizing profiles.
2023-08-25 20:11:55.300 [info] Sync done. Took 4595ms
2023-08-25 20:16:55.302 [info] Auto Sync: Triggered by Interval
2023-08-25 20:16:55.302 [info] Sync started.
2023-08-25 20:16:56.174 [info] Settings: No changes found during synchronizing settings.
2023-08-25 20:16:56.179 [info] Keybindings: No changes found during synchronizing keybindings.
2023-08-25 20:16:56.183 [info] Snippets: No changes found during synchronizing snippets.
2023-08-25 20:16:56.186 [info] Tasks: No changes found during synchronizing tasks.
2023-08-25 20:16:56.190 [info] GlobalState: No changes found during synchronizing ui state.
2023-08-25 20:16:56.279 [info] Extensions: No changes found during synchronizing extensions.
2023-08-25 20:16:56.284 [info] Profiles: No changes found during synchronizing profiles.
2023-08-25 20:16:56.286 [info] Sync done. Took 986ms
2023-08-25 20:21:56.295 [info] Auto Sync: Triggered by Interval
2023-08-25 20:21:56.295 [info] Sync started.
2023-08-25 20:21:57.480 [info] Settings: No changes found during synchronizing settings.
2023-08-25 20:21:57.483 [info] Keybindings: No changes found during synchronizing keybindings.
2023-08-25 20:21:57.486 [info] Snippets: No changes found during synchronizing snippets.
2023-08-25 20:21:57.489 [info] Tasks: No changes found during synchronizing tasks.
2023-08-25 20:21:57.492 [info] GlobalState: No changes found during synchronizing ui state.
2023-08-25 20:21:57.591 [info] Extensions: No changes found during synchronizing extensions.
2023-08-25 20:21:57.597 [info] Profiles: No changes found during synchronizing profiles.
2023-08-25 20:21:57.600 [info] Sync done. Took 1307ms
2023-08-25 20:26:57.608 [info] Auto Sync: Triggered by Interval
2023-08-25 20:26:57.608 [info] Sync started.
2023-08-25 20:26:58.429 [info] Settings: No changes found during synchronizing settings.
2023-08-25 20:26:58.432 [info] Keybindings: No changes found during synchronizing keybindings.
2023-08-25 20:26:58.435 [info] Snippets: No changes found during synchronizing snippets.
2023-08-25 20:26:58.439 [info] Tasks: No changes found during synchronizing tasks.
2023-08-25 20:26:58.442 [info] GlobalState: No changes found during synchronizing ui state.
2023-08-25 20:26:58.549 [info] Extensions: No changes found during synchronizing extensions.
2023-08-25 20:26:58.551 [info] Profiles: No changes found during synchronizing profiles.
2023-08-25 20:26:58.553 [info] Sync done. Took 946ms
2023-08-25 20:31:58.557 [info] Auto Sync: Triggered by Interval
2023-08-25 20:31:58.558 [info] Sync started.
2023-08-25 20:31:59.803 [info] Settings: No changes found during synchronizing settings.
2023-08-25 20:31:59.806 [info] Keybindings: No changes found during synchronizing keybindings.
2023-08-25 20:31:59.809 [info] Snippets: No changes found during synchronizing snippets.
2023-08-25 20:31:59.811 [info] Tasks: No changes found during synchronizing tasks.
2023-08-25 20:31:59.815 [info] GlobalState: No changes found during synchronizing ui state.
2023-08-25 20:31:59.912 [info] Extensions: No changes found during synchronizing extensions.
2023-08-25 20:31:59.914 [info] Profiles: No changes found during synchronizing profiles.
2023-08-25 20:31:59.915 [info] Sync done. Took 1359ms
2023-08-25 20:36:59.916 [info] Auto Sync: Triggered by Interval
2023-08-25 20:36:59.917 [info] Sync started.
2023-08-25 20:37:00.939 [info] Settings: No changes found during synchronizing settings.
2023-08-25 20:37:00.943 [info] Keybindings: No changes found during synchronizing keybindings.
2023-08-25 20:37:00.946 [info] Snippets: No changes found during synchronizing snippets.
2023-08-25 20:37:00.950 [info] Tasks: No changes found during synchronizing tasks.
2023-08-25 20:37:00.953 [info] GlobalState: No changes found during synchronizing ui state.
2023-08-25 20:37:01.046 [info] Extensions: No changes found during synchronizing extensions.
2023-08-25 20:37:01.047 [info] Profiles: No changes found during synchronizing profiles.
2023-08-25 20:37:01.049 [info] Sync done. Took 1134ms
2023-08-25 20:42:01.051 [info] Auto Sync: Triggered by Interval
2023-08-25 20:42:01.052 [info] Sync started.
2023-08-25 20:42:01.981 [info] Settings: No changes found during synchronizing settings.
2023-08-25 20:42:01.985 [info] Keybindings: No changes found during synchronizing keybindings.
2023-08-25 20:42:01.988 [info] Snippets: No changes found during synchronizing snippets.
2023-08-25 20:42:01.991 [info] Tasks: No changes found during synchronizing tasks.
2023-08-25 20:42:01.995 [info] GlobalState: No changes found during synchronizing ui state.
2023-08-25 20:42:02.100 [info] Extensions: No changes found during synchronizing extensions.
2023-08-25 20:42:02.102 [info] Profiles: No changes found during synchronizing profiles.
2023-08-25 20:42:02.103 [info] Sync done. Took 1053ms
2023-08-25 20:47:02.106 [info] Auto Sync: Triggered by Interval
2023-08-25 20:47:02.107 [info] Sync started.
2023-08-25 20:47:03.112 [info] Settings: No changes found during synchronizing settings.
2023-08-25 20:47:03.118 [info] Keybindings: No changes found during synchronizing keybindings.
2023-08-25 20:47:03.121 [info] Snippets: No changes found during synchronizing snippets.
2023-08-25 20:47:03.124 [info] Tasks: No changes found during synchronizing tasks.
2023-08-25 20:47:03.128 [info] GlobalState: No changes found during synchronizing ui state.
2023-08-25 20:47:03.224 [info] Extensions: No changes found during synchronizing extensions.
2023-08-25 20:47:03.226 [info] Profiles: No changes found during synchronizing profiles.
2023-08-25 20:47:03.228 [info] Sync done. Took 1122ms
2023-08-25 20:52:03.229 [info] Auto Sync: Triggered by Interval
2023-08-25 20:52:03.230 [info] Sync started.
2023-08-25 20:52:03.808 [info] Settings: No changes found during synchronizing settings.
2023-08-25 20:52:03.812 [info] Keybindings: No changes found during synchronizing keybindings.
2023-08-25 20:52:03.815 [info] Snippets: No changes found during synchronizing snippets.
2023-08-25 20:52:03.818 [info] Tasks: No changes found during synchronizing tasks.
2023-08-25 20:52:03.822 [info] GlobalState: No changes found during synchronizing ui state.
2023-08-25 20:52:03.923 [info] Extensions: No changes found during synchronizing extensions.
2023-08-25 20:52:03.924 [info] Profiles: No changes found during synchronizing profiles.
2023-08-25 20:52:03.926 [info] Sync done. Took 697ms
2023-08-25 20:57:03.930 [info] Auto Sync: Triggered by Interval
2023-08-25 20:57:03.931 [info] Sync started.
2023-08-25 20:57:04.946 [info] Settings: No changes found during synchronizing settings.
2023-08-25 20:57:04.950 [info] Keybindings: No changes found during synchronizing keybindings.
2023-08-25 20:57:04.953 [info] Snippets: No changes found during synchronizing snippets.
2023-08-25 20:57:04.956 [info] Tasks: No changes found during synchronizing tasks.
2023-08-25 20:57:04.960 [info] GlobalState: No changes found during synchronizing ui state.
2023-08-25 20:57:05.068 [info] Extensions: No changes found during synchronizing extensions.
2023-08-25 20:57:05.070 [info] Profiles: No changes found during synchronizing profiles.
2023-08-25 20:57:05.071 [info] Sync done. Took 1142ms
2023-08-25 20:57:23.241 [info] Auto Sync: Triggered by Activity
2023-08-25 20:57:23.242 [info] Sync started.
2023-08-25 20:57:23.403 [info] Settings: No changes found during synchronizing settings.
2023-08-25 20:57:23.410 [info] Keybindings: No changes found during synchronizing keybindings.
2023-08-25 20:57:23.418 [info] Snippets: No changes found during synchronizing snippets.
2023-08-25 20:57:23.423 [info] Tasks: No changes found during synchronizing tasks.
2023-08-25 20:57:23.431 [info] GlobalState: No changes found during synchronizing ui state.
2023-08-25 20:57:23.560 [info] Extensions: No changes found during synchronizing extensions.
2023-08-25 20:57:23.561 [info] Profiles: No changes found during synchronizing profiles.
2023-08-25 20:57:23.563 [info] Sync done. Took 323ms
2023-08-25 21:00:47.001 [info] Auto Sync: Triggered by Activity
2023-08-25 21:00:47.001 [info] Sync started.
2023-08-25 21:00:47.625 [info] Settings: No changes found during synchronizing settings.
2023-08-25 21:00:47.630 [info] Keybindings: No changes found during synchronizing keybindings.
2023-08-25 21:00:47.634 [info] Snippets: No changes found during synchronizing snippets.
2023-08-25 21:00:47.637 [info] Tasks: No changes found during synchronizing tasks.
2023-08-25 21:00:47.641 [info] GlobalState: No changes found during synchronizing ui state.
2023-08-25 21:00:47.754 [info] Extensions: No changes found during synchronizing extensions.
2023-08-25 21:00:47.756 [info] Profiles: No changes found during synchronizing profiles.
2023-08-25 21:00:47.758 [info] Sync done. Took 758ms
2023-08-25 21:05:47.766 [info] Auto Sync: Triggered by Interval
2023-08-25 21:05:47.767 [info] Sync started.
2023-08-25 21:05:48.450 [info] Settings: No changes found during synchronizing settings.
2023-08-25 21:05:48.453 [info] Keybindings: No changes found during synchronizing keybindings.
2023-08-25 21:05:48.456 [info] Snippets: No changes found during synchronizing snippets.
2023-08-25 21:05:48.458 [info] Tasks: No changes found during synchronizing tasks.
2023-08-25 21:05:48.461 [info] GlobalState: No changes found during synchronizing ui state.
2023-08-25 21:05:48.545 [info] Extensions: No changes found during synchronizing extensions.
2023-08-25 21:05:48.549 [info] Profiles: No changes found during synchronizing profiles.
2023-08-25 21:05:48.550 [info] Sync done. Took 786ms
2023-08-25 21:10:48.558 [info] Auto Sync: Triggered by Interval
2023-08-25 21:10:48.558 [info] Sync started.
2023-08-25 21:10:49.063 [info] Settings: No changes found during synchronizing settings.
2023-08-25 21:10:49.066 [info] Keybindings: No changes found during synchronizing keybindings.
2023-08-25 21:10:49.070 [info] Snippets: No changes found during synchronizing snippets.
2023-08-25 21:10:49.074 [info] Tasks: No changes found during synchronizing tasks.
2023-08-25 21:10:49.079 [info] GlobalState: No changes found during synchronizing ui state.
2023-08-25 21:10:49.178 [info] Extensions: No changes found during synchronizing extensions.
2023-08-25 21:10:49.179 [info] Profiles: No changes found during synchronizing profiles.
2023-08-25 21:10:49.180 [info] Sync done. Took 624ms
