2023-08-23 02:15:59.498 [info] Using settings sync service https://vscode-sync.trafficmanager.net/
2023-08-23 02:15:59.498 [info] Auto Sync is enabled.
2023-08-23 02:15:59.498 [info] Auto Sync: Suspended until auth token is available.
2023-08-23 02:16:00.504 [info] Deleting non existing profile from backup /home/blackbird/.config/Code/User/sync/extensions
2023-08-23 02:16:00.713 [info] Deleting non existing profile from backup /home/blackbird/.config/Code/User/sync/globalState
2023-08-23 02:16:00.859 [info] Deleting non existing profile from backup /home/blackbird/.config/Code/User/sync/keybindings
2023-08-23 02:16:00.971 [info] Deleting non existing profile from backup /home/blackbird/.config/Code/User/sync/profiles
2023-08-23 02:16:00.973 [info] Deleting non existing profile from backup /home/blackbird/.config/Code/User/sync/settings
2023-08-23 02:16:00.974 [info] Deleting non existing profile from backup /home/blackbird/.config/Code/User/sync/snippets
2023-08-23 02:16:00.975 [info] Deleting non existing profile from backup /home/blackbird/.config/Code/User/sync/tasks
2023-08-23 02:16:01.762 [info] Auto Sync: Triggered by Interval
2023-08-23 02:16:01.762 [info] Sync started.
2023-08-23 02:16:02.402 [info] Settings: Last sync resource does not exist locally.
2023-08-23 02:16:02.829 [info] Settings: No changes found during synchronizing settings.
2023-08-23 02:16:02.832 [info] Keybindings: Last sync resource does not exist locally.
2023-08-23 02:16:03.341 [info] Keybindings: No changes found during synchronizing keybindings.
2023-08-23 02:16:03.344 [info] Snippets: Last sync resource does not exist locally.
2023-08-23 02:16:04.387 [info] Snippets: No changes found during synchronizing snippets.
2023-08-23 02:16:04.389 [info] Tasks: Last sync resource does not exist locally.
2023-08-23 02:16:04.878 [info] Tasks: No changes found during synchronizing tasks.
2023-08-23 02:16:04.881 [info] GlobalState: Last sync resource does not exist locally.
2023-08-23 02:16:09.158 [info] GlobalState: Updated remote ui state. Updated: cpp.1.sessionCount,cpp.1.lastSessionDate,java.2.sessionCount,java.2.lastSessionDate,javascript.1.sessionCount,javascript.1.lastSessionDate,typescript.1.sessionCount,typescript.1.lastSessionDate,csharp.1.lastSessionDate,csharp.1.sessionCount.
2023-08-23 02:16:09.193 [info] GlobalState: Updated last synchronized ui state
2023-08-23 02:16:09.196 [info] Extensions: Last sync resource does not exist locally.
2023-08-23 02:16:09.614 [info] Extensions: No changes found during synchronizing extensions.
2023-08-23 02:16:09.619 [info] Profiles: Last sync resource does not exist locally.
2023-08-23 02:16:09.769 [info] Profiles: No changes found during synchronizing profiles.
2023-08-23 02:16:09.770 [info] Sync done. Took 8008ms
2023-08-23 02:16:13.841 [info] Auto Sync: Triggered by Activity
2023-08-23 02:16:13.841 [info] Sync started.
2023-08-23 02:16:13.978 [info] Settings: No changes found during synchronizing settings.
2023-08-23 02:16:13.986 [info] Keybindings: No changes found during synchronizing keybindings.
2023-08-23 02:16:13.991 [info] Snippets: No changes found during synchronizing snippets.
2023-08-23 02:16:13.995 [info] Tasks: No changes found during synchronizing tasks.
2023-08-23 02:16:14.002 [info] GlobalState: No changes found during synchronizing ui state.
2023-08-23 02:16:14.172 [info] Extensions: No changes found during synchronizing extensions.
2023-08-23 02:16:14.174 [info] Profiles: No changes found during synchronizing profiles.
2023-08-23 02:16:14.176 [info] Sync done. Took 335ms
