2023-08-21 20:58:51.841 [info] Log level: Info
2023-08-21 20:58:51.841 [info] Validating found git in: "git"
2023-08-21 20:58:51.841 [info] Using git "2.35.3" from "git"
2023-08-21 20:58:51.841 [info] > git rev-parse --show-toplevel [218ms]
2023-08-21 20:58:51.841 [info] fatal: not a git repository (or any parent up to mount point /)
Stopping at filesystem boundary (GIT_DISCOVERY_ACROSS_FILESYSTEM not set).
2023-08-21 20:58:51.841 [info] > git rev-parse --show-toplevel [8ms]
2023-08-21 20:58:51.841 [info] fatal: not a git repository (or any parent up to mount point /)
Stopping at filesystem boundary (GIT_DISCOVERY_ACROSS_FILESYSTEM not set).
2023-08-21 20:58:51.900 [info] > git rev-parse --show-toplevel [61ms]
2023-08-21 20:58:51.900 [info] fatal: not a git repository (or any parent up to mount point /)
Stopping at filesystem boundary (GIT_DISCOVERY_ACROSS_FILESYSTEM not set).
2023-08-21 20:58:51.964 [info] > git rev-parse --show-toplevel [18ms]
2023-08-21 20:58:51.964 [info] fatal: not a git repository (or any parent up to mount point /)
Stopping at filesystem boundary (GIT_DISCOVERY_ACROSS_FILESYSTEM not set).
2023-08-21 20:58:52.267 [info] > git rev-parse --show-toplevel [76ms]
2023-08-21 20:58:52.267 [info] fatal: not a git repository (or any parent up to mount point /)
Stopping at filesystem boundary (GIT_DISCOVERY_ACROSS_FILESYSTEM not set).
2023-08-21 20:58:52.292 [info] > git rev-parse --show-toplevel [5ms]
2023-08-21 20:58:52.292 [info] fatal: not a git repository (or any parent up to mount point /)
Stopping at filesystem boundary (GIT_DISCOVERY_ACROSS_FILESYSTEM not set).
2023-08-21 20:58:52.409 [info] > git rev-parse --show-toplevel [54ms]
2023-08-21 20:58:52.409 [info] fatal: not a git repository (or any parent up to mount point /)
Stopping at filesystem boundary (GIT_DISCOVERY_ACROSS_FILESYSTEM not set).
2023-08-21 20:58:52.934 [info] > git rev-parse --show-toplevel [10ms]
2023-08-21 20:58:52.934 [info] fatal: not a git repository (or any parent up to mount point /)
Stopping at filesystem boundary (GIT_DISCOVERY_ACROSS_FILESYSTEM not set).
2023-08-21 20:58:53.133 [info] > git rev-parse --show-toplevel [24ms]
2023-08-21 20:58:53.133 [info] fatal: not a git repository (or any parent up to mount point /)
Stopping at filesystem boundary (GIT_DISCOVERY_ACROSS_FILESYSTEM not set).
