2023-08-22 21:15:16.158 [info] Using settings sync service https://vscode-sync.trafficmanager.net/
2023-08-22 21:15:16.158 [info] Auto Sync is enabled.
2023-08-22 21:15:16.158 [info] Auto Sync: Suspended until auth token is available.
2023-08-22 21:15:17.028 [info] Deleting non existing profile from backup /home/blackbird/.config/Code/User/sync/keybindings
2023-08-22 21:15:17.477 [info] Deleting non existing profile from backup /home/blackbird/.config/Code/User/sync/settings
2023-08-22 21:15:17.575 [info] Deleting non existing profile from backup /home/blackbird/.config/Code/User/sync/snippets
2023-08-22 21:15:17.622 [info] Deleting non existing profile from backup /home/blackbird/.config/Code/User/sync/tasks
2023-08-22 21:15:17.864 [info] Auto Sync: Triggered by Interval
2023-08-22 21:15:17.864 [info] Sync started.
2023-08-22 21:15:20.456 [info] Settings: Last sync resource does not exist locally.
2023-08-22 21:15:20.835 [info] Settings: No changes found during synchronizing settings.
2023-08-22 21:15:20.837 [info] Keybindings: Last sync resource does not exist locally.
2023-08-22 21:15:21.178 [info] Keybindings: No changes found during synchronizing keybindings.
2023-08-22 21:15:21.180 [info] Snippets: Last sync resource does not exist locally.
2023-08-22 21:15:21.578 [info] Snippets: No changes found during synchronizing snippets.
2023-08-22 21:15:21.580 [info] Tasks: Last sync resource does not exist locally.
2023-08-22 21:15:22.178 [info] Tasks: No changes found during synchronizing tasks.
2023-08-22 21:15:22.179 [info] GlobalState: Last sync resource does not exist locally.
2023-08-22 21:15:25.743 [info] GlobalState: Updated remote ui state. Updated: cpp.1.sessionCount,cpp.1.lastSessionDate,java.2.sessionCount,java.2.lastSessionDate,javascript.1.sessionCount,javascript.1.lastSessionDate,typescript.1.sessionCount,typescript.1.lastSessionDate,csharp.1.lastSessionDate,csharp.1.sessionCount.
2023-08-22 21:15:25.841 [info] GlobalState: Updated last synchronized ui state
2023-08-22 21:15:25.845 [info] Extensions: Last sync resource does not exist locally.
2023-08-22 21:15:29.743 [info] Extensions: No changes found during synchronizing extensions.
2023-08-22 21:15:29.744 [info] Profiles: Last sync resource does not exist locally.
2023-08-22 21:15:30.192 [info] Profiles: No changes found during synchronizing profiles.
2023-08-22 21:15:30.217 [info] Sync done. Took 12332ms
2023-08-22 21:17:58.535 [info] Auto Sync: Triggered by Activity
2023-08-22 21:17:58.536 [info] Sync started.
2023-08-22 21:17:59.668 [info] Settings: No changes found during synchronizing settings.
2023-08-22 21:17:59.671 [info] Keybindings: No changes found during synchronizing keybindings.
2023-08-22 21:17:59.675 [info] Snippets: No changes found during synchronizing snippets.
2023-08-22 21:17:59.678 [info] Tasks: No changes found during synchronizing tasks.
2023-08-22 21:17:59.684 [info] GlobalState: No changes found during synchronizing ui state.
2023-08-22 21:17:59.800 [info] Extensions: No changes found during synchronizing extensions.
2023-08-22 21:17:59.802 [info] Profiles: No changes found during synchronizing profiles.
2023-08-22 21:17:59.804 [info] Sync done. Took 1269ms
2023-08-22 21:22:59.809 [info] Auto Sync: Triggered by Interval
2023-08-22 21:22:59.809 [info] Sync started.
2023-08-22 21:23:00.624 [info] Settings: No changes found during synchronizing settings.
2023-08-22 21:23:00.627 [info] Keybindings: No changes found during synchronizing keybindings.
2023-08-22 21:23:00.630 [info] Snippets: No changes found during synchronizing snippets.
2023-08-22 21:23:00.633 [info] Tasks: No changes found during synchronizing tasks.
2023-08-22 21:23:00.638 [info] GlobalState: No changes found during synchronizing ui state.
2023-08-22 21:23:00.737 [info] Extensions: No changes found during synchronizing extensions.
2023-08-22 21:23:00.739 [info] Profiles: No changes found during synchronizing profiles.
2023-08-22 21:23:00.742 [info] Sync done. Took 933ms
2023-08-22 21:23:51.654 [info] Auto Sync: Triggered by Activity
2023-08-22 21:23:51.654 [info] Sync started.
2023-08-22 21:23:51.884 [info] Settings: No changes found during synchronizing settings.
2023-08-22 21:23:51.890 [info] Keybindings: No changes found during synchronizing keybindings.
2023-08-22 21:23:51.894 [info] Snippets: No changes found during synchronizing snippets.
2023-08-22 21:23:51.897 [info] Tasks: No changes found during synchronizing tasks.
2023-08-22 21:23:51.901 [info] GlobalState: No changes found during synchronizing ui state.
2023-08-22 21:23:52.024 [info] Extensions: No changes found during synchronizing extensions.
2023-08-22 21:23:52.028 [info] Profiles: No changes found during synchronizing profiles.
2023-08-22 21:23:52.030 [info] Sync done. Took 376ms
2023-08-22 21:25:27.744 [info] Auto Sync: Triggered by Activity
2023-08-22 21:25:27.745 [info] Sync started.
2023-08-22 21:25:27.875 [info] Settings: No changes found during synchronizing settings.
2023-08-22 21:25:27.881 [info] Keybindings: No changes found during synchronizing keybindings.
2023-08-22 21:25:27.884 [info] Snippets: No changes found during synchronizing snippets.
2023-08-22 21:25:27.886 [info] Tasks: No changes found during synchronizing tasks.
2023-08-22 21:25:27.889 [info] GlobalState: No changes found during synchronizing ui state.
2023-08-22 21:25:27.990 [info] Extensions: No changes found during synchronizing extensions.
2023-08-22 21:25:27.992 [info] Profiles: No changes found during synchronizing profiles.
2023-08-22 21:25:27.994 [info] Sync done. Took 250ms
2023-08-22 21:25:40.261 [info] Auto Sync: Triggered by Activity
2023-08-22 21:25:40.261 [info] Sync started.
2023-08-22 21:25:40.641 [info] Settings: Updated remote settings
2023-08-22 21:25:40.686 [info] Settings: Updated last synchronized settings
2023-08-22 21:25:40.696 [info] Keybindings: No changes found during synchronizing keybindings.
2023-08-22 21:25:40.704 [info] Snippets: No changes found during synchronizing snippets.
2023-08-22 21:25:40.711 [info] Tasks: No changes found during synchronizing tasks.
2023-08-22 21:25:40.720 [info] GlobalState: No changes found during synchronizing ui state.
2023-08-22 21:25:40.849 [info] Extensions: No changes found during synchronizing extensions.
2023-08-22 21:25:40.851 [info] Profiles: No changes found during synchronizing profiles.
2023-08-22 21:25:40.852 [info] Sync done. Took 591ms
2023-08-22 21:30:40.854 [info] Auto Sync: Triggered by Interval
2023-08-22 21:30:40.855 [info] Sync started.
2023-08-22 21:30:42.323 [info] Settings: No changes found during synchronizing settings.
2023-08-22 21:30:42.328 [info] Keybindings: No changes found during synchronizing keybindings.
2023-08-22 21:30:42.332 [info] Snippets: No changes found during synchronizing snippets.
2023-08-22 21:30:42.336 [info] Tasks: No changes found during synchronizing tasks.
2023-08-22 21:30:42.340 [info] GlobalState: No changes found during synchronizing ui state.
2023-08-22 21:30:42.444 [info] Extensions: No changes found during synchronizing extensions.
2023-08-22 21:30:42.450 [info] Profiles: No changes found during synchronizing profiles.
2023-08-22 21:30:42.452 [info] Sync done. Took 1598ms
2023-08-22 21:31:00.114 [info] Auto Sync: Triggered by Activity
2023-08-22 21:31:00.114 [info] Sync started.
2023-08-22 21:31:00.283 [info] Settings: No changes found during synchronizing settings.
2023-08-22 21:31:00.287 [info] Keybindings: No changes found during synchronizing keybindings.
2023-08-22 21:31:00.294 [info] Snippets: No changes found during synchronizing snippets.
2023-08-22 21:31:00.298 [info] Tasks: No changes found during synchronizing tasks.
2023-08-22 21:31:00.302 [info] GlobalState: No changes found during synchronizing ui state.
2023-08-22 21:31:00.437 [info] Extensions: No changes found during synchronizing extensions.
2023-08-22 21:31:00.438 [info] Profiles: No changes found during synchronizing profiles.
2023-08-22 21:31:00.440 [info] Sync done. Took 326ms
2023-08-22 21:31:15.476 [info] Auto Sync: Triggered by Activity
2023-08-22 21:31:15.476 [info] Sync started.
2023-08-22 21:31:15.612 [info] Settings: No changes found during synchronizing settings.
2023-08-22 21:31:15.620 [info] Keybindings: No changes found during synchronizing keybindings.
2023-08-22 21:31:15.625 [info] Snippets: No changes found during synchronizing snippets.
2023-08-22 21:31:15.628 [info] Tasks: No changes found during synchronizing tasks.
2023-08-22 21:31:15.633 [info] GlobalState: No changes found during synchronizing ui state.
2023-08-22 21:31:15.761 [info] Extensions: No changes found during synchronizing extensions.
2023-08-22 21:31:15.762 [info] Profiles: No changes found during synchronizing profiles.
2023-08-22 21:31:15.764 [info] Sync done. Took 289ms
2023-08-22 21:33:20.943 [info] Auto Sync: Triggered by Activity
2023-08-22 21:33:20.944 [info] Sync started.
2023-08-22 21:33:21.084 [info] Settings: No changes found during synchronizing settings.
2023-08-22 21:33:21.091 [info] Keybindings: No changes found during synchronizing keybindings.
2023-08-22 21:33:21.095 [info] Snippets: No changes found during synchronizing snippets.
2023-08-22 21:33:21.099 [info] Tasks: No changes found during synchronizing tasks.
2023-08-22 21:33:21.105 [info] GlobalState: No changes found during synchronizing ui state.
2023-08-22 21:33:21.192 [info] Extensions: No changes found during synchronizing extensions.
2023-08-22 21:33:21.195 [info] Profiles: No changes found during synchronizing profiles.
2023-08-22 21:33:21.198 [info] Sync done. Took 255ms
2023-08-22 21:38:21.203 [info] Auto Sync: Triggered by Interval
2023-08-22 21:38:21.203 [info] Sync started.
2023-08-22 21:38:21.683 [info] Settings: No changes found during synchronizing settings.
2023-08-22 21:38:21.686 [info] Keybindings: No changes found during synchronizing keybindings.
2023-08-22 21:38:21.691 [info] Snippets: No changes found during synchronizing snippets.
2023-08-22 21:38:21.695 [info] Tasks: No changes found during synchronizing tasks.
2023-08-22 21:38:21.701 [info] GlobalState: No changes found during synchronizing ui state.
2023-08-22 21:38:21.808 [info] Extensions: No changes found during synchronizing extensions.
2023-08-22 21:38:21.815 [info] Profiles: No changes found during synchronizing profiles.
2023-08-22 21:38:21.818 [info] Sync done. Took 616ms
2023-08-22 21:43:21.821 [info] Auto Sync: Triggered by Interval
2023-08-22 21:43:21.822 [info] Sync started.
2023-08-22 21:43:26.170 [info] Settings: No changes found during synchronizing settings.
2023-08-22 21:43:26.174 [info] Keybindings: No changes found during synchronizing keybindings.
2023-08-22 21:43:26.179 [info] Snippets: No changes found during synchronizing snippets.
2023-08-22 21:43:26.182 [info] Tasks: No changes found during synchronizing tasks.
2023-08-22 21:43:26.188 [info] GlobalState: No changes found during synchronizing ui state.
2023-08-22 21:43:26.290 [info] Extensions: No changes found during synchronizing extensions.
2023-08-22 21:43:26.295 [info] Profiles: No changes found during synchronizing profiles.
2023-08-22 21:43:26.298 [info] Sync done. Took 4476ms
2023-08-22 21:48:26.306 [info] Auto Sync: Triggered by Interval
2023-08-22 21:48:26.306 [info] Sync started.
2023-08-22 21:48:27.699 [info] Settings: No changes found during synchronizing settings.
2023-08-22 21:48:27.707 [info] Keybindings: No changes found during synchronizing keybindings.
2023-08-22 21:48:27.710 [info] Snippets: No changes found during synchronizing snippets.
2023-08-22 21:48:27.718 [info] Tasks: No changes found during synchronizing tasks.
2023-08-22 21:48:27.722 [info] GlobalState: No changes found during synchronizing ui state.
2023-08-22 21:48:27.846 [info] Extensions: No changes found during synchronizing extensions.
2023-08-22 21:48:27.847 [info] Profiles: No changes found during synchronizing profiles.
2023-08-22 21:48:27.849 [info] Sync done. Took 1543ms
2023-08-22 21:53:27.850 [info] Auto Sync: Triggered by Interval
2023-08-22 21:53:27.850 [info] Sync started.
2023-08-22 21:53:28.364 [info] Settings: No changes found during synchronizing settings.
2023-08-22 21:53:28.368 [info] Keybindings: No changes found during synchronizing keybindings.
2023-08-22 21:53:28.371 [info] Snippets: No changes found during synchronizing snippets.
2023-08-22 21:53:28.374 [info] Tasks: No changes found during synchronizing tasks.
2023-08-22 21:53:28.379 [info] GlobalState: No changes found during synchronizing ui state.
2023-08-22 21:53:28.483 [info] Extensions: No changes found during synchronizing extensions.
2023-08-22 21:53:28.485 [info] Profiles: No changes found during synchronizing profiles.
2023-08-22 21:53:28.487 [info] Sync done. Took 637ms
2023-08-22 21:56:00.145 [info] Auto Sync: Triggered by Activity
2023-08-22 21:56:00.146 [info] Sync started.
2023-08-22 21:56:00.615 [info] Settings: No changes found during synchronizing settings.
2023-08-22 21:56:00.629 [info] Keybindings: No changes found during synchronizing keybindings.
2023-08-22 21:56:00.635 [info] Snippets: No changes found during synchronizing snippets.
2023-08-22 21:56:00.638 [info] Tasks: No changes found during synchronizing tasks.
2023-08-22 21:56:00.643 [info] GlobalState: No changes found during synchronizing ui state.
2023-08-22 21:56:00.749 [info] Extensions: No changes found during synchronizing extensions.
2023-08-22 21:56:00.751 [info] Profiles: No changes found during synchronizing profiles.
2023-08-22 21:56:00.752 [info] Sync done. Took 607ms
2023-08-22 22:01:00.755 [info] Auto Sync: Triggered by Interval
2023-08-22 22:01:00.755 [info] Sync started.
2023-08-22 22:01:02.003 [info] Settings: No changes found during synchronizing settings.
2023-08-22 22:01:02.008 [info] Keybindings: No changes found during synchronizing keybindings.
2023-08-22 22:01:02.013 [info] Snippets: No changes found during synchronizing snippets.
2023-08-22 22:01:02.017 [info] Tasks: No changes found during synchronizing tasks.
2023-08-22 22:01:02.025 [info] GlobalState: No changes found during synchronizing ui state.
2023-08-22 22:01:02.160 [info] Extensions: No changes found during synchronizing extensions.
2023-08-22 22:01:02.161 [info] Profiles: No changes found during synchronizing profiles.
2023-08-22 22:01:02.163 [info] Sync done. Took 1409ms
2023-08-22 22:06:02.166 [info] Auto Sync: Triggered by Interval
2023-08-22 22:06:02.167 [info] Sync started.
2023-08-22 22:06:03.377 [info] Settings: No changes found during synchronizing settings.
2023-08-22 22:06:03.381 [info] Keybindings: No changes found during synchronizing keybindings.
2023-08-22 22:06:03.385 [info] Snippets: No changes found during synchronizing snippets.
2023-08-22 22:06:03.389 [info] Tasks: No changes found during synchronizing tasks.
2023-08-22 22:06:03.396 [info] GlobalState: No changes found during synchronizing ui state.
2023-08-22 22:06:03.528 [info] Extensions: No changes found during synchronizing extensions.
2023-08-22 22:06:03.530 [info] Profiles: No changes found during synchronizing profiles.
2023-08-22 22:06:03.532 [info] Sync done. Took 1366ms
2023-08-22 22:11:03.537 [info] Auto Sync: Triggered by Interval
2023-08-22 22:11:03.538 [info] Sync started.
2023-08-22 22:11:05.811 [info] Settings: No changes found during synchronizing settings.
2023-08-22 22:11:05.814 [info] Keybindings: No changes found during synchronizing keybindings.
2023-08-22 22:11:05.819 [info] Snippets: No changes found during synchronizing snippets.
2023-08-22 22:11:05.823 [info] Tasks: No changes found during synchronizing tasks.
2023-08-22 22:11:05.827 [info] GlobalState: No changes found during synchronizing ui state.
2023-08-22 22:11:05.954 [info] Extensions: No changes found during synchronizing extensions.
2023-08-22 22:11:05.956 [info] Profiles: No changes found during synchronizing profiles.
2023-08-22 22:11:05.958 [info] Sync done. Took 2420ms
2023-08-22 22:16:05.966 [info] Auto Sync: Triggered by Interval
2023-08-22 22:16:05.967 [info] Sync started.
2023-08-22 22:16:06.479 [info] Settings: No changes found during synchronizing settings.
2023-08-22 22:16:06.483 [info] Keybindings: No changes found during synchronizing keybindings.
2023-08-22 22:16:06.486 [info] Snippets: No changes found during synchronizing snippets.
2023-08-22 22:16:06.489 [info] Tasks: No changes found during synchronizing tasks.
2023-08-22 22:16:06.494 [info] GlobalState: No changes found during synchronizing ui state.
2023-08-22 22:16:06.611 [info] Extensions: No changes found during synchronizing extensions.
2023-08-22 22:16:06.613 [info] Profiles: No changes found during synchronizing profiles.
2023-08-22 22:16:06.615 [info] Sync done. Took 649ms
2023-08-22 22:21:06.623 [info] Auto Sync: Triggered by Interval
2023-08-22 22:21:06.623 [info] Sync started.
2023-08-22 22:21:08.516 [info] Settings: No changes found during synchronizing settings.
2023-08-22 22:21:08.521 [info] Keybindings: No changes found during synchronizing keybindings.
2023-08-22 22:21:08.525 [info] Snippets: No changes found during synchronizing snippets.
2023-08-22 22:21:08.528 [info] Tasks: No changes found during synchronizing tasks.
2023-08-22 22:21:08.533 [info] GlobalState: No changes found during synchronizing ui state.
2023-08-22 22:21:08.666 [info] Extensions: No changes found during synchronizing extensions.
2023-08-22 22:21:08.668 [info] Profiles: No changes found during synchronizing profiles.
2023-08-22 22:21:08.670 [info] Sync done. Took 2048ms
2023-08-22 22:26:08.681 [info] Auto Sync: Triggered by Interval
2023-08-22 22:26:08.681 [info] Sync started.
2023-08-22 22:26:09.190 [info] Settings: No changes found during synchronizing settings.
2023-08-22 22:26:09.200 [info] Keybindings: No changes found during synchronizing keybindings.
2023-08-22 22:26:09.210 [info] Snippets: No changes found during synchronizing snippets.
2023-08-22 22:26:09.215 [info] Tasks: No changes found during synchronizing tasks.
2023-08-22 22:26:09.220 [info] GlobalState: No changes found during synchronizing ui state.
2023-08-22 22:26:09.345 [info] Extensions: No changes found during synchronizing extensions.
2023-08-22 22:26:09.346 [info] Profiles: No changes found during synchronizing profiles.
2023-08-22 22:26:09.348 [info] Sync done. Took 668ms
2023-08-22 22:31:09.349 [info] Auto Sync: Triggered by Interval
2023-08-22 22:31:09.349 [info] Sync started.
2023-08-22 22:31:09.905 [info] Settings: No changes found during synchronizing settings.
2023-08-22 22:31:09.909 [info] Keybindings: No changes found during synchronizing keybindings.
2023-08-22 22:31:09.914 [info] Snippets: No changes found during synchronizing snippets.
2023-08-22 22:31:09.919 [info] Tasks: No changes found during synchronizing tasks.
2023-08-22 22:31:09.923 [info] GlobalState: No changes found during synchronizing ui state.
2023-08-22 22:31:10.053 [info] Extensions: No changes found during synchronizing extensions.
2023-08-22 22:31:10.055 [info] Profiles: No changes found during synchronizing profiles.
2023-08-22 22:31:10.056 [info] Sync done. Took 707ms
2023-08-22 22:36:10.060 [info] Auto Sync: Triggered by Interval
2023-08-22 22:36:10.061 [info] Sync started.
2023-08-22 22:36:11.385 [info] Settings: No changes found during synchronizing settings.
2023-08-22 22:36:11.394 [info] Keybindings: No changes found during synchronizing keybindings.
2023-08-22 22:36:11.407 [info] Snippets: No changes found during synchronizing snippets.
2023-08-22 22:36:11.413 [info] Tasks: No changes found during synchronizing tasks.
2023-08-22 22:36:11.424 [info] GlobalState: No changes found during synchronizing ui state.
2023-08-22 22:36:11.575 [info] Extensions: No changes found during synchronizing extensions.
2023-08-22 22:36:11.576 [info] Profiles: No changes found during synchronizing profiles.
2023-08-22 22:36:11.578 [info] Sync done. Took 1520ms
2023-08-22 22:41:11.581 [info] Auto Sync: Triggered by Interval
2023-08-22 22:41:11.581 [info] Sync started.
2023-08-22 22:41:12.189 [info] Settings: No changes found during synchronizing settings.
2023-08-22 22:41:12.192 [info] Keybindings: No changes found during synchronizing keybindings.
2023-08-22 22:41:12.196 [info] Snippets: No changes found during synchronizing snippets.
2023-08-22 22:41:12.199 [info] Tasks: No changes found during synchronizing tasks.
2023-08-22 22:41:12.204 [info] GlobalState: No changes found during synchronizing ui state.
2023-08-22 22:41:12.310 [info] Extensions: No changes found during synchronizing extensions.
2023-08-22 22:41:12.311 [info] Profiles: No changes found during synchronizing profiles.
2023-08-22 22:41:12.312 [info] Sync done. Took 733ms
2023-08-22 22:46:12.314 [info] Auto Sync: Triggered by Interval
2023-08-22 22:46:12.314 [info] Sync started.
2023-08-22 22:46:12.784 [info] Settings: No changes found during synchronizing settings.
2023-08-22 22:46:12.789 [info] Keybindings: No changes found during synchronizing keybindings.
2023-08-22 22:46:12.793 [info] Snippets: No changes found during synchronizing snippets.
2023-08-22 22:46:12.797 [info] Tasks: No changes found during synchronizing tasks.
2023-08-22 22:46:12.801 [info] GlobalState: No changes found during synchronizing ui state.
2023-08-22 22:46:12.925 [info] Extensions: No changes found during synchronizing extensions.
2023-08-22 22:46:12.926 [info] Profiles: No changes found during synchronizing profiles.
2023-08-22 22:46:12.928 [info] Sync done. Took 614ms
2023-08-22 22:51:12.933 [info] Auto Sync: Triggered by Interval
2023-08-22 22:51:12.934 [info] Sync started.
2023-08-22 22:51:13.556 [info] Settings: No changes found during synchronizing settings.
2023-08-22 22:51:13.559 [info] Keybindings: No changes found during synchronizing keybindings.
2023-08-22 22:51:13.562 [info] Snippets: No changes found during synchronizing snippets.
2023-08-22 22:51:13.566 [info] Tasks: No changes found during synchronizing tasks.
2023-08-22 22:51:13.571 [info] GlobalState: No changes found during synchronizing ui state.
2023-08-22 22:51:13.692 [info] Extensions: No changes found during synchronizing extensions.
2023-08-22 22:51:13.694 [info] Profiles: No changes found during synchronizing profiles.
2023-08-22 22:51:13.696 [info] Sync done. Took 763ms
2023-08-22 22:56:13.699 [info] Auto Sync: Triggered by Interval
2023-08-22 22:56:13.699 [info] Sync started.
2023-08-22 22:56:14.469 [info] Settings: No changes found during synchronizing settings.
2023-08-22 22:56:14.472 [info] Keybindings: No changes found during synchronizing keybindings.
2023-08-22 22:56:14.476 [info] Snippets: No changes found during synchronizing snippets.
2023-08-22 22:56:14.479 [info] Tasks: No changes found during synchronizing tasks.
2023-08-22 22:56:14.483 [info] GlobalState: No changes found during synchronizing ui state.
2023-08-22 22:56:14.580 [info] Extensions: No changes found during synchronizing extensions.
2023-08-22 22:56:14.582 [info] Profiles: No changes found during synchronizing profiles.
2023-08-22 22:56:14.584 [info] Sync done. Took 886ms
2023-08-22 23:01:14.587 [info] Auto Sync: Triggered by Interval
2023-08-22 23:01:14.587 [info] Sync started.
2023-08-22 23:01:17.533 [info] Settings: No changes found during synchronizing settings.
2023-08-22 23:01:17.537 [info] Keybindings: No changes found during synchronizing keybindings.
2023-08-22 23:01:17.540 [info] Snippets: No changes found during synchronizing snippets.
2023-08-22 23:01:17.544 [info] Tasks: No changes found during synchronizing tasks.
2023-08-22 23:01:17.548 [info] GlobalState: No changes found during synchronizing ui state.
2023-08-22 23:01:17.654 [info] Extensions: No changes found during synchronizing extensions.
2023-08-22 23:01:17.655 [info] Profiles: No changes found during synchronizing profiles.
2023-08-22 23:01:17.657 [info] Sync done. Took 3071ms
2023-08-22 23:06:17.660 [info] Auto Sync: Triggered by Interval
2023-08-22 23:06:17.661 [info] Sync started.
2023-08-22 23:06:18.662 [info] Settings: No changes found during synchronizing settings.
2023-08-22 23:06:18.666 [info] Keybindings: No changes found during synchronizing keybindings.
2023-08-22 23:06:18.670 [info] Snippets: No changes found during synchronizing snippets.
2023-08-22 23:06:18.674 [info] Tasks: No changes found during synchronizing tasks.
2023-08-22 23:06:18.677 [info] GlobalState: No changes found during synchronizing ui state.
2023-08-22 23:06:18.782 [info] Extensions: No changes found during synchronizing extensions.
2023-08-22 23:06:18.783 [info] Profiles: No changes found during synchronizing profiles.
2023-08-22 23:06:18.785 [info] Sync done. Took 1125ms
2023-08-22 23:11:18.786 [info] Auto Sync: Triggered by Interval
2023-08-22 23:11:18.786 [info] Sync started.
2023-08-22 23:11:20.090 [info] Settings: No changes found during synchronizing settings.
2023-08-22 23:11:20.093 [info] Keybindings: No changes found during synchronizing keybindings.
2023-08-22 23:11:20.096 [info] Snippets: No changes found during synchronizing snippets.
2023-08-22 23:11:20.099 [info] Tasks: No changes found during synchronizing tasks.
2023-08-22 23:11:20.109 [info] GlobalState: No changes found during synchronizing ui state.
2023-08-22 23:11:20.241 [info] Extensions: No changes found during synchronizing extensions.
2023-08-22 23:11:20.242 [info] Profiles: No changes found during synchronizing profiles.
2023-08-22 23:11:20.244 [info] Sync done. Took 1458ms
2023-08-22 23:16:20.246 [info] Auto Sync: Triggered by Interval
2023-08-22 23:16:20.247 [info] Sync started.
2023-08-22 23:16:20.957 [info] Settings: No changes found during synchronizing settings.
2023-08-22 23:16:20.960 [info] Keybindings: No changes found during synchronizing keybindings.
2023-08-22 23:16:20.963 [info] Snippets: No changes found during synchronizing snippets.
2023-08-22 23:16:20.966 [info] Tasks: No changes found during synchronizing tasks.
2023-08-22 23:16:20.970 [info] GlobalState: No changes found during synchronizing ui state.
2023-08-22 23:16:21.094 [info] Extensions: No changes found during synchronizing extensions.
2023-08-22 23:16:21.095 [info] Profiles: No changes found during synchronizing profiles.
2023-08-22 23:16:21.096 [info] Sync done. Took 851ms
2023-08-22 23:21:21.101 [info] Auto Sync: Triggered by Interval
2023-08-22 23:21:21.101 [info] Sync started.
2023-08-22 23:21:21.875 [info] Settings: No changes found during synchronizing settings.
2023-08-22 23:21:21.880 [info] Keybindings: No changes found during synchronizing keybindings.
2023-08-22 23:21:21.885 [info] Snippets: No changes found during synchronizing snippets.
2023-08-22 23:21:21.888 [info] Tasks: No changes found during synchronizing tasks.
2023-08-22 23:21:21.895 [info] GlobalState: No changes found during synchronizing ui state.
2023-08-22 23:21:22.026 [info] Extensions: No changes found during synchronizing extensions.
2023-08-22 23:21:22.028 [info] Profiles: No changes found during synchronizing profiles.
2023-08-22 23:21:22.030 [info] Sync done. Took 928ms
2023-08-22 23:26:22.032 [info] Auto Sync: Triggered by Interval
2023-08-22 23:26:22.032 [info] Sync started.
2023-08-22 23:26:22.857 [info] Settings: No changes found during synchronizing settings.
2023-08-22 23:26:22.860 [info] Keybindings: No changes found during synchronizing keybindings.
2023-08-22 23:26:22.864 [info] Snippets: No changes found during synchronizing snippets.
2023-08-22 23:26:22.867 [info] Tasks: No changes found during synchronizing tasks.
2023-08-22 23:26:22.870 [info] GlobalState: No changes found during synchronizing ui state.
2023-08-22 23:26:22.979 [info] Extensions: No changes found during synchronizing extensions.
2023-08-22 23:26:22.981 [info] Profiles: No changes found during synchronizing profiles.
2023-08-22 23:26:22.982 [info] Sync done. Took 952ms
2023-08-22 23:31:22.985 [info] Auto Sync: Triggered by Interval
2023-08-22 23:31:22.986 [info] Sync started.
2023-08-22 23:31:24.808 [info] Settings: No changes found during synchronizing settings.
2023-08-22 23:31:24.812 [info] Keybindings: No changes found during synchronizing keybindings.
2023-08-22 23:31:24.816 [info] Snippets: No changes found during synchronizing snippets.
2023-08-22 23:31:24.819 [info] Tasks: No changes found during synchronizing tasks.
2023-08-22 23:31:24.823 [info] GlobalState: No changes found during synchronizing ui state.
2023-08-22 23:31:24.934 [info] Extensions: No changes found during synchronizing extensions.
2023-08-22 23:31:24.935 [info] Profiles: No changes found during synchronizing profiles.
2023-08-22 23:31:24.937 [info] Sync done. Took 1952ms
2023-08-22 23:36:24.938 [info] Auto Sync: Triggered by Interval
2023-08-22 23:36:24.939 [info] Sync started.
2023-08-22 23:36:26.174 [info] Settings: No changes found during synchronizing settings.
2023-08-22 23:36:26.194 [info] Keybindings: No changes found during synchronizing keybindings.
2023-08-22 23:36:26.203 [info] Snippets: No changes found during synchronizing snippets.
2023-08-22 23:36:26.207 [info] Tasks: No changes found during synchronizing tasks.
2023-08-22 23:36:26.211 [info] GlobalState: No changes found during synchronizing ui state.
2023-08-22 23:36:26.337 [info] Extensions: No changes found during synchronizing extensions.
2023-08-22 23:36:26.340 [info] Profiles: No changes found during synchronizing profiles.
2023-08-22 23:36:26.341 [info] Sync done. Took 1403ms
2023-08-22 23:41:26.345 [info] Auto Sync: Triggered by Interval
2023-08-22 23:41:26.346 [info] Sync started.
2023-08-22 23:41:32.001 [info] Settings: No changes found during synchronizing settings.
2023-08-22 23:41:32.006 [info] Keybindings: No changes found during synchronizing keybindings.
2023-08-22 23:41:32.010 [info] Snippets: No changes found during synchronizing snippets.
2023-08-22 23:41:32.015 [info] Tasks: No changes found during synchronizing tasks.
2023-08-22 23:41:32.020 [info] GlobalState: No changes found during synchronizing ui state.
2023-08-22 23:41:32.140 [info] Extensions: No changes found during synchronizing extensions.
2023-08-22 23:41:32.141 [info] Profiles: No changes found during synchronizing profiles.
2023-08-22 23:41:32.142 [info] Sync done. Took 5797ms
2023-08-22 23:46:32.149 [info] Auto Sync: Triggered by Interval
2023-08-22 23:46:32.150 [info] Sync started.
2023-08-22 23:46:32.641 [info] Settings: No changes found during synchronizing settings.
2023-08-22 23:46:32.645 [info] Keybindings: No changes found during synchronizing keybindings.
2023-08-22 23:46:32.649 [info] Snippets: No changes found during synchronizing snippets.
2023-08-22 23:46:32.654 [info] Tasks: No changes found during synchronizing tasks.
2023-08-22 23:46:32.659 [info] GlobalState: No changes found during synchronizing ui state.
2023-08-22 23:46:32.794 [info] Extensions: No changes found during synchronizing extensions.
2023-08-22 23:46:32.796 [info] Profiles: No changes found during synchronizing profiles.
2023-08-22 23:46:32.797 [info] Sync done. Took 648ms
2023-08-22 23:51:32.798 [info] Auto Sync: Triggered by Interval
2023-08-22 23:51:32.799 [info] Sync started.
2023-08-22 23:51:33.356 [info] Settings: No changes found during synchronizing settings.
2023-08-22 23:51:33.359 [info] Keybindings: No changes found during synchronizing keybindings.
2023-08-22 23:51:33.362 [info] Snippets: No changes found during synchronizing snippets.
2023-08-22 23:51:33.365 [info] Tasks: No changes found during synchronizing tasks.
2023-08-22 23:51:33.369 [info] GlobalState: No changes found during synchronizing ui state.
2023-08-22 23:51:33.470 [info] Extensions: No changes found during synchronizing extensions.
2023-08-22 23:51:33.471 [info] Profiles: No changes found during synchronizing profiles.
2023-08-22 23:51:33.472 [info] Sync done. Took 675ms
2023-08-22 23:56:33.474 [info] Auto Sync: Triggered by Interval
2023-08-22 23:56:33.475 [info] Sync started.
2023-08-22 23:56:33.955 [info] Settings: No changes found during synchronizing settings.
2023-08-22 23:56:33.966 [info] Keybindings: No changes found during synchronizing keybindings.
2023-08-22 23:56:33.973 [info] Snippets: No changes found during synchronizing snippets.
2023-08-22 23:56:33.975 [info] Tasks: No changes found during synchronizing tasks.
2023-08-22 23:56:33.978 [info] GlobalState: No changes found during synchronizing ui state.
2023-08-22 23:56:34.099 [info] Extensions: No changes found during synchronizing extensions.
2023-08-22 23:56:34.100 [info] Profiles: No changes found during synchronizing profiles.
2023-08-22 23:56:34.102 [info] Sync done. Took 628ms
2023-08-23 00:01:34.105 [info] Auto Sync: Triggered by Interval
2023-08-23 00:01:34.106 [info] Sync started.
2023-08-23 00:01:35.344 [info] Settings: No changes found during synchronizing settings.
2023-08-23 00:01:35.347 [info] Keybindings: No changes found during synchronizing keybindings.
2023-08-23 00:01:35.351 [info] Snippets: No changes found during synchronizing snippets.
2023-08-23 00:01:35.354 [info] Tasks: No changes found during synchronizing tasks.
2023-08-23 00:01:35.358 [info] GlobalState: No changes found during synchronizing ui state.
2023-08-23 00:01:35.463 [info] Extensions: No changes found during synchronizing extensions.
2023-08-23 00:01:35.464 [info] Profiles: No changes found during synchronizing profiles.
2023-08-23 00:01:35.466 [info] Sync done. Took 1361ms
2023-08-23 00:06:35.470 [info] Auto Sync: Triggered by Interval
2023-08-23 00:06:35.471 [info] Sync started.
2023-08-23 00:06:35.950 [info] Settings: No changes found during synchronizing settings.
2023-08-23 00:06:35.957 [info] Keybindings: No changes found during synchronizing keybindings.
2023-08-23 00:06:35.960 [info] Snippets: No changes found during synchronizing snippets.
2023-08-23 00:06:35.962 [info] Tasks: No changes found during synchronizing tasks.
2023-08-23 00:06:35.966 [info] GlobalState: No changes found during synchronizing ui state.
2023-08-23 00:06:36.053 [info] Extensions: No changes found during synchronizing extensions.
2023-08-23 00:06:36.054 [info] Profiles: No changes found during synchronizing profiles.
2023-08-23 00:06:36.056 [info] Sync done. Took 586ms
2023-08-23 00:11:36.058 [info] Auto Sync: Triggered by Interval
2023-08-23 00:11:36.059 [info] Sync started.
2023-08-23 00:11:36.543 [info] Settings: No changes found during synchronizing settings.
2023-08-23 00:11:36.547 [info] Keybindings: No changes found during synchronizing keybindings.
2023-08-23 00:11:36.551 [info] Snippets: No changes found during synchronizing snippets.
2023-08-23 00:11:36.554 [info] Tasks: No changes found during synchronizing tasks.
2023-08-23 00:11:36.559 [info] GlobalState: No changes found during synchronizing ui state.
2023-08-23 00:11:36.653 [info] Extensions: No changes found during synchronizing extensions.
2023-08-23 00:11:36.655 [info] Profiles: No changes found during synchronizing profiles.
2023-08-23 00:11:36.656 [info] Sync done. Took 598ms
2023-08-23 00:16:36.661 [info] Auto Sync: Triggered by Interval
2023-08-23 00:16:36.661 [info] Sync started.
2023-08-23 00:16:37.179 [info] Settings: No changes found during synchronizing settings.
2023-08-23 00:16:37.183 [info] Keybindings: No changes found during synchronizing keybindings.
2023-08-23 00:16:37.186 [info] Snippets: No changes found during synchronizing snippets.
2023-08-23 00:16:37.188 [info] Tasks: No changes found during synchronizing tasks.
2023-08-23 00:16:37.191 [info] GlobalState: No changes found during synchronizing ui state.
2023-08-23 00:16:37.304 [info] Extensions: No changes found during synchronizing extensions.
2023-08-23 00:16:37.306 [info] Profiles: No changes found during synchronizing profiles.
2023-08-23 00:16:37.307 [info] Sync done. Took 647ms
2023-08-23 00:21:37.310 [info] Auto Sync: Triggered by Interval
2023-08-23 00:21:37.311 [info] Sync started.
2023-08-23 00:21:37.828 [info] Settings: No changes found during synchronizing settings.
2023-08-23 00:21:37.833 [info] Keybindings: No changes found during synchronizing keybindings.
2023-08-23 00:21:37.836 [info] Snippets: No changes found during synchronizing snippets.
2023-08-23 00:21:37.839 [info] Tasks: No changes found during synchronizing tasks.
2023-08-23 00:21:37.844 [info] GlobalState: No changes found during synchronizing ui state.
2023-08-23 00:21:37.944 [info] Extensions: No changes found during synchronizing extensions.
2023-08-23 00:21:37.946 [info] Profiles: No changes found during synchronizing profiles.
2023-08-23 00:21:37.947 [info] Sync done. Took 638ms
2023-08-23 00:26:37.950 [info] Auto Sync: Triggered by Interval
2023-08-23 00:26:37.951 [info] Sync started.
2023-08-23 00:26:38.615 [info] Settings: No changes found during synchronizing settings.
2023-08-23 00:26:38.627 [info] Keybindings: No changes found during synchronizing keybindings.
2023-08-23 00:26:38.634 [info] Snippets: No changes found during synchronizing snippets.
2023-08-23 00:26:38.637 [info] Tasks: No changes found during synchronizing tasks.
2023-08-23 00:26:38.639 [info] GlobalState: No changes found during synchronizing ui state.
2023-08-23 00:26:38.742 [info] Extensions: No changes found during synchronizing extensions.
2023-08-23 00:26:38.743 [info] Profiles: No changes found during synchronizing profiles.
2023-08-23 00:26:38.745 [info] Sync done. Took 795ms
2023-08-23 00:31:38.750 [info] Auto Sync: Triggered by Interval
2023-08-23 00:31:38.751 [info] Sync started.
2023-08-23 00:31:39.472 [info] Settings: No changes found during synchronizing settings.
2023-08-23 00:31:39.478 [info] Keybindings: No changes found during synchronizing keybindings.
2023-08-23 00:31:39.480 [info] Snippets: No changes found during synchronizing snippets.
2023-08-23 00:31:39.482 [info] Tasks: No changes found during synchronizing tasks.
2023-08-23 00:31:39.486 [info] GlobalState: No changes found during synchronizing ui state.
2023-08-23 00:31:39.578 [info] Extensions: No changes found during synchronizing extensions.
2023-08-23 00:31:39.581 [info] Profiles: No changes found during synchronizing profiles.
2023-08-23 00:31:39.582 [info] Sync done. Took 832ms
2023-08-23 00:36:39.586 [info] Auto Sync: Triggered by Interval
2023-08-23 00:36:39.587 [info] Sync started.
2023-08-23 00:36:40.131 [info] Settings: No changes found during synchronizing settings.
2023-08-23 00:36:40.135 [info] Keybindings: No changes found during synchronizing keybindings.
2023-08-23 00:36:40.138 [info] Snippets: No changes found during synchronizing snippets.
2023-08-23 00:36:40.141 [info] Tasks: No changes found during synchronizing tasks.
2023-08-23 00:36:40.144 [info] GlobalState: No changes found during synchronizing ui state.
2023-08-23 00:36:40.251 [info] Extensions: No changes found during synchronizing extensions.
2023-08-23 00:36:40.253 [info] Profiles: No changes found during synchronizing profiles.
2023-08-23 00:36:40.255 [info] Sync done. Took 669ms
2023-08-23 00:41:40.258 [info] Auto Sync: Triggered by Interval
2023-08-23 00:41:40.259 [info] Sync started.
2023-08-23 00:41:40.721 [info] Settings: No changes found during synchronizing settings.
2023-08-23 00:41:40.727 [info] Keybindings: No changes found during synchronizing keybindings.
2023-08-23 00:41:40.729 [info] Snippets: No changes found during synchronizing snippets.
2023-08-23 00:41:40.732 [info] Tasks: No changes found during synchronizing tasks.
2023-08-23 00:41:40.734 [info] GlobalState: No changes found during synchronizing ui state.
2023-08-23 00:41:40.833 [info] Extensions: No changes found during synchronizing extensions.
2023-08-23 00:41:40.835 [info] Profiles: No changes found during synchronizing profiles.
2023-08-23 00:41:40.836 [info] Sync done. Took 578ms
2023-08-23 00:46:17.453 [info] Auto Sync: Triggered by Activity
2023-08-23 00:46:17.453 [info] Sync started.
2023-08-23 00:46:18.618 [info] Settings: No changes found during synchronizing settings.
2023-08-23 00:46:18.623 [info] Keybindings: No changes found during synchronizing keybindings.
2023-08-23 00:46:18.626 [info] Snippets: No changes found during synchronizing snippets.
2023-08-23 00:46:18.629 [info] Tasks: No changes found during synchronizing tasks.
2023-08-23 00:46:18.633 [info] GlobalState: No changes found during synchronizing ui state.
2023-08-23 00:46:18.732 [info] Extensions: No changes found during synchronizing extensions.
2023-08-23 00:46:18.734 [info] Profiles: No changes found during synchronizing profiles.
2023-08-23 00:46:18.735 [info] Sync done. Took 1283ms
2023-08-23 00:46:51.422 [info] Auto Sync: Triggered by Activity
2023-08-23 00:46:51.422 [info] Sync started.
2023-08-23 00:46:51.582 [info] Settings: No changes found during synchronizing settings.
2023-08-23 00:46:51.589 [info] Keybindings: No changes found during synchronizing keybindings.
2023-08-23 00:46:51.593 [info] Snippets: No changes found during synchronizing snippets.
2023-08-23 00:46:51.596 [info] Tasks: No changes found during synchronizing tasks.
2023-08-23 00:46:51.599 [info] GlobalState: No changes found during synchronizing ui state.
2023-08-23 00:46:51.737 [info] Extensions: No changes found during synchronizing extensions.
2023-08-23 00:46:51.738 [info] Profiles: No changes found during synchronizing profiles.
2023-08-23 00:46:51.740 [info] Sync done. Took 318ms
2023-08-23 00:51:51.745 [info] Auto Sync: Triggered by Interval
2023-08-23 00:51:51.745 [info] Sync started.
2023-08-23 00:51:52.722 [info] Settings: No changes found during synchronizing settings.
2023-08-23 00:51:52.725 [info] Keybindings: No changes found during synchronizing keybindings.
2023-08-23 00:51:52.727 [info] Snippets: No changes found during synchronizing snippets.
2023-08-23 00:51:52.730 [info] Tasks: No changes found during synchronizing tasks.
2023-08-23 00:51:52.734 [info] GlobalState: No changes found during synchronizing ui state.
2023-08-23 00:51:52.869 [info] Extensions: No changes found during synchronizing extensions.
2023-08-23 00:51:52.870 [info] Profiles: No changes found during synchronizing profiles.
2023-08-23 00:51:52.872 [info] Sync done. Took 1126ms
2023-08-23 00:55:20.552 [info] Auto Sync: Triggered by Activity
2023-08-23 00:55:20.552 [info] Sync started.
2023-08-23 00:55:21.040 [info] Settings: No changes found during synchronizing settings.
2023-08-23 00:55:21.050 [info] Keybindings: No changes found during synchronizing keybindings.
2023-08-23 00:55:21.056 [info] Snippets: No changes found during synchronizing snippets.
2023-08-23 00:55:21.060 [info] Tasks: No changes found during synchronizing tasks.
2023-08-23 00:55:21.064 [info] GlobalState: No changes found during synchronizing ui state.
2023-08-23 00:55:21.159 [info] Extensions: No changes found during synchronizing extensions.
2023-08-23 00:55:21.160 [info] Profiles: No changes found during synchronizing profiles.
2023-08-23 00:55:21.162 [info] Sync done. Took 610ms
2023-08-23 00:58:32.436 [info] Auto Sync: Triggered by Activity
2023-08-23 00:58:32.436 [info] Sync started.
2023-08-23 00:58:34.818 [info] Settings: No changes found during synchronizing settings.
2023-08-23 00:58:34.822 [info] Keybindings: No changes found during synchronizing keybindings.
2023-08-23 00:58:34.824 [info] Snippets: No changes found during synchronizing snippets.
2023-08-23 00:58:34.827 [info] Tasks: No changes found during synchronizing tasks.
2023-08-23 00:58:34.831 [info] GlobalState: No changes found during synchronizing ui state.
2023-08-23 00:58:34.944 [info] Extensions: No changes found during synchronizing extensions.
2023-08-23 00:58:34.945 [info] Profiles: No changes found during synchronizing profiles.
2023-08-23 00:58:34.947 [info] Sync done. Took 2511ms
2023-08-23 01:03:34.954 [info] Auto Sync: Triggered by Interval
2023-08-23 01:03:34.954 [info] Sync started.
2023-08-23 01:03:36.055 [info] Settings: No changes found during synchronizing settings.
2023-08-23 01:03:36.073 [info] Keybindings: No changes found during synchronizing keybindings.
2023-08-23 01:03:36.081 [info] Snippets: No changes found during synchronizing snippets.
2023-08-23 01:03:36.084 [info] Tasks: No changes found during synchronizing tasks.
2023-08-23 01:03:36.087 [info] GlobalState: No changes found during synchronizing ui state.
2023-08-23 01:03:36.186 [info] Extensions: No changes found during synchronizing extensions.
2023-08-23 01:03:36.188 [info] Profiles: No changes found during synchronizing profiles.
2023-08-23 01:03:36.189 [info] Sync done. Took 1236ms
2023-08-23 01:08:36.191 [info] Auto Sync: Triggered by Interval
2023-08-23 01:08:36.191 [info] Sync started.
2023-08-23 01:08:37.395 [info] Settings: No changes found during synchronizing settings.
2023-08-23 01:08:37.398 [info] Keybindings: No changes found during synchronizing keybindings.
2023-08-23 01:08:37.401 [info] Snippets: No changes found during synchronizing snippets.
2023-08-23 01:08:37.404 [info] Tasks: No changes found during synchronizing tasks.
2023-08-23 01:08:37.407 [info] GlobalState: No changes found during synchronizing ui state.
2023-08-23 01:08:37.524 [info] Extensions: No changes found during synchronizing extensions.
2023-08-23 01:08:37.526 [info] Profiles: No changes found during synchronizing profiles.
2023-08-23 01:08:37.527 [info] Sync done. Took 1337ms
2023-08-23 01:13:37.530 [info] Auto Sync: Triggered by Interval
2023-08-23 01:13:37.531 [info] Sync started.
2023-08-23 01:13:38.830 [info] Settings: No changes found during synchronizing settings.
2023-08-23 01:13:38.836 [info] Keybindings: No changes found during synchronizing keybindings.
2023-08-23 01:13:38.840 [info] Snippets: No changes found during synchronizing snippets.
2023-08-23 01:13:38.846 [info] Tasks: No changes found during synchronizing tasks.
2023-08-23 01:13:38.851 [info] GlobalState: No changes found during synchronizing ui state.
2023-08-23 01:13:38.965 [info] Extensions: No changes found during synchronizing extensions.
2023-08-23 01:13:38.968 [info] Profiles: No changes found during synchronizing profiles.
2023-08-23 01:13:38.970 [info] Sync done. Took 1441ms
2023-08-23 01:18:38.974 [info] Auto Sync: Triggered by Interval
2023-08-23 01:18:38.975 [info] Sync started.
2023-08-23 01:18:40.364 [info] Settings: No changes found during synchronizing settings.
2023-08-23 01:18:40.370 [info] Keybindings: No changes found during synchronizing keybindings.
2023-08-23 01:18:40.373 [info] Snippets: No changes found during synchronizing snippets.
2023-08-23 01:18:40.376 [info] Tasks: No changes found during synchronizing tasks.
2023-08-23 01:18:40.379 [info] GlobalState: No changes found during synchronizing ui state.
2023-08-23 01:18:40.487 [info] Extensions: No changes found during synchronizing extensions.
2023-08-23 01:18:40.488 [info] Profiles: No changes found during synchronizing profiles.
2023-08-23 01:18:40.490 [info] Sync done. Took 1516ms
2023-08-23 01:23:40.494 [info] Auto Sync: Triggered by Interval
2023-08-23 01:23:40.495 [info] Sync started.
2023-08-23 01:23:40.969 [info] Settings: No changes found during synchronizing settings.
2023-08-23 01:23:40.976 [info] Keybindings: No changes found during synchronizing keybindings.
2023-08-23 01:23:40.978 [info] Snippets: No changes found during synchronizing snippets.
2023-08-23 01:23:40.981 [info] Tasks: No changes found during synchronizing tasks.
2023-08-23 01:23:40.984 [info] GlobalState: No changes found during synchronizing ui state.
2023-08-23 01:23:41.085 [info] Extensions: No changes found during synchronizing extensions.
2023-08-23 01:23:41.087 [info] Profiles: No changes found during synchronizing profiles.
2023-08-23 01:23:41.088 [info] Sync done. Took 595ms
2023-08-23 01:28:41.089 [info] Auto Sync: Triggered by Interval
2023-08-23 01:28:41.090 [info] Sync started.
2023-08-23 01:28:42.460 [info] Settings: No changes found during synchronizing settings.
2023-08-23 01:28:42.465 [info] Keybindings: No changes found during synchronizing keybindings.
2023-08-23 01:28:42.472 [info] Snippets: No changes found during synchronizing snippets.
2023-08-23 01:28:42.476 [info] Tasks: No changes found during synchronizing tasks.
2023-08-23 01:28:42.483 [info] GlobalState: No changes found during synchronizing ui state.
2023-08-23 01:28:42.593 [info] Extensions: No changes found during synchronizing extensions.
2023-08-23 01:28:42.594 [info] Profiles: No changes found during synchronizing profiles.
2023-08-23 01:28:42.596 [info] Sync done. Took 1506ms
2023-08-23 01:33:42.602 [info] Auto Sync: Triggered by Interval
2023-08-23 01:33:42.603 [info] Sync started.
2023-08-23 01:33:43.112 [info] Settings: No changes found during synchronizing settings.
2023-08-23 01:33:43.116 [info] Keybindings: No changes found during synchronizing keybindings.
2023-08-23 01:33:43.120 [info] Snippets: No changes found during synchronizing snippets.
2023-08-23 01:33:43.122 [info] Tasks: No changes found during synchronizing tasks.
2023-08-23 01:33:43.127 [info] GlobalState: No changes found during synchronizing ui state.
2023-08-23 01:33:43.226 [info] Extensions: No changes found during synchronizing extensions.
2023-08-23 01:33:43.227 [info] Profiles: No changes found during synchronizing profiles.
2023-08-23 01:33:43.228 [info] Sync done. Took 627ms
2023-08-23 01:38:43.236 [info] Auto Sync: Triggered by Interval
2023-08-23 01:38:43.236 [info] Sync started.
2023-08-23 01:38:45.118 [info] Settings: No changes found during synchronizing settings.
2023-08-23 01:38:45.123 [info] Keybindings: No changes found during synchronizing keybindings.
2023-08-23 01:38:45.126 [info] Snippets: No changes found during synchronizing snippets.
2023-08-23 01:38:45.129 [info] Tasks: No changes found during synchronizing tasks.
2023-08-23 01:38:45.133 [info] GlobalState: No changes found during synchronizing ui state.
2023-08-23 01:38:45.243 [info] Extensions: No changes found during synchronizing extensions.
2023-08-23 01:38:45.245 [info] Profiles: No changes found during synchronizing profiles.
2023-08-23 01:38:45.247 [info] Sync done. Took 2012ms
2023-08-23 01:43:45.254 [info] Auto Sync: Triggered by Interval
2023-08-23 01:43:45.255 [info] Sync started.
2023-08-23 01:43:47.840 [info] Settings: No changes found during synchronizing settings.
2023-08-23 01:43:47.860 [info] Keybindings: No changes found during synchronizing keybindings.
2023-08-23 01:43:47.869 [info] Snippets: No changes found during synchronizing snippets.
2023-08-23 01:43:47.871 [info] Tasks: No changes found during synchronizing tasks.
2023-08-23 01:43:47.875 [info] GlobalState: No changes found during synchronizing ui state.
2023-08-23 01:43:47.979 [info] Extensions: No changes found during synchronizing extensions.
2023-08-23 01:43:47.981 [info] Profiles: No changes found during synchronizing profiles.
2023-08-23 01:43:47.982 [info] Sync done. Took 2728ms
2023-08-23 01:48:47.983 [info] Auto Sync: Triggered by Interval
2023-08-23 01:48:47.983 [info] Sync started.
2023-08-23 01:48:48.489 [info] Settings: No changes found during synchronizing settings.
2023-08-23 01:48:48.492 [info] Keybindings: No changes found during synchronizing keybindings.
2023-08-23 01:48:48.496 [info] Snippets: No changes found during synchronizing snippets.
2023-08-23 01:48:48.498 [info] Tasks: No changes found during synchronizing tasks.
2023-08-23 01:48:48.502 [info] GlobalState: No changes found during synchronizing ui state.
2023-08-23 01:48:48.606 [info] Extensions: No changes found during synchronizing extensions.
2023-08-23 01:48:48.607 [info] Profiles: No changes found during synchronizing profiles.
2023-08-23 01:48:48.609 [info] Sync done. Took 627ms
2023-08-23 01:53:48.610 [info] Auto Sync: Triggered by Interval
2023-08-23 01:53:48.611 [info] Sync started.
2023-08-23 01:53:49.097 [info] Settings: No changes found during synchronizing settings.
2023-08-23 01:53:49.101 [info] Keybindings: No changes found during synchronizing keybindings.
2023-08-23 01:53:49.104 [info] Snippets: No changes found during synchronizing snippets.
2023-08-23 01:53:49.108 [info] Tasks: No changes found during synchronizing tasks.
2023-08-23 01:53:49.112 [info] GlobalState: No changes found during synchronizing ui state.
2023-08-23 01:53:49.219 [info] Extensions: No changes found during synchronizing extensions.
2023-08-23 01:53:49.220 [info] Profiles: No changes found during synchronizing profiles.
2023-08-23 01:53:49.223 [info] Sync done. Took 613ms
2023-08-23 01:58:49.225 [info] Auto Sync: Triggered by Interval
2023-08-23 01:58:49.225 [info] Sync started.
2023-08-23 01:58:49.999 [info] Settings: No changes found during synchronizing settings.
2023-08-23 01:58:50.003 [info] Keybindings: No changes found during synchronizing keybindings.
2023-08-23 01:58:50.005 [info] Snippets: No changes found during synchronizing snippets.
2023-08-23 01:58:50.008 [info] Tasks: No changes found during synchronizing tasks.
2023-08-23 01:58:50.010 [info] GlobalState: No changes found during synchronizing ui state.
2023-08-23 01:58:50.136 [info] Extensions: No changes found during synchronizing extensions.
2023-08-23 01:58:50.137 [info] Profiles: No changes found during synchronizing profiles.
2023-08-23 01:58:50.138 [info] Sync done. Took 912ms
2023-08-23 02:03:50.141 [info] Auto Sync: Triggered by Interval
2023-08-23 02:03:50.141 [info] Sync started.
2023-08-23 02:03:50.653 [info] Settings: No changes found during synchronizing settings.
2023-08-23 02:03:50.658 [info] Keybindings: No changes found during synchronizing keybindings.
2023-08-23 02:03:50.661 [info] Snippets: No changes found during synchronizing snippets.
2023-08-23 02:03:50.665 [info] Tasks: No changes found during synchronizing tasks.
2023-08-23 02:03:50.669 [info] GlobalState: No changes found during synchronizing ui state.
2023-08-23 02:03:50.763 [info] Extensions: No changes found during synchronizing extensions.
2023-08-23 02:03:50.765 [info] Profiles: No changes found during synchronizing profiles.
2023-08-23 02:03:50.766 [info] Sync done. Took 627ms
2023-08-23 02:08:50.769 [info] Auto Sync: Triggered by Interval
2023-08-23 02:08:50.769 [info] Sync started.
2023-08-23 02:08:51.336 [info] Settings: No changes found during synchronizing settings.
2023-08-23 02:08:51.341 [info] Keybindings: No changes found during synchronizing keybindings.
2023-08-23 02:08:51.344 [info] Snippets: No changes found during synchronizing snippets.
2023-08-23 02:08:51.348 [info] Tasks: No changes found during synchronizing tasks.
2023-08-23 02:08:51.351 [info] GlobalState: No changes found during synchronizing ui state.
2023-08-23 02:08:51.441 [info] Extensions: No changes found during synchronizing extensions.
2023-08-23 02:08:51.442 [info] Profiles: No changes found during synchronizing profiles.
2023-08-23 02:08:51.443 [info] Sync done. Took 676ms
2023-08-23 02:13:51.446 [info] Auto Sync: Triggered by Interval
2023-08-23 02:13:51.447 [info] Sync started.
2023-08-23 02:13:52.123 [info] Settings: No changes found during synchronizing settings.
2023-08-23 02:13:52.127 [info] Keybindings: No changes found during synchronizing keybindings.
2023-08-23 02:13:52.130 [info] Snippets: No changes found during synchronizing snippets.
2023-08-23 02:13:52.132 [info] Tasks: No changes found during synchronizing tasks.
2023-08-23 02:13:52.136 [info] GlobalState: No changes found during synchronizing ui state.
2023-08-23 02:13:52.234 [info] Extensions: No changes found during synchronizing extensions.
2023-08-23 02:13:52.236 [info] Profiles: No changes found during synchronizing profiles.
2023-08-23 02:13:52.237 [info] Sync done. Took 791ms
2023-08-23 02:15:52.103 [info] Auto Sync: Triggered by Activity
2023-08-23 02:15:52.103 [info] Sync started.
2023-08-23 02:15:52.253 [info] Settings: No changes found during synchronizing settings.
2023-08-23 02:15:52.256 [info] Keybindings: No changes found during synchronizing keybindings.
2023-08-23 02:15:52.259 [info] Snippets: No changes found during synchronizing snippets.
2023-08-23 02:15:52.262 [info] Tasks: No changes found during synchronizing tasks.
2023-08-23 02:15:52.268 [info] GlobalState: No changes found during synchronizing ui state.
2023-08-23 02:15:52.378 [info] Extensions: No changes found during synchronizing extensions.
2023-08-23 02:15:52.379 [info] Profiles: No changes found during synchronizing profiles.
2023-08-23 02:15:52.381 [info] Sync done. Took 279ms
