2023-08-24 17:36:57.079 [info] Using settings sync service https://vscode-sync.trafficmanager.net/
2023-08-24 17:36:57.079 [info] Auto Sync is enabled.
2023-08-24 17:36:57.079 [info] Auto Sync: Suspended until auth token is available.
2023-08-24 17:36:57.565 [info] Deleting non existing profile from backup /home/blackbird/.config/Code/User/sync/settings
2023-08-24 17:37:00.660 [info] Auto Sync: Triggered by Interval
2023-08-24 17:37:00.661 [info] Sync started.
2023-08-24 17:37:03.286 [info] Settings: Last sync resource does not exist locally.
2023-08-24 17:37:03.745 [info] Settings: No changes found during synchronizing settings.
2023-08-24 17:37:03.748 [info] Keybindings: Last sync resource does not exist locally.
2023-08-24 17:37:04.217 [info] Keybindings: No changes found during synchronizing keybindings.
2023-08-24 17:37:04.218 [info] Snippets: Last sync resource does not exist locally.
2023-08-24 17:37:04.643 [info] Snippets: No changes found during synchronizing snippets.
2023-08-24 17:37:04.649 [info] Tasks: Last sync resource does not exist locally.
2023-08-24 17:37:05.163 [info] Tasks: No changes found during synchronizing tasks.
2023-08-24 17:37:05.165 [info] GlobalState: Last sync resource does not exist locally.
2023-08-24 17:37:06.415 [info] GlobalState: Updated remote ui state. Updated: cpp.1.sessionCount,cpp.1.lastSessionDate,java.2.sessionCount,java.2.lastSessionDate,javascript.1.sessionCount,javascript.1.lastSessionDate,typescript.1.sessionCount,typescript.1.lastSessionDate,csharp.1.lastSessionDate,csharp.1.sessionCount.
2023-08-24 17:37:06.528 [info] GlobalState: Updated last synchronized ui state
2023-08-24 17:37:06.530 [info] Extensions: Last sync resource does not exist locally.
2023-08-24 17:37:07.023 [info] Extensions: No changes found during synchronizing extensions.
2023-08-24 17:37:07.025 [info] Profiles: Last sync resource does not exist locally.
2023-08-24 17:37:07.270 [info] Profiles: No changes found during synchronizing profiles.
2023-08-24 17:37:07.272 [info] Sync done. Took 6611ms
2023-08-24 17:37:38.219 [info] Auto Sync: Triggered by Activity
2023-08-24 17:37:38.220 [info] Sync started.
2023-08-24 17:37:38.912 [info] Settings: No changes found during synchronizing settings.
2023-08-24 17:37:38.918 [info] Keybindings: No changes found during synchronizing keybindings.
2023-08-24 17:37:38.923 [info] Snippets: No changes found during synchronizing snippets.
2023-08-24 17:37:38.927 [info] Tasks: No changes found during synchronizing tasks.
2023-08-24 17:37:38.934 [info] GlobalState: No changes found during synchronizing ui state.
2023-08-24 17:37:39.048 [info] Extensions: No changes found during synchronizing extensions.
2023-08-24 17:37:39.049 [info] Profiles: No changes found during synchronizing profiles.
2023-08-24 17:37:39.051 [info] Sync done. Took 832ms
2023-08-24 17:41:48.607 [info] Auto Sync: Triggered by Activity
2023-08-24 17:41:48.607 [info] Sync started.
2023-08-24 17:41:49.076 [info] Settings: No changes found during synchronizing settings.
2023-08-24 17:41:49.080 [info] Keybindings: No changes found during synchronizing keybindings.
2023-08-24 17:41:49.084 [info] Snippets: No changes found during synchronizing snippets.
2023-08-24 17:41:49.086 [info] Tasks: No changes found during synchronizing tasks.
2023-08-24 17:41:49.090 [info] GlobalState: No changes found during synchronizing ui state.
2023-08-24 17:41:49.200 [info] Extensions: No changes found during synchronizing extensions.
2023-08-24 17:41:49.202 [info] Profiles: No changes found during synchronizing profiles.
2023-08-24 17:41:49.204 [info] Sync done. Took 598ms
2023-08-24 17:45:57.825 [info] Auto Sync: Triggered by Activity
2023-08-24 17:45:57.826 [info] Sync started.
2023-08-24 17:45:58.709 [info] Settings: No changes found during synchronizing settings.
2023-08-24 17:45:58.714 [info] Keybindings: No changes found during synchronizing keybindings.
2023-08-24 17:45:58.719 [info] Snippets: No changes found during synchronizing snippets.
2023-08-24 17:45:58.722 [info] Tasks: No changes found during synchronizing tasks.
2023-08-24 17:45:58.727 [info] GlobalState: No changes found during synchronizing ui state.
2023-08-24 17:45:58.841 [info] Extensions: No changes found during synchronizing extensions.
2023-08-24 17:45:58.843 [info] Profiles: No changes found during synchronizing profiles.
2023-08-24 17:45:58.844 [info] Sync done. Took 1020ms
2023-08-24 17:47:32.625 [info] Auto Sync: Triggered by Activity
2023-08-24 17:47:32.626 [info] Sync started.
2023-08-24 17:47:32.794 [info] Settings: No changes found during synchronizing settings.
2023-08-24 17:47:32.797 [info] Keybindings: No changes found during synchronizing keybindings.
2023-08-24 17:47:32.800 [info] Snippets: No changes found during synchronizing snippets.
2023-08-24 17:47:32.803 [info] Tasks: No changes found during synchronizing tasks.
2023-08-24 17:47:32.806 [info] GlobalState: No changes found during synchronizing ui state.
2023-08-24 17:47:32.910 [info] Extensions: No changes found during synchronizing extensions.
2023-08-24 17:47:32.911 [info] Profiles: No changes found during synchronizing profiles.
2023-08-24 17:47:32.915 [info] Sync done. Took 291ms
