2023-08-20 23:39:41.906 [info] Using settings sync service https://vscode-sync.trafficmanager.net/
2023-08-20 23:39:41.906 [info] Auto Sync is enabled.
2023-08-20 23:39:41.906 [info] Auto Sync: Suspended until auth token is available.
2023-08-20 23:39:42.739 [info] Deleting non existing profile from backup /home/blackbird/.config/Code/User/sync/extensions
2023-08-20 23:39:43.108 [info] Deleting non existing profile from backup /home/blackbird/.config/Code/User/sync/globalState
2023-08-20 23:39:43.503 [info] Deleting non existing profile from backup /home/blackbird/.config/Code/User/sync/keybindings
2023-08-20 23:39:43.548 [info] Auto Sync: Triggered by Interval
2023-08-20 23:39:43.548 [info] Sync started.
2023-08-20 23:39:44.553 [info] Deleting non existing profile from backup /home/blackbird/.config/Code/User/sync/profiles
2023-08-20 23:39:44.642 [info] Settings: No changes found during synchronizing settings.
2023-08-20 23:39:44.715 [info] Deleting non existing profile from backup /home/blackbird/.config/Code/User/sync/settings
2023-08-20 23:39:44.768 [info] Keybindings: Last sync resource does not exist locally.
2023-08-20 23:39:44.796 [info] Deleting non existing profile from backup /home/blackbird/.config/Code/User/sync/snippets
2023-08-20 23:39:44.900 [info] Deleting non existing profile from backup /home/blackbird/.config/Code/User/sync/tasks
2023-08-20 23:39:45.185 [info] Keybindings: No changes found during synchronizing keybindings.
2023-08-20 23:39:45.226 [info] Snippets: Last sync resource does not exist locally.
2023-08-20 23:39:45.879 [info] Snippets: No changes found during synchronizing snippets.
2023-08-20 23:39:45.880 [info] Tasks: Last sync resource does not exist locally.
2023-08-20 23:39:46.379 [info] Tasks: No changes found during synchronizing tasks.
2023-08-20 23:39:46.381 [info] GlobalState: Last sync resource does not exist locally.
2023-08-20 23:39:47.338 [info] GlobalState: No changes found during synchronizing ui state.
2023-08-20 23:39:47.340 [info] Extensions: Last sync resource does not exist locally.
2023-08-20 23:39:51.094 [info] Extensions: No changes found during synchronizing extensions.
2023-08-20 23:39:51.100 [info] Profiles: Last sync resource does not exist locally.
2023-08-20 23:39:51.263 [info] Profiles: No changes found during synchronizing profiles.
2023-08-20 23:39:51.265 [info] Sync done. Took 7719ms
2023-08-20 23:40:16.366 [info] Auto Sync: Triggered by Activity
2023-08-20 23:40:16.366 [info] Sync started.
2023-08-20 23:40:16.597 [info] Settings: Last sync resource does not exist locally.
2023-08-20 23:40:17.152 [info] Settings: No changes found during synchronizing settings.
2023-08-20 23:40:17.157 [info] Keybindings: No changes found during synchronizing keybindings.
2023-08-20 23:40:17.160 [info] Snippets: No changes found during synchronizing snippets.
2023-08-20 23:40:17.164 [info] Tasks: No changes found during synchronizing tasks.
2023-08-20 23:40:17.170 [info] GlobalState: No changes found during synchronizing ui state.
2023-08-20 23:40:17.271 [info] Extensions: No changes found during synchronizing extensions.
2023-08-20 23:40:17.273 [info] Profiles: No changes found during synchronizing profiles.
2023-08-20 23:40:17.274 [info] Sync done. Took 908ms
2023-08-20 23:41:28.462 [info] Auto Sync: Triggered by Activity
2023-08-20 23:41:28.462 [info] Sync started.
2023-08-20 23:41:28.752 [info] Settings: No changes found during synchronizing settings.
2023-08-20 23:41:28.762 [info] Keybindings: No changes found during synchronizing keybindings.
2023-08-20 23:41:28.769 [info] Snippets: No changes found during synchronizing snippets.
2023-08-20 23:41:28.776 [info] Tasks: No changes found during synchronizing tasks.
2023-08-20 23:41:28.783 [info] GlobalState: No changes found during synchronizing ui state.
2023-08-20 23:41:28.913 [info] Extensions: No changes found during synchronizing extensions.
2023-08-20 23:41:28.915 [info] Profiles: No changes found during synchronizing profiles.
2023-08-20 23:41:28.916 [info] Sync done. Took 455ms
2023-08-20 23:46:28.925 [info] Auto Sync: Triggered by Interval
2023-08-20 23:46:28.925 [info] Sync started.
2023-08-20 23:46:29.451 [info] Settings: No changes found during synchronizing settings.
2023-08-20 23:46:29.455 [info] Keybindings: No changes found during synchronizing keybindings.
2023-08-20 23:46:29.459 [info] Snippets: No changes found during synchronizing snippets.
2023-08-20 23:46:29.461 [info] Tasks: No changes found during synchronizing tasks.
2023-08-20 23:46:29.465 [info] GlobalState: No changes found during synchronizing ui state.
2023-08-20 23:46:29.557 [info] Extensions: No changes found during synchronizing extensions.
2023-08-20 23:46:29.559 [info] Profiles: No changes found during synchronizing profiles.
2023-08-20 23:46:29.560 [info] Sync done. Took 637ms
2023-08-20 23:51:29.567 [info] Auto Sync: Triggered by Interval
2023-08-20 23:51:29.569 [info] Sync started.
2023-08-20 23:51:30.052 [info] Settings: No changes found during synchronizing settings.
2023-08-20 23:51:30.061 [info] Keybindings: No changes found during synchronizing keybindings.
2023-08-20 23:51:30.069 [info] Snippets: No changes found during synchronizing snippets.
2023-08-20 23:51:30.074 [info] Tasks: No changes found during synchronizing tasks.
2023-08-20 23:51:30.080 [info] GlobalState: No changes found during synchronizing ui state.
2023-08-20 23:51:30.222 [info] Extensions: No changes found during synchronizing extensions.
2023-08-20 23:51:30.224 [info] Profiles: No changes found during synchronizing profiles.
2023-08-20 23:51:30.225 [info] Sync done. Took 660ms
2023-08-20 23:56:30.229 [info] Auto Sync: Triggered by Interval
2023-08-20 23:56:30.230 [info] Sync started.
2023-08-20 23:56:31.178 [info] Settings: No changes found during synchronizing settings.
2023-08-20 23:56:31.181 [info] Keybindings: No changes found during synchronizing keybindings.
2023-08-20 23:56:31.186 [info] Snippets: No changes found during synchronizing snippets.
2023-08-20 23:56:31.189 [info] Tasks: No changes found during synchronizing tasks.
2023-08-20 23:56:31.192 [info] GlobalState: No changes found during synchronizing ui state.
2023-08-20 23:56:31.291 [info] Extensions: No changes found during synchronizing extensions.
2023-08-20 23:56:31.292 [info] Profiles: No changes found during synchronizing profiles.
2023-08-20 23:56:31.294 [info] Sync done. Took 1065ms
2023-08-21 00:01:31.303 [info] Auto Sync: Triggered by Interval
2023-08-21 00:01:31.303 [info] Sync started.
2023-08-21 00:01:32.135 [info] Settings: No changes found during synchronizing settings.
2023-08-21 00:01:32.141 [info] Keybindings: No changes found during synchronizing keybindings.
2023-08-21 00:01:32.147 [info] Snippets: No changes found during synchronizing snippets.
2023-08-21 00:01:32.150 [info] Tasks: No changes found during synchronizing tasks.
2023-08-21 00:01:32.156 [info] GlobalState: No changes found during synchronizing ui state.
2023-08-21 00:01:32.254 [info] Extensions: No changes found during synchronizing extensions.
2023-08-21 00:01:32.255 [info] Profiles: No changes found during synchronizing profiles.
2023-08-21 00:01:32.257 [info] Sync done. Took 955ms
2023-08-21 00:06:32.267 [info] Auto Sync: Triggered by Interval
2023-08-21 00:06:32.267 [info] Sync started.
2023-08-21 00:06:32.749 [info] Settings: No changes found during synchronizing settings.
2023-08-21 00:06:32.758 [info] Keybindings: No changes found during synchronizing keybindings.
2023-08-21 00:06:32.766 [info] Snippets: No changes found during synchronizing snippets.
2023-08-21 00:06:32.773 [info] Tasks: No changes found during synchronizing tasks.
2023-08-21 00:06:32.784 [info] GlobalState: No changes found during synchronizing ui state.
2023-08-21 00:06:32.915 [info] Extensions: No changes found during synchronizing extensions.
2023-08-21 00:06:32.917 [info] Profiles: No changes found during synchronizing profiles.
2023-08-21 00:06:32.919 [info] Sync done. Took 653ms
2023-08-21 00:11:32.927 [info] Auto Sync: Triggered by Interval
2023-08-21 00:11:32.928 [info] Sync started.
2023-08-21 00:11:33.432 [info] Settings: No changes found during synchronizing settings.
2023-08-21 00:11:33.437 [info] Keybindings: No changes found during synchronizing keybindings.
2023-08-21 00:11:33.440 [info] Snippets: No changes found during synchronizing snippets.
2023-08-21 00:11:33.444 [info] Tasks: No changes found during synchronizing tasks.
2023-08-21 00:11:33.448 [info] GlobalState: No changes found during synchronizing ui state.
2023-08-21 00:11:33.553 [info] Extensions: No changes found during synchronizing extensions.
2023-08-21 00:11:33.558 [info] Profiles: No changes found during synchronizing profiles.
2023-08-21 00:11:33.559 [info] Sync done. Took 634ms
2023-08-21 00:16:33.570 [info] Auto Sync: Triggered by Interval
2023-08-21 00:16:33.571 [info] Sync started.
2023-08-21 00:16:34.062 [info] Settings: No changes found during synchronizing settings.
2023-08-21 00:16:34.067 [info] Keybindings: No changes found during synchronizing keybindings.
2023-08-21 00:16:34.071 [info] Snippets: No changes found during synchronizing snippets.
2023-08-21 00:16:34.075 [info] Tasks: No changes found during synchronizing tasks.
2023-08-21 00:16:34.080 [info] GlobalState: No changes found during synchronizing ui state.
2023-08-21 00:16:34.170 [info] Extensions: No changes found during synchronizing extensions.
2023-08-21 00:16:34.171 [info] Profiles: No changes found during synchronizing profiles.
2023-08-21 00:16:34.173 [info] Sync done. Took 604ms
2023-08-21 00:21:34.175 [info] Auto Sync: Triggered by Interval
2023-08-21 00:21:34.175 [info] Sync started.
2023-08-21 00:21:34.640 [info] Settings: No changes found during synchronizing settings.
2023-08-21 00:21:34.649 [info] Keybindings: No changes found during synchronizing keybindings.
2023-08-21 00:21:34.654 [info] Snippets: No changes found during synchronizing snippets.
2023-08-21 00:21:34.658 [info] Tasks: No changes found during synchronizing tasks.
2023-08-21 00:21:34.662 [info] GlobalState: No changes found during synchronizing ui state.
2023-08-21 00:21:34.793 [info] Extensions: No changes found during synchronizing extensions.
2023-08-21 00:21:34.795 [info] Profiles: No changes found during synchronizing profiles.
2023-08-21 00:21:34.797 [info] Sync done. Took 623ms
2023-08-21 00:26:34.799 [info] Auto Sync: Triggered by Interval
2023-08-21 00:26:34.800 [info] Sync started.
2023-08-21 00:26:35.394 [info] Settings: No changes found during synchronizing settings.
2023-08-21 00:26:35.397 [info] Keybindings: No changes found during synchronizing keybindings.
2023-08-21 00:26:35.400 [info] Snippets: No changes found during synchronizing snippets.
2023-08-21 00:26:35.403 [info] Tasks: No changes found during synchronizing tasks.
2023-08-21 00:26:35.407 [info] GlobalState: No changes found during synchronizing ui state.
2023-08-21 00:26:35.514 [info] Extensions: No changes found during synchronizing extensions.
2023-08-21 00:26:35.515 [info] Profiles: No changes found during synchronizing profiles.
2023-08-21 00:26:35.517 [info] Sync done. Took 718ms
2023-08-21 00:31:35.519 [info] Auto Sync: Triggered by Interval
2023-08-21 00:31:35.519 [info] Sync started.
2023-08-21 00:31:36.019 [info] Settings: No changes found during synchronizing settings.
2023-08-21 00:31:36.023 [info] Keybindings: No changes found during synchronizing keybindings.
2023-08-21 00:31:36.027 [info] Snippets: No changes found during synchronizing snippets.
2023-08-21 00:31:36.029 [info] Tasks: No changes found during synchronizing tasks.
2023-08-21 00:31:36.034 [info] GlobalState: No changes found during synchronizing ui state.
2023-08-21 00:31:36.132 [info] Extensions: No changes found during synchronizing extensions.
2023-08-21 00:31:36.133 [info] Profiles: No changes found during synchronizing profiles.
2023-08-21 00:31:36.135 [info] Sync done. Took 617ms
2023-08-21 00:36:36.138 [info] Auto Sync: Triggered by Interval
2023-08-21 00:36:36.138 [info] Sync started.
2023-08-21 00:36:36.629 [info] Settings: No changes found during synchronizing settings.
2023-08-21 00:36:36.637 [info] Keybindings: No changes found during synchronizing keybindings.
2023-08-21 00:36:36.644 [info] Snippets: No changes found during synchronizing snippets.
2023-08-21 00:36:36.649 [info] Tasks: No changes found during synchronizing tasks.
2023-08-21 00:36:36.655 [info] GlobalState: No changes found during synchronizing ui state.
2023-08-21 00:36:36.773 [info] Extensions: No changes found during synchronizing extensions.
2023-08-21 00:36:36.774 [info] Profiles: No changes found during synchronizing profiles.
2023-08-21 00:36:36.776 [info] Sync done. Took 638ms
2023-08-21 00:41:36.779 [info] Auto Sync: Triggered by Interval
2023-08-21 00:41:36.780 [info] Sync started.
2023-08-21 00:41:37.277 [info] Settings: No changes found during synchronizing settings.
2023-08-21 00:41:37.284 [info] Keybindings: No changes found during synchronizing keybindings.
2023-08-21 00:41:37.291 [info] Snippets: No changes found during synchronizing snippets.
2023-08-21 00:41:37.298 [info] Tasks: No changes found during synchronizing tasks.
2023-08-21 00:41:37.307 [info] GlobalState: No changes found during synchronizing ui state.
2023-08-21 00:41:37.413 [info] Extensions: No changes found during synchronizing extensions.
2023-08-21 00:41:37.416 [info] Profiles: No changes found during synchronizing profiles.
2023-08-21 00:41:37.417 [info] Sync done. Took 639ms
2023-08-21 00:46:37.419 [info] Auto Sync: Triggered by Interval
2023-08-21 00:46:37.419 [info] Sync started.
2023-08-21 00:46:37.904 [info] Settings: No changes found during synchronizing settings.
2023-08-21 00:46:37.908 [info] Keybindings: No changes found during synchronizing keybindings.
2023-08-21 00:46:37.912 [info] Snippets: No changes found during synchronizing snippets.
2023-08-21 00:46:37.915 [info] Tasks: No changes found during synchronizing tasks.
2023-08-21 00:46:37.919 [info] GlobalState: No changes found during synchronizing ui state.
2023-08-21 00:46:38.012 [info] Extensions: No changes found during synchronizing extensions.
2023-08-21 00:46:38.013 [info] Profiles: No changes found during synchronizing profiles.
2023-08-21 00:46:38.014 [info] Sync done. Took 597ms
2023-08-21 00:51:38.016 [info] Auto Sync: Triggered by Interval
2023-08-21 00:51:38.017 [info] Sync started.
2023-08-21 00:51:38.566 [info] Settings: No changes found during synchronizing settings.
2023-08-21 00:51:38.574 [info] Keybindings: No changes found during synchronizing keybindings.
2023-08-21 00:51:38.581 [info] Snippets: No changes found during synchronizing snippets.
2023-08-21 00:51:38.587 [info] Tasks: No changes found during synchronizing tasks.
2023-08-21 00:51:38.595 [info] GlobalState: No changes found during synchronizing ui state.
2023-08-21 00:51:38.722 [info] Extensions: No changes found during synchronizing extensions.
2023-08-21 00:51:38.722 [info] Profiles: No changes found during synchronizing profiles.
2023-08-21 00:51:38.724 [info] Sync done. Took 708ms
2023-08-21 00:56:38.727 [info] Auto Sync: Triggered by Interval
2023-08-21 00:56:38.727 [info] Sync started.
2023-08-21 00:56:39.213 [info] Settings: No changes found during synchronizing settings.
2023-08-21 00:56:39.218 [info] Keybindings: No changes found during synchronizing keybindings.
2023-08-21 00:56:39.222 [info] Snippets: No changes found during synchronizing snippets.
2023-08-21 00:56:39.226 [info] Tasks: No changes found during synchronizing tasks.
2023-08-21 00:56:39.230 [info] GlobalState: No changes found during synchronizing ui state.
2023-08-21 00:56:39.334 [info] Extensions: No changes found during synchronizing extensions.
2023-08-21 00:56:39.335 [info] Profiles: No changes found during synchronizing profiles.
2023-08-21 00:56:39.337 [info] Sync done. Took 611ms
2023-08-21 01:01:39.339 [info] Auto Sync: Triggered by Interval
2023-08-21 01:01:39.339 [info] Sync started.
2023-08-21 01:01:39.896 [info] Settings: No changes found during synchronizing settings.
2023-08-21 01:01:39.901 [info] Keybindings: No changes found during synchronizing keybindings.
2023-08-21 01:01:39.904 [info] Snippets: No changes found during synchronizing snippets.
2023-08-21 01:01:39.907 [info] Tasks: No changes found during synchronizing tasks.
2023-08-21 01:01:39.912 [info] GlobalState: No changes found during synchronizing ui state.
2023-08-21 01:01:40.007 [info] Extensions: No changes found during synchronizing extensions.
2023-08-21 01:01:40.008 [info] Profiles: No changes found during synchronizing profiles.
2023-08-21 01:01:40.010 [info] Sync done. Took 672ms
2023-08-21 01:06:40.015 [info] Auto Sync: Triggered by Interval
2023-08-21 01:06:40.015 [info] Sync started.
2023-08-21 01:06:41.256 [info] Settings: No changes found during synchronizing settings.
2023-08-21 01:06:41.260 [info] Keybindings: No changes found during synchronizing keybindings.
2023-08-21 01:06:41.264 [info] Snippets: No changes found during synchronizing snippets.
2023-08-21 01:06:41.266 [info] Tasks: No changes found during synchronizing tasks.
2023-08-21 01:06:41.269 [info] GlobalState: No changes found during synchronizing ui state.
2023-08-21 01:06:41.390 [info] Extensions: No changes found during synchronizing extensions.
2023-08-21 01:06:41.391 [info] Profiles: No changes found during synchronizing profiles.
2023-08-21 01:06:41.393 [info] Sync done. Took 1379ms
2023-08-21 01:11:41.399 [info] Auto Sync: Triggered by Interval
2023-08-21 01:11:41.399 [info] Sync started.
2023-08-21 01:11:41.896 [info] Settings: No changes found during synchronizing settings.
2023-08-21 01:11:41.901 [info] Keybindings: No changes found during synchronizing keybindings.
2023-08-21 01:11:41.905 [info] Snippets: No changes found during synchronizing snippets.
2023-08-21 01:11:41.908 [info] Tasks: No changes found during synchronizing tasks.
2023-08-21 01:11:41.912 [info] GlobalState: No changes found during synchronizing ui state.
2023-08-21 01:11:42.012 [info] Extensions: No changes found during synchronizing extensions.
2023-08-21 01:11:42.017 [info] Profiles: No changes found during synchronizing profiles.
2023-08-21 01:11:42.018 [info] Sync done. Took 621ms
2023-08-21 01:16:42.022 [info] Auto Sync: Triggered by Interval
2023-08-21 01:16:42.023 [info] Sync started.
2023-08-21 01:16:43.080 [info] Settings: No changes found during synchronizing settings.
2023-08-21 01:16:43.084 [info] Keybindings: No changes found during synchronizing keybindings.
2023-08-21 01:16:43.087 [info] Snippets: No changes found during synchronizing snippets.
2023-08-21 01:16:43.090 [info] Tasks: No changes found during synchronizing tasks.
2023-08-21 01:16:43.094 [info] GlobalState: No changes found during synchronizing ui state.
2023-08-21 01:16:43.192 [info] Extensions: No changes found during synchronizing extensions.
2023-08-21 01:16:43.194 [info] Profiles: No changes found during synchronizing profiles.
2023-08-21 01:16:43.195 [info] Sync done. Took 1174ms
2023-08-21 01:21:43.196 [info] Auto Sync: Triggered by Interval
2023-08-21 01:21:43.197 [info] Sync started.
2023-08-21 01:21:44.566 [info] Settings: No changes found during synchronizing settings.
2023-08-21 01:21:44.570 [info] Keybindings: No changes found during synchronizing keybindings.
2023-08-21 01:21:44.574 [info] Snippets: No changes found during synchronizing snippets.
2023-08-21 01:21:44.579 [info] Tasks: No changes found during synchronizing tasks.
2023-08-21 01:21:44.583 [info] GlobalState: No changes found during synchronizing ui state.
2023-08-21 01:21:44.728 [info] Extensions: No changes found during synchronizing extensions.
2023-08-21 01:21:44.730 [info] Profiles: No changes found during synchronizing profiles.
2023-08-21 01:21:44.733 [info] Sync done. Took 1536ms
2023-08-21 01:26:44.737 [info] Auto Sync: Triggered by Interval
2023-08-21 01:26:44.737 [info] Sync started.
2023-08-21 01:26:45.660 [info] Settings: No changes found during synchronizing settings.
2023-08-21 01:26:45.665 [info] Keybindings: No changes found during synchronizing keybindings.
2023-08-21 01:26:45.670 [info] Snippets: No changes found during synchronizing snippets.
2023-08-21 01:26:45.674 [info] Tasks: No changes found during synchronizing tasks.
2023-08-21 01:26:45.680 [info] GlobalState: No changes found during synchronizing ui state.
2023-08-21 01:26:45.778 [info] Extensions: No changes found during synchronizing extensions.
2023-08-21 01:26:45.783 [info] Profiles: No changes found during synchronizing profiles.
2023-08-21 01:26:45.784 [info] Sync done. Took 1048ms
2023-08-21 01:31:45.787 [info] Auto Sync: Triggered by Interval
2023-08-21 01:31:45.787 [info] Sync started.
2023-08-21 01:31:46.691 [info] Settings: No changes found during synchronizing settings.
2023-08-21 01:31:46.695 [info] Keybindings: No changes found during synchronizing keybindings.
2023-08-21 01:31:46.699 [info] Snippets: No changes found during synchronizing snippets.
2023-08-21 01:31:46.702 [info] Tasks: No changes found during synchronizing tasks.
2023-08-21 01:31:46.708 [info] GlobalState: No changes found during synchronizing ui state.
2023-08-21 01:31:46.792 [info] Extensions: No changes found during synchronizing extensions.
2023-08-21 01:31:46.793 [info] Profiles: No changes found during synchronizing profiles.
2023-08-21 01:31:46.795 [info] Sync done. Took 1009ms
2023-08-21 01:36:46.799 [info] Auto Sync: Triggered by Interval
2023-08-21 01:36:46.799 [info] Sync started.
2023-08-21 01:36:47.972 [info] Settings: No changes found during synchronizing settings.
2023-08-21 01:36:47.978 [info] Keybindings: No changes found during synchronizing keybindings.
2023-08-21 01:36:47.983 [info] Snippets: No changes found during synchronizing snippets.
2023-08-21 01:36:47.987 [info] Tasks: No changes found during synchronizing tasks.
2023-08-21 01:36:47.991 [info] GlobalState: No changes found during synchronizing ui state.
2023-08-21 01:36:48.109 [info] Extensions: No changes found during synchronizing extensions.
2023-08-21 01:36:48.110 [info] Profiles: No changes found during synchronizing profiles.
2023-08-21 01:36:48.111 [info] Sync done. Took 1314ms
2023-08-21 01:41:48.113 [info] Auto Sync: Triggered by Interval
2023-08-21 01:41:48.113 [info] Sync started.
2023-08-21 01:41:49.056 [info] Settings: No changes found during synchronizing settings.
2023-08-21 01:41:49.063 [info] Keybindings: No changes found during synchronizing keybindings.
2023-08-21 01:41:49.071 [info] Snippets: No changes found during synchronizing snippets.
2023-08-21 01:41:49.076 [info] Tasks: No changes found during synchronizing tasks.
2023-08-21 01:41:49.082 [info] GlobalState: No changes found during synchronizing ui state.
2023-08-21 01:41:49.181 [info] Extensions: No changes found during synchronizing extensions.
2023-08-21 01:41:49.186 [info] Profiles: No changes found during synchronizing profiles.
2023-08-21 01:41:49.187 [info] Sync done. Took 1075ms
2023-08-21 01:46:49.189 [info] Auto Sync: Triggered by Interval
2023-08-21 01:46:49.189 [info] Sync started.
2023-08-21 01:46:50.055 [info] Settings: No changes found during synchronizing settings.
2023-08-21 01:46:50.060 [info] Keybindings: No changes found during synchronizing keybindings.
2023-08-21 01:46:50.064 [info] Snippets: No changes found during synchronizing snippets.
2023-08-21 01:46:50.069 [info] Tasks: No changes found during synchronizing tasks.
2023-08-21 01:46:50.075 [info] GlobalState: No changes found during synchronizing ui state.
2023-08-21 01:46:50.173 [info] Extensions: No changes found during synchronizing extensions.
2023-08-21 01:46:50.174 [info] Profiles: No changes found during synchronizing profiles.
2023-08-21 01:46:50.175 [info] Sync done. Took 987ms
2023-08-21 01:51:50.179 [info] Auto Sync: Triggered by Interval
2023-08-21 01:51:50.180 [info] Sync started.
2023-08-21 01:51:51.133 [info] Settings: No changes found during synchronizing settings.
2023-08-21 01:51:51.140 [info] Keybindings: No changes found during synchronizing keybindings.
2023-08-21 01:51:51.147 [info] Snippets: No changes found during synchronizing snippets.
2023-08-21 01:51:51.153 [info] Tasks: No changes found during synchronizing tasks.
2023-08-21 01:51:51.161 [info] GlobalState: No changes found during synchronizing ui state.
2023-08-21 01:51:51.289 [info] Extensions: No changes found during synchronizing extensions.
2023-08-21 01:51:51.291 [info] Profiles: No changes found during synchronizing profiles.
2023-08-21 01:51:51.292 [info] Sync done. Took 1115ms
2023-08-21 01:56:51.295 [info] Auto Sync: Triggered by Interval
2023-08-21 01:56:51.295 [info] Sync started.
2023-08-21 01:56:56.934 [info] Settings: No changes found during synchronizing settings.
2023-08-21 01:56:56.938 [info] Keybindings: No changes found during synchronizing keybindings.
2023-08-21 01:56:56.943 [info] Snippets: No changes found during synchronizing snippets.
2023-08-21 01:56:56.946 [info] Tasks: No changes found during synchronizing tasks.
2023-08-21 01:56:56.949 [info] GlobalState: No changes found during synchronizing ui state.
2023-08-21 01:56:57.036 [info] Extensions: No changes found during synchronizing extensions.
2023-08-21 01:56:57.041 [info] Profiles: No changes found during synchronizing profiles.
2023-08-21 01:56:57.042 [info] Sync done. Took 5749ms
2023-08-21 02:01:57.052 [info] Auto Sync: Triggered by Interval
2023-08-21 02:01:57.053 [info] Sync started.
2023-08-21 02:01:57.826 [info] Settings: No changes found during synchronizing settings.
2023-08-21 02:01:57.830 [info] Keybindings: No changes found during synchronizing keybindings.
2023-08-21 02:01:57.834 [info] Snippets: No changes found during synchronizing snippets.
2023-08-21 02:01:57.837 [info] Tasks: No changes found during synchronizing tasks.
2023-08-21 02:01:57.843 [info] GlobalState: No changes found during synchronizing ui state.
2023-08-21 02:01:57.929 [info] Extensions: No changes found during synchronizing extensions.
2023-08-21 02:01:57.930 [info] Profiles: No changes found during synchronizing profiles.
2023-08-21 02:01:57.931 [info] Sync done. Took 880ms
2023-08-21 02:06:57.939 [info] Auto Sync: Triggered by Interval
2023-08-21 02:06:57.939 [info] Sync started.
2023-08-21 02:06:58.412 [info] Settings: No changes found during synchronizing settings.
2023-08-21 02:06:58.420 [info] Keybindings: No changes found during synchronizing keybindings.
2023-08-21 02:06:58.428 [info] Snippets: No changes found during synchronizing snippets.
2023-08-21 02:06:58.434 [info] Tasks: No changes found during synchronizing tasks.
2023-08-21 02:06:58.440 [info] GlobalState: No changes found during synchronizing ui state.
2023-08-21 02:06:58.559 [info] Extensions: No changes found during synchronizing extensions.
2023-08-21 02:06:58.560 [info] Profiles: No changes found during synchronizing profiles.
2023-08-21 02:06:58.563 [info] Sync done. Took 625ms
2023-08-21 02:11:58.574 [info] Auto Sync: Triggered by Interval
2023-08-21 02:11:58.575 [info] Sync started.
2023-08-21 02:12:00.017 [info] Settings: No changes found during synchronizing settings.
2023-08-21 02:12:00.022 [info] Keybindings: No changes found during synchronizing keybindings.
2023-08-21 02:12:00.028 [info] Snippets: No changes found during synchronizing snippets.
2023-08-21 02:12:00.032 [info] Tasks: No changes found during synchronizing tasks.
2023-08-21 02:12:00.038 [info] GlobalState: No changes found during synchronizing ui state.
2023-08-21 02:12:00.134 [info] Extensions: No changes found during synchronizing extensions.
2023-08-21 02:12:00.138 [info] Profiles: No changes found during synchronizing profiles.
2023-08-21 02:12:00.140 [info] Sync done. Took 1566ms
2023-08-21 02:17:00.142 [info] Auto Sync: Triggered by Interval
2023-08-21 02:17:00.143 [info] Sync started.
2023-08-21 02:17:00.629 [info] Settings: No changes found during synchronizing settings.
2023-08-21 02:17:00.634 [info] Keybindings: No changes found during synchronizing keybindings.
2023-08-21 02:17:00.638 [info] Snippets: No changes found during synchronizing snippets.
2023-08-21 02:17:00.641 [info] Tasks: No changes found during synchronizing tasks.
2023-08-21 02:17:00.647 [info] GlobalState: No changes found during synchronizing ui state.
2023-08-21 02:17:00.737 [info] Extensions: No changes found during synchronizing extensions.
2023-08-21 02:17:00.739 [info] Profiles: No changes found during synchronizing profiles.
2023-08-21 02:17:00.741 [info] Sync done. Took 599ms
2023-08-21 02:22:00.743 [info] Auto Sync: Triggered by Interval
2023-08-21 02:22:00.743 [info] Sync started.
2023-08-21 02:22:01.218 [info] Settings: No changes found during synchronizing settings.
2023-08-21 02:22:01.225 [info] Keybindings: No changes found during synchronizing keybindings.
2023-08-21 02:22:01.230 [info] Snippets: No changes found during synchronizing snippets.
2023-08-21 02:22:01.235 [info] Tasks: No changes found during synchronizing tasks.
2023-08-21 02:22:01.241 [info] GlobalState: No changes found during synchronizing ui state.
2023-08-21 02:22:01.364 [info] Extensions: No changes found during synchronizing extensions.
2023-08-21 02:22:01.365 [info] Profiles: No changes found during synchronizing profiles.
2023-08-21 02:22:01.367 [info] Sync done. Took 625ms
