2023-08-22 21:14:48.705 [info] Extension host with pid 8848 started
2023-08-22 21:14:48.705 [info] Skipping acquiring lock for /home/blackbird/.config/Code/User/workspaceStorage/24f37ecbc71eddfa8926baf237eb276c.
2023-08-22 21:14:48.769 [info] ExtensionService#_doActivateExtension vscode.ipynb, startup: false, activationEvent: 'onNotebookSerializer:jupyter-notebook'
2023-08-22 21:14:48.848 [info] ExtensionService#_doActivateExtension vscode.git-base, startup: true, activationEvent: '*', root cause: vscode.git
2023-08-22 21:14:48.924 [info] ExtensionService#_doActivateExtension vscode.git, startup: true, activationEvent: '*'
2023-08-22 21:14:49.019 [info] ExtensionService#_doActivateExtension vscode.github, startup: true, activationEvent: '*'
2023-08-22 21:14:49.396 [info] ExtensionService#_doActivateExtension ms-toolsai.jupyter, startup: false, activationEvent: 'onNotebook:jupyter-notebook'
2023-08-22 21:14:50.480 [info] ExtensionService#_doActivateExtension ms-toolsai.jupyter-renderers, startup: false, activationEvent: 'onNotebook:*'
2023-08-22 21:14:52.544 [info] ExtensionService#_doActivateExtension vscode.github-authentication, startup: false, activationEvent: 'onAuthenticationRequest:github'
2023-08-22 21:14:52.588 [info] ExtensionService#_doActivateExtension ms-python.python, startup: false, activationEvent: 'api', root cause: ms-toolsai.jupyter
2023-08-22 21:14:54.308 [info] ExtensionService#_doActivateExtension vscode.emmet, startup: false, activationEvent: 'onLanguage'
2023-08-22 21:14:54.573 [info] ExtensionService#_doActivateExtension ms-python.vscode-pylance, startup: false, activationEvent: 'onLanguage:python'
2023-08-22 21:14:55.363 [info] ExtensionService#_doActivateExtension vscode.microsoft-authentication, startup: false, activationEvent: 'onAuthenticationRequest:microsoft'
2023-08-22 21:14:55.630 [info] Eager extensions activated
2023-08-22 21:14:55.632 [info] ExtensionService#_doActivateExtension vscode.debug-auto-launch, startup: false, activationEvent: 'onStartupFinished'
2023-08-22 21:14:55.660 [info] ExtensionService#_doActivateExtension vscode.merge-conflict, startup: false, activationEvent: 'onStartupFinished'
2023-08-22 21:14:55.694 [info] ExtensionService#_doActivateExtension ms-vscode-remote.remote-containers, startup: false, activationEvent: 'onStartupFinished'
2023-08-22 21:14:55.862 [info] ExtensionService#_doActivateExtension ms-vscode-remote.remote-wsl, startup: false, activationEvent: 'onStartupFinished'
2023-08-22 21:14:59.225 [info] ExtensionService#_doActivateExtension vscode.json-language-features, startup: false, activationEvent: 'onLanguage:jsonc'
2023-08-22 21:14:59.282 [info] ExtensionService#_doActivateExtension vscode.typescript-language-features, startup: false, activationEvent: 'onLanguage:jsonc'
2023-08-22 21:15:02.211 [info] Extension host terminating: renderer closed the MessagePort
2023-08-22 21:15:02.257 [error] Canceled: Canceled
	at e.throwIfCanceled (/home/blackbird/.vscode/extensions/ms-toolsai.jupyter-2023.7.1002162226-linux-x64/out/extension.node.js:2:1745170)
	at Ky.launchProcess (/home/blackbird/.vscode/extensions/ms-toolsai.jupyter-2023.7.1002162226-linux-x64/out/extension.node.js:24:101971)
	at async /home/blackbird/.vscode/extensions/ms-toolsai.jupyter-2023.7.1002162226-linux-x64/out/extension.node.js:24:100416
2023-08-22 21:15:02.270 [info] Extension host with pid 8848 exiting with code 0
