2023-08-24 23:33:44.519 [info] Log level: Info
2023-08-24 23:33:44.519 [info] Validating found git in: "git"
2023-08-24 23:33:44.519 [info] Using git "2.35.3" from "git"
2023-08-24 23:33:44.519 [info] > git rev-parse --show-toplevel [44ms]
2023-08-24 23:33:44.519 [info] fatal: not a git repository (or any parent up to mount point /)
Stopping at filesystem boundary (GIT_DISCOVERY_ACROSS_FILESYSTEM not set).
2023-08-24 23:33:44.519 [info] > git rev-parse --show-toplevel [98ms]
2023-08-24 23:33:44.519 [info] fatal: not a git repository (or any parent up to mount point /)
Stopping at filesystem boundary (GIT_DISCOVERY_ACROSS_FILESYSTEM not set).
2023-08-24 23:33:44.546 [info] > git rev-parse --show-toplevel [5ms]
2023-08-24 23:33:44.546 [info] fatal: not a git repository (or any parent up to mount point /)
Stopping at filesystem boundary (GIT_DISCOVERY_ACROSS_FILESYSTEM not set).
2023-08-24 23:33:44.563 [info] > git rev-parse --show-toplevel [2ms]
2023-08-24 23:33:44.563 [info] fatal: not a git repository (or any parent up to mount point /)
Stopping at filesystem boundary (GIT_DISCOVERY_ACROSS_FILESYSTEM not set).
2023-08-24 23:33:45.278 [info] > git rev-parse --show-toplevel [55ms]
2023-08-24 23:33:45.279 [info] fatal: not a git repository (or any parent up to mount point /)
Stopping at filesystem boundary (GIT_DISCOVERY_ACROSS_FILESYSTEM not set).
2023-08-24 23:33:46.379 [info] > git rev-parse --show-toplevel [4ms]
2023-08-24 23:33:46.379 [info] fatal: not a git repository (or any parent up to mount point /)
Stopping at filesystem boundary (GIT_DISCOVERY_ACROSS_FILESYSTEM not set).
2023-08-24 23:33:46.970 [info] > git rev-parse --show-toplevel [1ms]
2023-08-24 23:33:46.971 [info] fatal: not a git repository (or any parent up to mount point /)
Stopping at filesystem boundary (GIT_DISCOVERY_ACROSS_FILESYSTEM not set).
2023-08-24 23:33:47.414 [info] > git rev-parse --show-toplevel [0ms]
2023-08-24 23:33:47.414 [info] fatal: not a git repository (or any parent up to mount point /)
Stopping at filesystem boundary (GIT_DISCOVERY_ACROSS_FILESYSTEM not set).
