Visual Studio Code (1.81.1, undefined, desktop)
Jupyter Extension Version: 2023.7.1002162226.
Python Extension Version: 2023.14.0.
Platform: linux (x64).
Workspace folder ~/Documents/CodingProjects/Regression, Home = /home/blackbird
23:44:39.845 [info] User belongs to experiment group 'FastKernelPicker'
23:44:39.845 [info] User belongs to experiment group 'NewRemoteUriStorage'
23:44:39.845 [info] User belongs to experiment group 'PasswordManager'
23:44:39.845 [info] User belongs to experiment group 'NewJupyterSession'
23:44:40.322 [info] Start refreshing Kernel Picker (1692909880322)
23:44:40.331 [info] Using Pylance
23:44:40.383 [info] Start refreshing Interpreter Kernel Picker
23:44:41.554 [info] Starting Kernel startUsingPythonInterpreter, .jvsc74a57bd0163ae9de86cdc0f9ab2396f62f1ebf76e18b8456837acca1cebd3b1abfed9552.~/Documents/CodingProjects/Regression/envs/python.~/Documents/CodingProjects/Regression/envs/python.-m#ipykernel_launcher  (Python Path: ~/Documents/CodingProjects/Regression/envs/bin/python, Conda, 3.11.4) for '~/Documents/CodingProjects/Regression/boston.ipynb' (disableUI=true)
23:44:41.579 [warn] Failed to get activated env vars for /usr/bin/python3 in 639ms
23:44:41.596 [info] Process Execution: /usr/bin/python3 -c "import site;print("USER_BASE_VALUE");print(site.USER_BASE);print("USER_BASE_VALUE");"
23:44:41.650 [info] Process Execution: /usr/bin/python3 -m pip list
23:44:43.362 [info] Process Execution: ~/Documents/CodingProjects/Regression/envs/bin/python -m pip list
23:44:43.481 [info] Process Execution: ~/Documents/CodingProjects/Regression/envs/bin/python -c "import ipykernel; print(ipykernel.__version__); print("5dc3a68c-e34e-4080-9c3e-2a532b2ccb4d"); print(ipykernel.__file__)"
23:44:43.493 [info] Process Execution: ~/Documents/CodingProjects/Regression/envs/bin/python -m ipykernel_launcher --ip=127.0.0.1 --stdin=9003 --control=9001 --hb=9000 --Session.signature_scheme="hmac-sha256" --Session.key=b"5ac95645-735a-40c7-ac6c-c9190edf969a" --shell=9002 --transport="tcp" --iopub=9004 --f=~/.local/share/jupyter/runtime/kernel-v2-18509ojfsjm0qUXLG.json
    > cwd: ~/Documents/CodingProjects/Regression
23:44:43.513 [info] End refreshing Kernel Picker (1692909880322)
23:44:43.735 [info] ipykernel version & path 6.25.0, ~/Documents/CodingProjects/Regression/envs/lib/python3.11/site-packages/ipykernel/__init__.py for ~/Documents/CodingProjects/Regression/envs/bin/python
23:44:44.177 [warn] StdErr from Kernel Process 0.00s - Debugger warning: It seems that frozen modules are being used, which may
0.00s - make the debugger miss breakpoints. Please pass -Xfrozen_modules=off
0.00s - to python to disable frozen modules.
0.00s - Note: Debugging will proceed. Set PYDEVD_DISABLE_FILE_VALIDATION=1 to disable this validation.
23:44:44.523 [info] Started Kernel envs (Python 3.11.4) (pid: 18799)
23:44:44.523 [info] Started new session a25c9fae-c5ec-4f21-917e-82e88a73899e
23:44:44.568 [info] Process Execution: ~/Documents/CodingProjects/Regression/envs/bin/python ~/.vscode/extensions/ms-toolsai.jupyter-2023.7.1002162226-linux-x64/pythonFiles/printJupyterDataDir.py
23:45:28.083 [info] Disposing HostJupyterExecution
23:45:28.083 [info] Shutting down notebooks for b1b9335a-0375-419e-bf0e-ea56fbac1752
23:45:28.083 [info] Dispose Kernel '~/Documents/CodingProjects/Regression/boston.ipynb' associated with '~/Documents/CodingProjects/Regression/boston.ipynb'
23:45:28.084 [info] Dispose Kernel process 18799.
23:45:28.094 [info] Disposing HostJupyterExecution
