2023-08-24 18:41:25.336 [info] Log level: Info
2023-08-24 18:41:25.336 [info] Validating found git in: "git"
2023-08-24 18:41:25.336 [info] Using git "2.35.3" from "git"
2023-08-24 18:41:25.336 [info] > git rev-parse --show-toplevel [140ms]
2023-08-24 18:41:25.336 [info] fatal: not a git repository (or any parent up to mount point /)
Stopping at filesystem boundary (GIT_DISCOVERY_ACROSS_FILESYSTEM not set).
2023-08-24 18:41:25.336 [info] > git rev-parse --show-toplevel [23ms]
2023-08-24 18:41:25.336 [info] fatal: not a git repository (or any parent up to mount point /)
Stopping at filesystem boundary (GIT_DISCOVERY_ACROSS_FILESYSTEM not set).
2023-08-24 18:41:25.338 [info] > git rev-parse --show-toplevel [3ms]
2023-08-24 18:41:25.338 [info] fatal: not a git repository (or any parent up to mount point /)
Stopping at filesystem boundary (GIT_DISCOVERY_ACROSS_FILESYSTEM not set).
2023-08-24 18:41:26.289 [info] > git rev-parse --show-toplevel [4ms]
2023-08-24 18:41:26.289 [info] fatal: not a git repository (or any parent up to mount point /)
Stopping at filesystem boundary (GIT_DISCOVERY_ACROSS_FILESYSTEM not set).
2023-08-24 18:41:26.372 [info] > git rev-parse --show-toplevel [69ms]
2023-08-24 18:41:26.372 [info] fatal: not a git repository (or any parent up to mount point /)
Stopping at filesystem boundary (GIT_DISCOVERY_ACROSS_FILESYSTEM not set).
2023-08-24 18:41:26.431 [info] > git rev-parse --show-toplevel [45ms]
2023-08-24 18:41:26.431 [info] fatal: not a git repository (or any parent up to mount point /)
Stopping at filesystem boundary (GIT_DISCOVERY_ACROSS_FILESYSTEM not set).
2023-08-24 18:41:26.463 [info] > git rev-parse --show-toplevel [23ms]
2023-08-24 18:41:26.463 [info] fatal: not a git repository (or any parent up to mount point /)
Stopping at filesystem boundary (GIT_DISCOVERY_ACROSS_FILESYSTEM not set).
2023-08-24 18:41:26.611 [info] > git rev-parse --show-toplevel [26ms]
2023-08-24 18:41:26.611 [info] fatal: not a git repository (or any parent up to mount point /)
Stopping at filesystem boundary (GIT_DISCOVERY_ACROSS_FILESYSTEM not set).
