2023-08-23 17:28:23.277 [info] Log level: Info
2023-08-23 17:28:23.277 [info] Validating found git in: "git"
2023-08-23 17:28:23.277 [info] Using git "2.35.3" from "git"
2023-08-23 17:28:23.277 [info] > git rev-parse --show-toplevel [1463ms]
2023-08-23 17:28:23.277 [info] fatal: not a git repository (or any parent up to mount point /)
Stopping at filesystem boundary (GIT_DISCOVERY_ACROSS_FILESYSTEM not set).
2023-08-23 17:28:23.277 [info] > git rev-parse --show-toplevel [364ms]
2023-08-23 17:28:23.277 [info] fatal: not a git repository (or any parent up to mount point /)
Stopping at filesystem boundary (GIT_DISCOVERY_ACROSS_FILESYSTEM not set).
2023-08-23 17:28:23.280 [info] > git rev-parse --show-toplevel [9ms]
2023-08-23 17:28:23.280 [info] fatal: not a git repository (or any parent up to mount point /)
Stopping at filesystem boundary (GIT_DISCOVERY_ACROSS_FILESYSTEM not set).
2023-08-23 17:28:23.399 [info] > git rev-parse --show-toplevel [64ms]
2023-08-23 17:28:23.399 [info] fatal: not a git repository (or any parent up to mount point /)
Stopping at filesystem boundary (GIT_DISCOVERY_ACROSS_FILESYSTEM not set).
2023-08-23 17:28:24.779 [info] > git rev-parse --show-toplevel [1265ms]
2023-08-23 17:28:24.779 [info] fatal: not a git repository (or any parent up to mount point /)
Stopping at filesystem boundary (GIT_DISCOVERY_ACROSS_FILESYSTEM not set).
2023-08-23 17:28:24.840 [info] > git rev-parse --show-toplevel [39ms]
2023-08-23 17:28:24.840 [info] fatal: not a git repository (or any parent up to mount point /)
Stopping at filesystem boundary (GIT_DISCOVERY_ACROSS_FILESYSTEM not set).
2023-08-23 17:28:24.899 [info] > git rev-parse --show-toplevel [41ms]
2023-08-23 17:28:24.899 [info] fatal: not a git repository (or any parent up to mount point /)
Stopping at filesystem boundary (GIT_DISCOVERY_ACROSS_FILESYSTEM not set).
2023-08-23 17:28:24.919 [info] > git rev-parse --show-toplevel [10ms]
2023-08-23 17:28:24.919 [info] fatal: not a git repository (or any parent up to mount point /)
Stopping at filesystem boundary (GIT_DISCOVERY_ACROSS_FILESYSTEM not set).
