2023-08-23 17:28:20.845 [info] Using settings sync service https://vscode-sync.trafficmanager.net/
2023-08-23 17:28:20.845 [info] Auto Sync is enabled.
2023-08-23 17:28:20.845 [info] Auto Sync: Suspended until auth token is available.
2023-08-23 17:28:22.334 [info] Deleting non existing profile from backup /home/blackbird/.config/Code/User/sync/extensions
2023-08-23 17:28:22.536 [info] Deleting non existing profile from backup /home/blackbird/.config/Code/User/sync/globalState
2023-08-23 17:28:22.609 [info] Deleting non existing profile from backup /home/blackbird/.config/Code/User/sync/keybindings
2023-08-23 17:28:22.644 [info] Deleting non existing profile from backup /home/blackbird/.config/Code/User/sync/profiles
2023-08-23 17:28:22.645 [info] Deleting non existing profile from backup /home/blackbird/.config/Code/User/sync/settings
2023-08-23 17:28:22.646 [info] Deleting non existing profile from backup /home/blackbird/.config/Code/User/sync/snippets
2023-08-23 17:28:22.647 [info] Deleting non existing profile from backup /home/blackbird/.config/Code/User/sync/tasks
2023-08-23 17:28:24.851 [info] Auto Sync: Triggered by Interval
2023-08-23 17:28:24.852 [info] Sync started.
2023-08-23 17:28:27.992 [info] Settings: Last sync resource does not exist locally.
2023-08-23 17:28:28.295 [info] Settings: No changes found during synchronizing settings.
2023-08-23 17:28:28.299 [info] Keybindings: Last sync resource does not exist locally.
2023-08-23 17:28:28.521 [info] Keybindings: No changes found during synchronizing keybindings.
2023-08-23 17:28:28.524 [info] Snippets: Last sync resource does not exist locally.
2023-08-23 17:28:28.799 [info] Snippets: No changes found during synchronizing snippets.
2023-08-23 17:28:28.800 [info] Tasks: Last sync resource does not exist locally.
2023-08-23 17:28:29.174 [info] Tasks: No changes found during synchronizing tasks.
2023-08-23 17:28:29.176 [info] GlobalState: Last sync resource does not exist locally.
2023-08-23 17:28:30.008 [info] GlobalState: No changes found during synchronizing ui state.
2023-08-23 17:28:30.009 [info] Extensions: Last sync resource does not exist locally.
2023-08-23 17:28:30.713 [info] Extensions: No changes found during synchronizing extensions.
2023-08-23 17:28:30.714 [info] Profiles: Last sync resource does not exist locally.
2023-08-23 17:28:31.267 [info] Profiles: No changes found during synchronizing profiles.
2023-08-23 17:28:31.272 [info] Sync done. Took 6419ms
2023-08-23 17:32:00.962 [info] Auto Sync: Triggered by Activity
2023-08-23 17:32:00.963 [info] Sync started.
2023-08-23 17:32:01.987 [info] Settings: No changes found during synchronizing settings.
2023-08-23 17:32:01.991 [info] Keybindings: No changes found during synchronizing keybindings.
2023-08-23 17:32:01.995 [info] Snippets: No changes found during synchronizing snippets.
2023-08-23 17:32:01.998 [info] Tasks: No changes found during synchronizing tasks.
2023-08-23 17:32:02.002 [info] GlobalState: No changes found during synchronizing ui state.
2023-08-23 17:32:02.111 [info] Extensions: No changes found during synchronizing extensions.
2023-08-23 17:32:02.112 [info] Profiles: No changes found during synchronizing profiles.
2023-08-23 17:32:02.114 [info] Sync done. Took 1152ms
2023-08-23 17:32:59.682 [info] Auto Sync: Triggered by Activity
2023-08-23 17:32:59.682 [info] Sync started.
2023-08-23 17:33:00.010 [info] Settings: No changes found during synchronizing settings.
2023-08-23 17:33:00.018 [info] Keybindings: No changes found during synchronizing keybindings.
2023-08-23 17:33:00.029 [info] Snippets: No changes found during synchronizing snippets.
2023-08-23 17:33:00.037 [info] Tasks: No changes found during synchronizing tasks.
2023-08-23 17:33:00.044 [info] GlobalState: No changes found during synchronizing ui state.
2023-08-23 17:33:00.172 [info] Extensions: No changes found during synchronizing extensions.
2023-08-23 17:33:00.173 [info] Profiles: No changes found during synchronizing profiles.
2023-08-23 17:33:00.174 [info] Sync done. Took 494ms
2023-08-23 17:33:13.983 [info] Auto Sync: Triggered by Activity
2023-08-23 17:33:13.985 [info] Sync started.
2023-08-23 17:33:14.220 [info] Settings: No changes found during synchronizing settings.
2023-08-23 17:33:14.233 [info] Keybindings: No changes found during synchronizing keybindings.
2023-08-23 17:33:14.237 [info] Snippets: No changes found during synchronizing snippets.
2023-08-23 17:33:14.240 [info] Tasks: No changes found during synchronizing tasks.
2023-08-23 17:33:14.244 [info] GlobalState: No changes found during synchronizing ui state.
2023-08-23 17:33:14.352 [info] Extensions: No changes found during synchronizing extensions.
2023-08-23 17:33:14.354 [info] Profiles: No changes found during synchronizing profiles.
2023-08-23 17:33:14.355 [info] Sync done. Took 374ms
2023-08-23 17:33:26.366 [info] Auto Sync: Triggered by Activity
2023-08-23 17:33:26.367 [info] Sync started.
2023-08-23 17:33:27.183 [info] Settings: No changes found during synchronizing settings.
2023-08-23 17:33:27.200 [info] Keybindings: No changes found during synchronizing keybindings.
2023-08-23 17:33:27.209 [info] Snippets: No changes found during synchronizing snippets.
2023-08-23 17:33:27.213 [info] Tasks: No changes found during synchronizing tasks.
2023-08-23 17:33:27.218 [info] GlobalState: No changes found during synchronizing ui state.
2023-08-23 17:33:27.326 [info] Extensions: No changes found during synchronizing extensions.
2023-08-23 17:33:27.332 [info] Profiles: No changes found during synchronizing profiles.
2023-08-23 17:33:27.334 [info] Sync done. Took 970ms
2023-08-23 17:34:21.008 [info] Auto Sync: Triggered by Activity
2023-08-23 17:34:21.008 [info] Sync started.
2023-08-23 17:34:21.192 [info] Settings: No changes found during synchronizing settings.
2023-08-23 17:34:21.195 [info] Keybindings: No changes found during synchronizing keybindings.
2023-08-23 17:34:21.199 [info] Snippets: No changes found during synchronizing snippets.
2023-08-23 17:34:21.201 [info] Tasks: No changes found during synchronizing tasks.
2023-08-23 17:34:21.204 [info] GlobalState: No changes found during synchronizing ui state.
2023-08-23 17:34:21.320 [info] Extensions: No changes found during synchronizing extensions.
2023-08-23 17:34:21.322 [info] Profiles: No changes found during synchronizing profiles.
2023-08-23 17:34:21.324 [info] Sync done. Took 317ms
2023-08-23 17:39:21.325 [info] Auto Sync: Triggered by Interval
2023-08-23 17:39:21.326 [info] Sync started.
2023-08-23 17:39:22.476 [info] Settings: No changes found during synchronizing settings.
2023-08-23 17:39:22.485 [info] Keybindings: No changes found during synchronizing keybindings.
2023-08-23 17:39:22.493 [info] Snippets: No changes found during synchronizing snippets.
2023-08-23 17:39:22.501 [info] Tasks: No changes found during synchronizing tasks.
2023-08-23 17:39:22.508 [info] GlobalState: No changes found during synchronizing ui state.
2023-08-23 17:39:22.618 [info] Extensions: No changes found during synchronizing extensions.
2023-08-23 17:39:22.619 [info] Profiles: No changes found during synchronizing profiles.
2023-08-23 17:39:22.621 [info] Sync done. Took 1296ms
2023-08-23 17:42:02.446 [info] Auto Sync: Triggered by Activity
2023-08-23 17:42:02.446 [info] Sync started.
2023-08-23 17:42:02.954 [info] Settings: No changes found during synchronizing settings.
2023-08-23 17:42:02.959 [info] Keybindings: No changes found during synchronizing keybindings.
2023-08-23 17:42:02.962 [info] Snippets: No changes found during synchronizing snippets.
2023-08-23 17:42:02.965 [info] Tasks: No changes found during synchronizing tasks.
2023-08-23 17:42:02.970 [info] GlobalState: No changes found during synchronizing ui state.
2023-08-23 17:42:03.082 [info] Extensions: No changes found during synchronizing extensions.
2023-08-23 17:42:03.083 [info] Profiles: No changes found during synchronizing profiles.
2023-08-23 17:42:03.084 [info] Sync done. Took 639ms
2023-08-23 17:42:24.428 [info] Auto Sync: Triggered by Activity
2023-08-23 17:42:24.428 [info] Sync started.
2023-08-23 17:42:24.603 [info] Settings: No changes found during synchronizing settings.
2023-08-23 17:42:24.610 [info] Keybindings: No changes found during synchronizing keybindings.
2023-08-23 17:42:24.614 [info] Snippets: No changes found during synchronizing snippets.
2023-08-23 17:42:24.617 [info] Tasks: No changes found during synchronizing tasks.
2023-08-23 17:42:24.622 [info] GlobalState: No changes found during synchronizing ui state.
2023-08-23 17:42:24.733 [info] Extensions: No changes found during synchronizing extensions.
2023-08-23 17:42:24.734 [info] Profiles: No changes found during synchronizing profiles.
2023-08-23 17:42:24.735 [info] Sync done. Took 309ms
2023-08-23 17:46:13.779 [info] Auto Sync: Triggered by Activity
2023-08-23 17:46:13.780 [info] Sync started.
2023-08-23 17:46:14.271 [info] Settings: No changes found during synchronizing settings.
2023-08-23 17:46:14.280 [info] Keybindings: No changes found during synchronizing keybindings.
2023-08-23 17:46:14.287 [info] Snippets: No changes found during synchronizing snippets.
2023-08-23 17:46:14.292 [info] Tasks: No changes found during synchronizing tasks.
2023-08-23 17:46:14.297 [info] GlobalState: No changes found during synchronizing ui state.
2023-08-23 17:46:14.427 [info] Extensions: No changes found during synchronizing extensions.
2023-08-23 17:46:14.428 [info] Profiles: No changes found during synchronizing profiles.
2023-08-23 17:46:14.430 [info] Sync done. Took 651ms
2023-08-23 17:46:29.735 [info] Auto Sync: Triggered by Activity
2023-08-23 17:46:29.735 [info] Sync started.
2023-08-23 17:46:29.903 [info] Settings: No changes found during synchronizing settings.
2023-08-23 17:46:29.907 [info] Keybindings: No changes found during synchronizing keybindings.
2023-08-23 17:46:29.911 [info] Snippets: No changes found during synchronizing snippets.
2023-08-23 17:46:29.915 [info] Tasks: No changes found during synchronizing tasks.
2023-08-23 17:46:29.920 [info] GlobalState: No changes found during synchronizing ui state.
2023-08-23 17:46:30.028 [info] Extensions: No changes found during synchronizing extensions.
2023-08-23 17:46:30.032 [info] Profiles: No changes found during synchronizing profiles.
2023-08-23 17:46:30.034 [info] Sync done. Took 299ms
2023-08-23 17:50:04.982 [info] Auto Sync: Triggered by Activity
2023-08-23 17:50:04.982 [info] Sync started.
2023-08-23 17:50:05.516 [info] Settings: No changes found during synchronizing settings.
2023-08-23 17:50:05.521 [info] Keybindings: No changes found during synchronizing keybindings.
2023-08-23 17:50:05.526 [info] Snippets: No changes found during synchronizing snippets.
2023-08-23 17:50:05.529 [info] Tasks: No changes found during synchronizing tasks.
2023-08-23 17:50:05.535 [info] GlobalState: No changes found during synchronizing ui state.
2023-08-23 17:50:05.641 [info] Extensions: No changes found during synchronizing extensions.
2023-08-23 17:50:05.642 [info] Profiles: No changes found during synchronizing profiles.
2023-08-23 17:50:05.644 [info] Sync done. Took 663ms
2023-08-23 17:50:34.439 [info] Auto Sync: Triggered by Activity
2023-08-23 17:50:34.440 [info] Sync started.
2023-08-23 17:50:34.589 [info] Settings: No changes found during synchronizing settings.
2023-08-23 17:50:34.597 [info] Keybindings: No changes found during synchronizing keybindings.
2023-08-23 17:50:34.604 [info] Snippets: No changes found during synchronizing snippets.
2023-08-23 17:50:34.610 [info] Tasks: No changes found during synchronizing tasks.
2023-08-23 17:50:34.615 [info] GlobalState: No changes found during synchronizing ui state.
2023-08-23 17:50:34.747 [info] Extensions: No changes found during synchronizing extensions.
2023-08-23 17:50:34.749 [info] Profiles: No changes found during synchronizing profiles.
2023-08-23 17:50:34.751 [info] Sync done. Took 312ms
2023-08-23 17:55:34.754 [info] Auto Sync: Triggered by Interval
2023-08-23 17:55:34.754 [info] Sync started.
2023-08-23 17:55:35.184 [info] Settings: No changes found during synchronizing settings.
2023-08-23 17:55:35.188 [info] Keybindings: No changes found during synchronizing keybindings.
2023-08-23 17:55:35.192 [info] Snippets: No changes found during synchronizing snippets.
2023-08-23 17:55:35.194 [info] Tasks: No changes found during synchronizing tasks.
2023-08-23 17:55:35.198 [info] GlobalState: No changes found during synchronizing ui state.
2023-08-23 17:55:35.304 [info] Extensions: No changes found during synchronizing extensions.
2023-08-23 17:55:35.306 [info] Profiles: No changes found during synchronizing profiles.
2023-08-23 17:55:35.309 [info] Sync done. Took 555ms
2023-08-23 17:58:10.195 [info] Auto Sync: Triggered by Activity
2023-08-23 17:58:10.196 [info] Sync started.
2023-08-23 17:58:10.678 [info] Settings: No changes found during synchronizing settings.
2023-08-23 17:58:10.681 [info] Keybindings: No changes found during synchronizing keybindings.
2023-08-23 17:58:10.685 [info] Snippets: No changes found during synchronizing snippets.
2023-08-23 17:58:10.688 [info] Tasks: No changes found during synchronizing tasks.
2023-08-23 17:58:10.693 [info] GlobalState: No changes found during synchronizing ui state.
2023-08-23 17:58:10.802 [info] Extensions: No changes found during synchronizing extensions.
2023-08-23 17:58:10.803 [info] Profiles: No changes found during synchronizing profiles.
2023-08-23 17:58:10.804 [info] Sync done. Took 609ms
2023-08-23 18:03:10.810 [info] Auto Sync: Triggered by Interval
2023-08-23 18:03:10.810 [info] Sync started.
2023-08-23 18:03:11.287 [info] Settings: No changes found during synchronizing settings.
2023-08-23 18:03:11.293 [info] Keybindings: No changes found during synchronizing keybindings.
2023-08-23 18:03:11.296 [info] Snippets: No changes found during synchronizing snippets.
2023-08-23 18:03:11.299 [info] Tasks: No changes found during synchronizing tasks.
2023-08-23 18:03:11.303 [info] GlobalState: No changes found during synchronizing ui state.
2023-08-23 18:03:11.437 [info] Extensions: No changes found during synchronizing extensions.
2023-08-23 18:03:11.439 [info] Profiles: No changes found during synchronizing profiles.
2023-08-23 18:03:11.441 [info] Sync done. Took 631ms
2023-08-23 18:08:11.446 [info] Auto Sync: Triggered by Interval
2023-08-23 18:08:11.446 [info] Sync started.
2023-08-23 18:08:11.912 [info] Settings: No changes found during synchronizing settings.
2023-08-23 18:08:11.916 [info] Keybindings: No changes found during synchronizing keybindings.
2023-08-23 18:08:11.919 [info] Snippets: No changes found during synchronizing snippets.
2023-08-23 18:08:11.921 [info] Tasks: No changes found during synchronizing tasks.
2023-08-23 18:08:11.924 [info] GlobalState: No changes found during synchronizing ui state.
2023-08-23 18:08:12.035 [info] Extensions: No changes found during synchronizing extensions.
2023-08-23 18:08:12.036 [info] Profiles: No changes found during synchronizing profiles.
2023-08-23 18:08:12.037 [info] Sync done. Took 591ms
2023-08-23 18:11:54.162 [info] Auto Sync: Triggered by Activity
2023-08-23 18:11:54.162 [info] Sync started.
2023-08-23 18:11:54.615 [info] Settings: No changes found during synchronizing settings.
2023-08-23 18:11:54.618 [info] Keybindings: No changes found during synchronizing keybindings.
2023-08-23 18:11:54.621 [info] Snippets: No changes found during synchronizing snippets.
2023-08-23 18:11:54.625 [info] Tasks: No changes found during synchronizing tasks.
2023-08-23 18:11:54.628 [info] GlobalState: No changes found during synchronizing ui state.
2023-08-23 18:11:54.756 [info] Extensions: No changes found during synchronizing extensions.
2023-08-23 18:11:54.761 [info] Profiles: No changes found during synchronizing profiles.
2023-08-23 18:11:54.763 [info] Sync done. Took 600ms
2023-08-23 18:15:50.190 [info] Auto Sync: Triggered by Activity
2023-08-23 18:15:50.191 [info] Sync started.
2023-08-23 18:15:51.026 [info] Settings: No changes found during synchronizing settings.
2023-08-23 18:15:51.030 [info] Keybindings: No changes found during synchronizing keybindings.
2023-08-23 18:15:51.033 [info] Snippets: No changes found during synchronizing snippets.
2023-08-23 18:15:51.037 [info] Tasks: No changes found during synchronizing tasks.
2023-08-23 18:15:51.041 [info] GlobalState: No changes found during synchronizing ui state.
2023-08-23 18:15:51.134 [info] Extensions: No changes found during synchronizing extensions.
2023-08-23 18:15:51.139 [info] Profiles: No changes found during synchronizing profiles.
2023-08-23 18:15:51.141 [info] Sync done. Took 951ms
2023-08-23 18:16:02.344 [info] Auto Sync: Triggered by Activity
2023-08-23 18:16:02.344 [info] Sync started.
2023-08-23 18:16:02.512 [info] Settings: No changes found during synchronizing settings.
2023-08-23 18:16:02.515 [info] Keybindings: No changes found during synchronizing keybindings.
2023-08-23 18:16:02.520 [info] Snippets: No changes found during synchronizing snippets.
2023-08-23 18:16:02.523 [info] Tasks: No changes found during synchronizing tasks.
2023-08-23 18:16:02.527 [info] GlobalState: No changes found during synchronizing ui state.
2023-08-23 18:16:02.642 [info] Extensions: No changes found during synchronizing extensions.
2023-08-23 18:16:02.643 [info] Profiles: No changes found during synchronizing profiles.
2023-08-23 18:16:02.644 [info] Sync done. Took 301ms
2023-08-23 18:16:24.578 [info] Auto Sync: Triggered by Activity
2023-08-23 18:16:24.578 [info] Sync started.
2023-08-23 18:16:24.769 [info] Settings: No changes found during synchronizing settings.
2023-08-23 18:16:24.776 [info] Keybindings: No changes found during synchronizing keybindings.
2023-08-23 18:16:24.781 [info] Snippets: No changes found during synchronizing snippets.
2023-08-23 18:16:24.785 [info] Tasks: No changes found during synchronizing tasks.
2023-08-23 18:16:24.790 [info] GlobalState: No changes found during synchronizing ui state.
2023-08-23 18:16:24.896 [info] Extensions: No changes found during synchronizing extensions.
2023-08-23 18:16:24.898 [info] Profiles: No changes found during synchronizing profiles.
2023-08-23 18:16:24.899 [info] Sync done. Took 321ms
2023-08-23 18:18:08.290 [info] Auto Sync: Triggered by Activity
2023-08-23 18:18:08.291 [info] Sync started.
2023-08-23 18:18:08.477 [info] Settings: No changes found during synchronizing settings.
2023-08-23 18:18:08.485 [info] Keybindings: No changes found during synchronizing keybindings.
2023-08-23 18:18:08.490 [info] Snippets: No changes found during synchronizing snippets.
2023-08-23 18:18:08.493 [info] Tasks: No changes found during synchronizing tasks.
2023-08-23 18:18:08.497 [info] GlobalState: No changes found during synchronizing ui state.
2023-08-23 18:18:08.589 [info] Extensions: No changes found during synchronizing extensions.
2023-08-23 18:18:08.591 [info] Profiles: No changes found during synchronizing profiles.
2023-08-23 18:18:08.592 [info] Sync done. Took 302ms
2023-08-23 18:18:51.336 [info] Auto Sync: Triggered by Activity
2023-08-23 18:18:51.336 [info] Sync started.
2023-08-23 18:18:51.516 [info] Settings: No changes found during synchronizing settings.
2023-08-23 18:18:51.520 [info] Keybindings: No changes found during synchronizing keybindings.
2023-08-23 18:18:51.524 [info] Snippets: No changes found during synchronizing snippets.
2023-08-23 18:18:51.527 [info] Tasks: No changes found during synchronizing tasks.
2023-08-23 18:18:51.531 [info] GlobalState: No changes found during synchronizing ui state.
2023-08-23 18:18:51.643 [info] Extensions: No changes found during synchronizing extensions.
2023-08-23 18:18:51.644 [info] Profiles: No changes found during synchronizing profiles.
2023-08-23 18:18:51.645 [info] Sync done. Took 311ms
2023-08-23 18:20:24.986 [info] Auto Sync: Triggered by Activity
2023-08-23 18:20:24.987 [info] Sync started.
2023-08-23 18:20:25.155 [info] Settings: No changes found during synchronizing settings.
2023-08-23 18:20:25.163 [info] Keybindings: No changes found during synchronizing keybindings.
2023-08-23 18:20:25.170 [info] Snippets: No changes found during synchronizing snippets.
2023-08-23 18:20:25.176 [info] Tasks: No changes found during synchronizing tasks.
2023-08-23 18:20:25.185 [info] GlobalState: No changes found during synchronizing ui state.
2023-08-23 18:20:25.321 [info] Extensions: No changes found during synchronizing extensions.
2023-08-23 18:20:25.323 [info] Profiles: No changes found during synchronizing profiles.
2023-08-23 18:20:25.325 [info] Sync done. Took 339ms
2023-08-23 18:25:25.327 [info] Auto Sync: Triggered by Interval
2023-08-23 18:25:25.328 [info] Sync started.
2023-08-23 18:25:26.782 [info] Settings: No changes found during synchronizing settings.
2023-08-23 18:25:26.788 [info] Keybindings: No changes found during synchronizing keybindings.
2023-08-23 18:25:26.791 [info] Snippets: No changes found during synchronizing snippets.
2023-08-23 18:25:26.795 [info] Tasks: No changes found during synchronizing tasks.
2023-08-23 18:25:26.799 [info] GlobalState: No changes found during synchronizing ui state.
2023-08-23 18:25:26.893 [info] Extensions: No changes found during synchronizing extensions.
2023-08-23 18:25:26.895 [info] Profiles: No changes found during synchronizing profiles.
2023-08-23 18:25:26.896 [info] Sync done. Took 1570ms
2023-08-23 18:28:04.778 [info] Auto Sync: Triggered by Activity
2023-08-23 18:28:04.778 [info] Sync started.
2023-08-23 18:28:05.703 [info] Settings: No changes found during synchronizing settings.
2023-08-23 18:28:05.708 [info] Keybindings: No changes found during synchronizing keybindings.
2023-08-23 18:28:05.713 [info] Snippets: No changes found during synchronizing snippets.
2023-08-23 18:28:05.716 [info] Tasks: No changes found during synchronizing tasks.
2023-08-23 18:28:05.720 [info] GlobalState: No changes found during synchronizing ui state.
2023-08-23 18:28:05.820 [info] Extensions: No changes found during synchronizing extensions.
2023-08-23 18:28:05.821 [info] Profiles: No changes found during synchronizing profiles.
2023-08-23 18:28:05.822 [info] Sync done. Took 1044ms
2023-08-23 18:33:05.824 [info] Auto Sync: Triggered by Interval
2023-08-23 18:33:05.824 [info] Sync started.
2023-08-23 18:33:06.421 [info] Settings: No changes found during synchronizing settings.
2023-08-23 18:33:06.429 [info] Keybindings: No changes found during synchronizing keybindings.
2023-08-23 18:33:06.434 [info] Snippets: No changes found during synchronizing snippets.
2023-08-23 18:33:06.438 [info] Tasks: No changes found during synchronizing tasks.
2023-08-23 18:33:06.442 [info] GlobalState: No changes found during synchronizing ui state.
2023-08-23 18:33:06.564 [info] Extensions: No changes found during synchronizing extensions.
2023-08-23 18:33:06.565 [info] Profiles: No changes found during synchronizing profiles.
2023-08-23 18:33:06.567 [info] Sync done. Took 743ms
2023-08-23 18:38:06.571 [info] Auto Sync: Triggered by Interval
2023-08-23 18:38:06.571 [info] Sync started.
2023-08-23 18:38:07.110 [info] Settings: No changes found during synchronizing settings.
2023-08-23 18:38:07.116 [info] Keybindings: No changes found during synchronizing keybindings.
2023-08-23 18:38:07.120 [info] Snippets: No changes found during synchronizing snippets.
2023-08-23 18:38:07.123 [info] Tasks: No changes found during synchronizing tasks.
2023-08-23 18:38:07.128 [info] GlobalState: No changes found during synchronizing ui state.
2023-08-23 18:38:07.223 [info] Extensions: No changes found during synchronizing extensions.
2023-08-23 18:38:07.224 [info] Profiles: No changes found during synchronizing profiles.
2023-08-23 18:38:07.225 [info] Sync done. Took 655ms
2023-08-23 18:41:23.386 [info] Auto Sync: Triggered by Activity
2023-08-23 18:41:23.386 [info] Sync started.
2023-08-23 18:41:23.871 [info] Settings: No changes found during synchronizing settings.
2023-08-23 18:41:23.877 [info] Keybindings: No changes found during synchronizing keybindings.
2023-08-23 18:41:23.881 [info] Snippets: No changes found during synchronizing snippets.
2023-08-23 18:41:23.884 [info] Tasks: No changes found during synchronizing tasks.
2023-08-23 18:41:23.889 [info] GlobalState: No changes found during synchronizing ui state.
2023-08-23 18:41:23.973 [info] Extensions: No changes found during synchronizing extensions.
2023-08-23 18:41:23.975 [info] Profiles: No changes found during synchronizing profiles.
2023-08-23 18:41:23.976 [info] Sync done. Took 591ms
2023-08-23 18:46:23.979 [info] Auto Sync: Triggered by Interval
2023-08-23 18:46:23.979 [info] Sync started.
2023-08-23 18:46:24.797 [info] Settings: No changes found during synchronizing settings.
2023-08-23 18:46:24.800 [info] Keybindings: No changes found during synchronizing keybindings.
2023-08-23 18:46:24.804 [info] Snippets: No changes found during synchronizing snippets.
2023-08-23 18:46:24.807 [info] Tasks: No changes found during synchronizing tasks.
2023-08-23 18:46:24.811 [info] GlobalState: No changes found during synchronizing ui state.
2023-08-23 18:46:24.916 [info] Extensions: No changes found during synchronizing extensions.
2023-08-23 18:46:24.917 [info] Profiles: No changes found during synchronizing profiles.
2023-08-23 18:46:24.918 [info] Sync done. Took 940ms
2023-08-23 18:48:48.670 [info] Auto Sync: Triggered by Activity
2023-08-23 18:48:48.671 [info] Sync started.
2023-08-23 18:48:49.773 [info] Settings: No changes found during synchronizing settings.
2023-08-23 18:48:49.776 [info] Keybindings: No changes found during synchronizing keybindings.
2023-08-23 18:48:49.779 [info] Snippets: No changes found during synchronizing snippets.
2023-08-23 18:48:49.782 [info] Tasks: No changes found during synchronizing tasks.
2023-08-23 18:48:49.785 [info] GlobalState: No changes found during synchronizing ui state.
2023-08-23 18:48:49.908 [info] Extensions: No changes found during synchronizing extensions.
2023-08-23 18:48:49.909 [info] Profiles: No changes found during synchronizing profiles.
2023-08-23 18:48:49.911 [info] Sync done. Took 1242ms
2023-08-23 18:53:49.918 [info] Auto Sync: Triggered by Interval
2023-08-23 18:53:49.918 [info] Sync started.
2023-08-23 18:53:50.699 [info] Settings: No changes found during synchronizing settings.
2023-08-23 18:53:50.702 [info] Keybindings: No changes found during synchronizing keybindings.
2023-08-23 18:53:50.705 [info] Snippets: No changes found during synchronizing snippets.
2023-08-23 18:53:50.707 [info] Tasks: No changes found during synchronizing tasks.
2023-08-23 18:53:50.712 [info] GlobalState: No changes found during synchronizing ui state.
2023-08-23 18:53:50.815 [info] Extensions: No changes found during synchronizing extensions.
2023-08-23 18:53:50.817 [info] Profiles: No changes found during synchronizing profiles.
2023-08-23 18:53:50.818 [info] Sync done. Took 901ms
2023-08-23 18:58:50.827 [info] Auto Sync: Triggered by Interval
2023-08-23 18:58:50.828 [info] Sync started.
2023-08-23 18:58:51.427 [info] Settings: No changes found during synchronizing settings.
2023-08-23 18:58:51.434 [info] Keybindings: No changes found during synchronizing keybindings.
2023-08-23 18:58:51.440 [info] Snippets: No changes found during synchronizing snippets.
2023-08-23 18:58:51.443 [info] Tasks: No changes found during synchronizing tasks.
2023-08-23 18:58:51.446 [info] GlobalState: No changes found during synchronizing ui state.
2023-08-23 18:58:51.552 [info] Extensions: No changes found during synchronizing extensions.
2023-08-23 18:58:51.554 [info] Profiles: No changes found during synchronizing profiles.
2023-08-23 18:58:51.556 [info] Sync done. Took 730ms
2023-08-23 19:03:51.563 [info] Auto Sync: Triggered by Interval
2023-08-23 19:03:51.563 [info] Sync started.
2023-08-23 19:04:13.686 [info] Request failed https://vscode-sync.trafficmanager.net/v1/manifest
2023-08-23 19:04:13.686 [error] RequestFailed (UserDataSyncError) syncResource:unknown operationId:unknown: Connection refused for the request 'https://vscode-sync.trafficmanager.net/v1/manifest'.
    at f.v (/usr/share/code/resources/app/out/vs/code/node/sharedProcess/sharedProcessMain.js:91:126167)
    at async f.manifest (/usr/share/code/resources/app/out/vs/code/node/sharedProcess/sharedProcessMain.js:91:124343)
    at async i.createSyncTask (/usr/share/code/resources/app/out/vs/code/node/sharedProcess/sharedProcessMain.js:91:99785)
    at async o.C (/usr/share/code/resources/app/out/vs/code/node/sharedProcess/sharedProcessMain.js:91:90981)
    at async o.z (/usr/share/code/resources/app/out/vs/code/node/sharedProcess/sharedProcessMain.js:91:90621)
2023-08-23 19:04:13.687 [error] RequestFailed (UserDataSyncError) syncResource:unknown operationId:unknown: Connection refused for the request 'https://vscode-sync.trafficmanager.net/v1/manifest'.
    at f.v (/usr/share/code/resources/app/out/vs/code/node/sharedProcess/sharedProcessMain.js:91:126167)
    at async f.manifest (/usr/share/code/resources/app/out/vs/code/node/sharedProcess/sharedProcessMain.js:91:124343)
    at async i.createSyncTask (/usr/share/code/resources/app/out/vs/code/node/sharedProcess/sharedProcessMain.js:91:99785)
    at async o.C (/usr/share/code/resources/app/out/vs/code/node/sharedProcess/sharedProcessMain.js:91:90981)
    at async o.z (/usr/share/code/resources/app/out/vs/code/node/sharedProcess/sharedProcessMain.js:91:90621)
2023-08-23 19:09:13.695 [info] Auto Sync: Triggered by Interval
2023-08-23 19:09:13.696 [info] Sync started.
2023-08-23 19:09:14.424 [info] Settings: No changes found during synchronizing settings.
2023-08-23 19:09:14.428 [info] Keybindings: No changes found during synchronizing keybindings.
2023-08-23 19:09:14.431 [info] Snippets: No changes found during synchronizing snippets.
2023-08-23 19:09:14.433 [info] Tasks: No changes found during synchronizing tasks.
2023-08-23 19:09:14.438 [info] GlobalState: No changes found during synchronizing ui state.
2023-08-23 19:09:14.529 [info] Extensions: No changes found during synchronizing extensions.
2023-08-23 19:09:14.535 [info] Profiles: No changes found during synchronizing profiles.
2023-08-23 19:09:14.536 [info] Sync done. Took 842ms
2023-08-23 19:14:14.547 [info] Auto Sync: Triggered by Interval
2023-08-23 19:14:14.547 [info] Sync started.
2023-08-23 19:14:15.000 [info] Settings: No changes found during synchronizing settings.
2023-08-23 19:14:15.005 [info] Keybindings: No changes found during synchronizing keybindings.
2023-08-23 19:14:15.010 [info] Snippets: No changes found during synchronizing snippets.
2023-08-23 19:14:15.014 [info] Tasks: No changes found during synchronizing tasks.
2023-08-23 19:14:15.019 [info] GlobalState: No changes found during synchronizing ui state.
2023-08-23 19:14:15.113 [info] Extensions: No changes found during synchronizing extensions.
2023-08-23 19:14:15.114 [info] Profiles: No changes found during synchronizing profiles.
2023-08-23 19:14:15.116 [info] Sync done. Took 570ms
2023-08-23 19:19:15.119 [info] Auto Sync: Triggered by Interval
2023-08-23 19:19:15.119 [info] Sync started.
2023-08-23 19:19:16.420 [info] Settings: No changes found during synchronizing settings.
2023-08-23 19:19:16.424 [info] Keybindings: No changes found during synchronizing keybindings.
2023-08-23 19:19:16.426 [info] Snippets: No changes found during synchronizing snippets.
2023-08-23 19:19:16.429 [info] Tasks: No changes found during synchronizing tasks.
2023-08-23 19:19:16.433 [info] GlobalState: No changes found during synchronizing ui state.
2023-08-23 19:19:16.525 [info] Extensions: No changes found during synchronizing extensions.
2023-08-23 19:19:16.527 [info] Profiles: No changes found during synchronizing profiles.
2023-08-23 19:19:16.529 [info] Sync done. Took 1411ms
2023-08-23 19:20:54.591 [info] Auto Sync: Triggered by Activity
2023-08-23 19:20:54.592 [info] Sync started.
2023-08-23 19:20:54.759 [info] Settings: No changes found during synchronizing settings.
2023-08-23 19:20:54.763 [info] Keybindings: No changes found during synchronizing keybindings.
2023-08-23 19:20:54.766 [info] Snippets: No changes found during synchronizing snippets.
2023-08-23 19:20:54.768 [info] Tasks: No changes found during synchronizing tasks.
2023-08-23 19:20:54.773 [info] GlobalState: No changes found during synchronizing ui state.
2023-08-23 19:20:54.896 [info] Extensions: No changes found during synchronizing extensions.
2023-08-23 19:20:54.897 [info] Profiles: No changes found during synchronizing profiles.
2023-08-23 19:20:54.899 [info] Sync done. Took 308ms
2023-08-23 19:25:54.907 [info] Auto Sync: Triggered by Interval
2023-08-23 19:25:54.908 [info] Sync started.
2023-08-23 19:25:55.335 [info] Settings: No changes found during synchronizing settings.
2023-08-23 19:25:55.338 [info] Keybindings: No changes found during synchronizing keybindings.
2023-08-23 19:25:55.341 [info] Snippets: No changes found during synchronizing snippets.
2023-08-23 19:25:55.344 [info] Tasks: No changes found during synchronizing tasks.
2023-08-23 19:25:55.348 [info] GlobalState: No changes found during synchronizing ui state.
2023-08-23 19:25:55.452 [info] Extensions: No changes found during synchronizing extensions.
2023-08-23 19:25:55.458 [info] Profiles: No changes found during synchronizing profiles.
2023-08-23 19:25:55.459 [info] Sync done. Took 553ms
2023-08-23 19:30:55.469 [info] Auto Sync: Triggered by Interval
2023-08-23 19:30:55.469 [info] Sync started.
2023-08-23 19:30:56.002 [info] Settings: No changes found during synchronizing settings.
2023-08-23 19:30:56.006 [info] Keybindings: No changes found during synchronizing keybindings.
2023-08-23 19:30:56.009 [info] Snippets: No changes found during synchronizing snippets.
2023-08-23 19:30:56.013 [info] Tasks: No changes found during synchronizing tasks.
2023-08-23 19:30:56.018 [info] GlobalState: No changes found during synchronizing ui state.
2023-08-23 19:30:56.117 [info] Extensions: No changes found during synchronizing extensions.
2023-08-23 19:30:56.119 [info] Profiles: No changes found during synchronizing profiles.
2023-08-23 19:30:56.120 [info] Sync done. Took 653ms
2023-08-23 19:35:56.122 [info] Auto Sync: Triggered by Interval
2023-08-23 19:35:56.122 [info] Sync started.
2023-08-23 19:35:56.602 [info] Settings: No changes found during synchronizing settings.
2023-08-23 19:35:56.606 [info] Keybindings: No changes found during synchronizing keybindings.
2023-08-23 19:35:56.610 [info] Snippets: No changes found during synchronizing snippets.
2023-08-23 19:35:56.613 [info] Tasks: No changes found during synchronizing tasks.
2023-08-23 19:35:56.616 [info] GlobalState: No changes found during synchronizing ui state.
2023-08-23 19:35:56.725 [info] Extensions: No changes found during synchronizing extensions.
2023-08-23 19:35:56.727 [info] Profiles: No changes found during synchronizing profiles.
2023-08-23 19:35:56.728 [info] Sync done. Took 606ms
2023-08-23 19:40:56.730 [info] Auto Sync: Triggered by Interval
2023-08-23 19:40:56.731 [info] Sync started.
2023-08-23 19:40:57.510 [info] Settings: No changes found during synchronizing settings.
2023-08-23 19:40:57.513 [info] Keybindings: No changes found during synchronizing keybindings.
2023-08-23 19:40:57.516 [info] Snippets: No changes found during synchronizing snippets.
2023-08-23 19:40:57.519 [info] Tasks: No changes found during synchronizing tasks.
2023-08-23 19:40:57.523 [info] GlobalState: No changes found during synchronizing ui state.
2023-08-23 19:40:57.674 [info] Extensions: No changes found during synchronizing extensions.
2023-08-23 19:40:57.676 [info] Profiles: No changes found during synchronizing profiles.
2023-08-23 19:40:57.677 [info] Sync done. Took 947ms
2023-08-23 19:45:57.678 [info] Auto Sync: Triggered by Interval
2023-08-23 19:45:57.679 [info] Sync started.
2023-08-23 19:45:58.593 [info] Settings: No changes found during synchronizing settings.
2023-08-23 19:45:58.598 [info] Keybindings: No changes found during synchronizing keybindings.
2023-08-23 19:45:58.602 [info] Snippets: No changes found during synchronizing snippets.
2023-08-23 19:45:58.605 [info] Tasks: No changes found during synchronizing tasks.
2023-08-23 19:45:58.609 [info] GlobalState: No changes found during synchronizing ui state.
2023-08-23 19:45:58.752 [info] Extensions: No changes found during synchronizing extensions.
2023-08-23 19:45:58.754 [info] Profiles: No changes found during synchronizing profiles.
2023-08-23 19:45:58.755 [info] Sync done. Took 1078ms
2023-08-23 19:50:58.760 [info] Auto Sync: Triggered by Interval
2023-08-23 19:50:58.760 [info] Sync started.
2023-08-23 19:50:59.257 [info] Settings: No changes found during synchronizing settings.
2023-08-23 19:50:59.262 [info] Keybindings: No changes found during synchronizing keybindings.
2023-08-23 19:50:59.266 [info] Snippets: No changes found during synchronizing snippets.
2023-08-23 19:50:59.269 [info] Tasks: No changes found during synchronizing tasks.
2023-08-23 19:50:59.273 [info] GlobalState: No changes found during synchronizing ui state.
2023-08-23 19:50:59.360 [info] Extensions: No changes found during synchronizing extensions.
2023-08-23 19:50:59.362 [info] Profiles: No changes found during synchronizing profiles.
2023-08-23 19:50:59.363 [info] Sync done. Took 604ms
2023-08-23 19:55:59.366 [info] Auto Sync: Triggered by Interval
2023-08-23 19:55:59.366 [info] Sync started.
2023-08-23 19:56:00.773 [info] Settings: No changes found during synchronizing settings.
2023-08-23 19:56:00.778 [info] Keybindings: No changes found during synchronizing keybindings.
2023-08-23 19:56:00.782 [info] Snippets: No changes found during synchronizing snippets.
2023-08-23 19:56:00.788 [info] Tasks: No changes found during synchronizing tasks.
2023-08-23 19:56:00.793 [info] GlobalState: No changes found during synchronizing ui state.
2023-08-23 19:56:00.917 [info] Extensions: No changes found during synchronizing extensions.
2023-08-23 19:56:00.918 [info] Profiles: No changes found during synchronizing profiles.
2023-08-23 19:56:00.920 [info] Sync done. Took 1554ms
2023-08-23 20:01:00.922 [info] Auto Sync: Triggered by Interval
2023-08-23 20:01:00.922 [info] Sync started.
2023-08-23 20:01:01.393 [info] Settings: No changes found during synchronizing settings.
2023-08-23 20:01:01.397 [info] Keybindings: No changes found during synchronizing keybindings.
2023-08-23 20:01:01.400 [info] Snippets: No changes found during synchronizing snippets.
2023-08-23 20:01:01.403 [info] Tasks: No changes found during synchronizing tasks.
2023-08-23 20:01:01.410 [info] GlobalState: No changes found during synchronizing ui state.
2023-08-23 20:01:01.535 [info] Extensions: No changes found during synchronizing extensions.
2023-08-23 20:01:01.537 [info] Profiles: No changes found during synchronizing profiles.
2023-08-23 20:01:01.538 [info] Sync done. Took 616ms
2023-08-23 20:06:01.542 [info] Auto Sync: Triggered by Interval
2023-08-23 20:06:01.542 [info] Sync started.
2023-08-23 20:06:02.798 [info] Settings: No changes found during synchronizing settings.
2023-08-23 20:06:02.802 [info] Keybindings: No changes found during synchronizing keybindings.
2023-08-23 20:06:02.806 [info] Snippets: No changes found during synchronizing snippets.
2023-08-23 20:06:02.810 [info] Tasks: No changes found during synchronizing tasks.
2023-08-23 20:06:02.815 [info] GlobalState: No changes found during synchronizing ui state.
2023-08-23 20:06:02.954 [info] Extensions: No changes found during synchronizing extensions.
2023-08-23 20:06:02.955 [info] Profiles: No changes found during synchronizing profiles.
2023-08-23 20:06:02.957 [info] Sync done. Took 1415ms
2023-08-23 20:11:02.962 [info] Auto Sync: Triggered by Interval
2023-08-23 20:11:02.963 [info] Sync started.
2023-08-23 20:11:03.738 [info] Settings: No changes found during synchronizing settings.
2023-08-23 20:11:03.742 [info] Keybindings: No changes found during synchronizing keybindings.
2023-08-23 20:11:03.747 [info] Snippets: No changes found during synchronizing snippets.
2023-08-23 20:11:03.752 [info] Tasks: No changes found during synchronizing tasks.
2023-08-23 20:11:03.757 [info] GlobalState: No changes found during synchronizing ui state.
2023-08-23 20:11:03.894 [info] Extensions: No changes found during synchronizing extensions.
2023-08-23 20:11:03.896 [info] Profiles: No changes found during synchronizing profiles.
2023-08-23 20:11:03.898 [info] Sync done. Took 936ms
2023-08-23 20:16:03.902 [info] Auto Sync: Triggered by Interval
2023-08-23 20:16:03.903 [info] Sync started.
2023-08-23 20:16:04.366 [info] Settings: No changes found during synchronizing settings.
2023-08-23 20:16:04.371 [info] Keybindings: No changes found during synchronizing keybindings.
2023-08-23 20:16:04.375 [info] Snippets: No changes found during synchronizing snippets.
2023-08-23 20:16:04.378 [info] Tasks: No changes found during synchronizing tasks.
2023-08-23 20:16:04.384 [info] GlobalState: No changes found during synchronizing ui state.
2023-08-23 20:16:04.521 [info] Extensions: No changes found during synchronizing extensions.
2023-08-23 20:16:04.522 [info] Profiles: No changes found during synchronizing profiles.
2023-08-23 20:16:04.524 [info] Sync done. Took 622ms
2023-08-23 20:21:04.531 [info] Auto Sync: Triggered by Interval
2023-08-23 20:21:04.532 [info] Sync started.
2023-08-23 20:21:05.447 [info] Settings: No changes found during synchronizing settings.
2023-08-23 20:21:05.451 [info] Keybindings: No changes found during synchronizing keybindings.
2023-08-23 20:21:05.454 [info] Snippets: No changes found during synchronizing snippets.
2023-08-23 20:21:05.458 [info] Tasks: No changes found during synchronizing tasks.
2023-08-23 20:21:05.464 [info] GlobalState: No changes found during synchronizing ui state.
2023-08-23 20:21:05.573 [info] Extensions: No changes found during synchronizing extensions.
2023-08-23 20:21:05.575 [info] Profiles: No changes found during synchronizing profiles.
2023-08-23 20:21:05.576 [info] Sync done. Took 1046ms
2023-08-23 20:26:05.582 [info] Auto Sync: Triggered by Interval
2023-08-23 20:26:05.582 [info] Sync started.
2023-08-23 20:26:07.813 [info] Settings: No changes found during synchronizing settings.
2023-08-23 20:26:07.822 [info] Keybindings: No changes found during synchronizing keybindings.
2023-08-23 20:26:07.830 [info] Snippets: No changes found during synchronizing snippets.
2023-08-23 20:26:07.833 [info] Tasks: No changes found during synchronizing tasks.
2023-08-23 20:26:07.837 [info] GlobalState: No changes found during synchronizing ui state.
2023-08-23 20:26:07.953 [info] Extensions: No changes found during synchronizing extensions.
2023-08-23 20:26:07.955 [info] Profiles: No changes found during synchronizing profiles.
2023-08-23 20:26:07.956 [info] Sync done. Took 2375ms
2023-08-23 20:31:07.966 [info] Auto Sync: Triggered by Interval
2023-08-23 20:31:07.966 [info] Sync started.
2023-08-23 20:31:09.206 [info] Settings: No changes found during synchronizing settings.
2023-08-23 20:31:09.210 [info] Keybindings: No changes found during synchronizing keybindings.
2023-08-23 20:31:09.214 [info] Snippets: No changes found during synchronizing snippets.
2023-08-23 20:31:09.219 [info] Tasks: No changes found during synchronizing tasks.
2023-08-23 20:31:09.225 [info] GlobalState: No changes found during synchronizing ui state.
2023-08-23 20:31:09.353 [info] Extensions: No changes found during synchronizing extensions.
2023-08-23 20:31:09.355 [info] Profiles: No changes found during synchronizing profiles.
2023-08-23 20:31:09.356 [info] Sync done. Took 1390ms
2023-08-23 20:36:09.359 [info] Auto Sync: Triggered by Interval
2023-08-23 20:36:09.359 [info] Sync started.
2023-08-23 20:36:09.796 [info] Settings: No changes found during synchronizing settings.
2023-08-23 20:36:09.799 [info] Keybindings: No changes found during synchronizing keybindings.
2023-08-23 20:36:09.802 [info] Snippets: No changes found during synchronizing snippets.
2023-08-23 20:36:09.805 [info] Tasks: No changes found during synchronizing tasks.
2023-08-23 20:36:09.808 [info] GlobalState: No changes found during synchronizing ui state.
2023-08-23 20:36:09.913 [info] Extensions: No changes found during synchronizing extensions.
2023-08-23 20:36:09.915 [info] Profiles: No changes found during synchronizing profiles.
2023-08-23 20:36:09.916 [info] Sync done. Took 558ms
2023-08-23 20:41:09.918 [info] Auto Sync: Triggered by Interval
2023-08-23 20:41:09.919 [info] Sync started.
2023-08-23 20:41:10.953 [info] Settings: No changes found during synchronizing settings.
2023-08-23 20:41:10.957 [info] Keybindings: No changes found during synchronizing keybindings.
2023-08-23 20:41:10.964 [info] Snippets: No changes found during synchronizing snippets.
2023-08-23 20:41:10.967 [info] Tasks: No changes found during synchronizing tasks.
2023-08-23 20:41:10.973 [info] GlobalState: No changes found during synchronizing ui state.
2023-08-23 20:41:11.107 [info] Extensions: No changes found during synchronizing extensions.
2023-08-23 20:41:11.108 [info] Profiles: No changes found during synchronizing profiles.
2023-08-23 20:41:11.111 [info] Sync done. Took 1193ms
2023-08-23 20:46:11.114 [info] Auto Sync: Triggered by Interval
2023-08-23 20:46:11.114 [info] Sync started.
2023-08-23 20:46:11.844 [info] Settings: No changes found during synchronizing settings.
2023-08-23 20:46:11.848 [info] Keybindings: No changes found during synchronizing keybindings.
2023-08-23 20:46:11.852 [info] Snippets: No changes found during synchronizing snippets.
2023-08-23 20:46:11.856 [info] Tasks: No changes found during synchronizing tasks.
2023-08-23 20:46:11.861 [info] GlobalState: No changes found during synchronizing ui state.
2023-08-23 20:46:11.983 [info] Extensions: No changes found during synchronizing extensions.
2023-08-23 20:46:11.985 [info] Profiles: No changes found during synchronizing profiles.
2023-08-23 20:46:11.986 [info] Sync done. Took 873ms
2023-08-23 20:51:11.990 [info] Auto Sync: Triggered by Interval
2023-08-23 20:51:11.991 [info] Sync started.
2023-08-23 20:51:13.098 [info] Settings: No changes found during synchronizing settings.
2023-08-23 20:51:13.107 [info] Keybindings: No changes found during synchronizing keybindings.
2023-08-23 20:51:13.115 [info] Snippets: No changes found during synchronizing snippets.
2023-08-23 20:51:13.118 [info] Tasks: No changes found during synchronizing tasks.
2023-08-23 20:51:13.122 [info] GlobalState: No changes found during synchronizing ui state.
2023-08-23 20:51:13.253 [info] Extensions: No changes found during synchronizing extensions.
2023-08-23 20:51:13.255 [info] Profiles: No changes found during synchronizing profiles.
2023-08-23 20:51:13.257 [info] Sync done. Took 1267ms
2023-08-23 20:56:13.258 [info] Auto Sync: Triggered by Interval
2023-08-23 20:56:13.258 [info] Sync started.
2023-08-23 20:56:15.806 [info] Settings: No changes found during synchronizing settings.
2023-08-23 20:56:15.811 [info] Keybindings: No changes found during synchronizing keybindings.
2023-08-23 20:56:15.820 [info] Snippets: No changes found during synchronizing snippets.
2023-08-23 20:56:15.824 [info] Tasks: No changes found during synchronizing tasks.
2023-08-23 20:56:15.830 [info] GlobalState: No changes found during synchronizing ui state.
2023-08-23 20:56:16.010 [info] Extensions: No changes found during synchronizing extensions.
2023-08-23 20:56:16.011 [info] Profiles: No changes found during synchronizing profiles.
2023-08-23 20:56:16.012 [info] Sync done. Took 2755ms
2023-08-23 21:01:16.018 [info] Auto Sync: Triggered by Interval
2023-08-23 21:01:16.018 [info] Sync started.
2023-08-23 21:01:16.765 [info] Settings: No changes found during synchronizing settings.
2023-08-23 21:01:16.780 [info] Keybindings: No changes found during synchronizing keybindings.
2023-08-23 21:01:16.782 [info] Snippets: No changes found during synchronizing snippets.
2023-08-23 21:01:16.785 [info] Tasks: No changes found during synchronizing tasks.
2023-08-23 21:01:16.789 [info] GlobalState: No changes found during synchronizing ui state.
2023-08-23 21:01:16.929 [info] Extensions: No changes found during synchronizing extensions.
2023-08-23 21:01:16.932 [info] Profiles: No changes found during synchronizing profiles.
2023-08-23 21:01:16.933 [info] Sync done. Took 915ms
2023-08-23 21:06:16.941 [info] Auto Sync: Triggered by Interval
2023-08-23 21:06:16.942 [info] Sync started.
2023-08-23 21:06:17.411 [info] Settings: No changes found during synchronizing settings.
2023-08-23 21:06:17.415 [info] Keybindings: No changes found during synchronizing keybindings.
2023-08-23 21:06:17.419 [info] Snippets: No changes found during synchronizing snippets.
2023-08-23 21:06:17.422 [info] Tasks: No changes found during synchronizing tasks.
2023-08-23 21:06:17.425 [info] GlobalState: No changes found during synchronizing ui state.
2023-08-23 21:06:17.540 [info] Extensions: No changes found during synchronizing extensions.
2023-08-23 21:06:17.541 [info] Profiles: No changes found during synchronizing profiles.
2023-08-23 21:06:17.543 [info] Sync done. Took 602ms
2023-08-23 21:11:17.550 [info] Auto Sync: Triggered by Interval
2023-08-23 21:11:17.551 [info] Sync started.
2023-08-23 21:11:18.380 [info] Settings: No changes found during synchronizing settings.
2023-08-23 21:11:18.383 [info] Keybindings: No changes found during synchronizing keybindings.
2023-08-23 21:11:18.387 [info] Snippets: No changes found during synchronizing snippets.
2023-08-23 21:11:18.391 [info] Tasks: No changes found during synchronizing tasks.
2023-08-23 21:11:18.396 [info] GlobalState: No changes found during synchronizing ui state.
2023-08-23 21:11:18.519 [info] Extensions: No changes found during synchronizing extensions.
2023-08-23 21:11:18.520 [info] Profiles: No changes found during synchronizing profiles.
2023-08-23 21:11:18.522 [info] Sync done. Took 972ms
2023-08-23 21:16:18.531 [info] Auto Sync: Triggered by Interval
2023-08-23 21:16:18.531 [info] Sync started.
2023-08-23 21:16:19.015 [info] Settings: No changes found during synchronizing settings.
2023-08-23 21:16:19.018 [info] Keybindings: No changes found during synchronizing keybindings.
2023-08-23 21:16:19.021 [info] Snippets: No changes found during synchronizing snippets.
2023-08-23 21:16:19.024 [info] Tasks: No changes found during synchronizing tasks.
2023-08-23 21:16:19.028 [info] GlobalState: No changes found during synchronizing ui state.
2023-08-23 21:16:19.142 [info] Extensions: No changes found during synchronizing extensions.
2023-08-23 21:16:19.144 [info] Profiles: No changes found during synchronizing profiles.
2023-08-23 21:16:19.145 [info] Sync done. Took 616ms
2023-08-23 21:21:19.154 [info] Auto Sync: Triggered by Interval
2023-08-23 21:21:19.155 [info] Sync started.
2023-08-23 21:21:23.158 [info] Settings: No changes found during synchronizing settings.
2023-08-23 21:21:23.161 [info] Keybindings: No changes found during synchronizing keybindings.
2023-08-23 21:21:23.166 [info] Snippets: No changes found during synchronizing snippets.
2023-08-23 21:21:23.169 [info] Tasks: No changes found during synchronizing tasks.
2023-08-23 21:21:23.173 [info] GlobalState: No changes found during synchronizing ui state.
2023-08-23 21:21:23.291 [info] Extensions: No changes found during synchronizing extensions.
2023-08-23 21:21:23.292 [info] Profiles: No changes found during synchronizing profiles.
2023-08-23 21:21:23.294 [info] Sync done. Took 4140ms
2023-08-23 21:26:23.297 [info] Auto Sync: Triggered by Interval
2023-08-23 21:26:23.298 [info] Sync started.
2023-08-23 21:26:23.746 [info] Settings: No changes found during synchronizing settings.
2023-08-23 21:26:23.750 [info] Keybindings: No changes found during synchronizing keybindings.
2023-08-23 21:26:23.757 [info] Snippets: No changes found during synchronizing snippets.
2023-08-23 21:26:23.760 [info] Tasks: No changes found during synchronizing tasks.
2023-08-23 21:26:23.772 [info] GlobalState: No changes found during synchronizing ui state.
2023-08-23 21:26:23.909 [info] Extensions: No changes found during synchronizing extensions.
2023-08-23 21:26:23.910 [info] Profiles: No changes found during synchronizing profiles.
2023-08-23 21:26:23.912 [info] Sync done. Took 616ms
2023-08-23 21:31:23.915 [info] Auto Sync: Triggered by Interval
2023-08-23 21:31:23.915 [info] Sync started.
2023-08-23 21:31:33.200 [info] Settings: No changes found during synchronizing settings.
2023-08-23 21:31:33.203 [info] Keybindings: No changes found during synchronizing keybindings.
2023-08-23 21:31:33.206 [info] Snippets: No changes found during synchronizing snippets.
2023-08-23 21:31:33.210 [info] Tasks: No changes found during synchronizing tasks.
2023-08-23 21:31:33.215 [info] GlobalState: No changes found during synchronizing ui state.
2023-08-23 21:31:33.334 [info] Extensions: No changes found during synchronizing extensions.
2023-08-23 21:31:33.335 [info] Profiles: No changes found during synchronizing profiles.
2023-08-23 21:31:33.336 [info] Sync done. Took 9423ms
2023-08-23 21:36:33.339 [info] Auto Sync: Triggered by Interval
2023-08-23 21:36:33.340 [info] Sync started.
2023-08-23 21:36:33.832 [info] Settings: No changes found during synchronizing settings.
2023-08-23 21:36:33.836 [info] Keybindings: No changes found during synchronizing keybindings.
2023-08-23 21:36:33.839 [info] Snippets: No changes found during synchronizing snippets.
2023-08-23 21:36:33.842 [info] Tasks: No changes found during synchronizing tasks.
2023-08-23 21:36:33.845 [info] GlobalState: No changes found during synchronizing ui state.
2023-08-23 21:36:33.957 [info] Extensions: No changes found during synchronizing extensions.
2023-08-23 21:36:33.958 [info] Profiles: No changes found during synchronizing profiles.
2023-08-23 21:36:33.960 [info] Sync done. Took 621ms
2023-08-23 21:41:33.963 [info] Auto Sync: Triggered by Interval
2023-08-23 21:41:33.963 [info] Sync started.
2023-08-23 21:41:35.135 [info] Settings: No changes found during synchronizing settings.
2023-08-23 21:41:35.153 [info] Keybindings: No changes found during synchronizing keybindings.
2023-08-23 21:41:35.162 [info] Snippets: No changes found during synchronizing snippets.
2023-08-23 21:41:35.166 [info] Tasks: No changes found during synchronizing tasks.
2023-08-23 21:41:35.171 [info] GlobalState: No changes found during synchronizing ui state.
2023-08-23 21:41:35.342 [info] Extensions: No changes found during synchronizing extensions.
2023-08-23 21:41:35.344 [info] Profiles: No changes found during synchronizing profiles.
2023-08-23 21:41:35.346 [info] Sync done. Took 1383ms
2023-08-23 21:46:35.351 [info] Auto Sync: Triggered by Interval
2023-08-23 21:46:35.351 [info] Sync started.
2023-08-23 21:46:36.696 [info] Settings: No changes found during synchronizing settings.
2023-08-23 21:46:36.700 [info] Keybindings: No changes found during synchronizing keybindings.
2023-08-23 21:46:36.704 [info] Snippets: No changes found during synchronizing snippets.
2023-08-23 21:46:36.707 [info] Tasks: No changes found during synchronizing tasks.
2023-08-23 21:46:36.712 [info] GlobalState: No changes found during synchronizing ui state.
2023-08-23 21:46:36.828 [info] Extensions: No changes found during synchronizing extensions.
2023-08-23 21:46:36.829 [info] Profiles: No changes found during synchronizing profiles.
2023-08-23 21:46:36.830 [info] Sync done. Took 1481ms
2023-08-23 21:51:36.835 [info] Auto Sync: Triggered by Interval
2023-08-23 21:51:36.835 [info] Sync started.
2023-08-23 21:51:37.317 [info] Settings: No changes found during synchronizing settings.
2023-08-23 21:51:37.320 [info] Keybindings: No changes found during synchronizing keybindings.
2023-08-23 21:51:37.324 [info] Snippets: No changes found during synchronizing snippets.
2023-08-23 21:51:37.327 [info] Tasks: No changes found during synchronizing tasks.
2023-08-23 21:51:37.333 [info] GlobalState: No changes found during synchronizing ui state.
2023-08-23 21:51:37.445 [info] Extensions: No changes found during synchronizing extensions.
2023-08-23 21:51:37.446 [info] Profiles: No changes found during synchronizing profiles.
2023-08-23 21:51:37.448 [info] Sync done. Took 613ms
2023-08-23 21:56:37.450 [info] Auto Sync: Triggered by Interval
2023-08-23 21:56:37.450 [info] Sync started.
2023-08-23 21:56:37.891 [info] Settings: No changes found during synchronizing settings.
2023-08-23 21:56:37.896 [info] Keybindings: No changes found during synchronizing keybindings.
2023-08-23 21:56:37.900 [info] Snippets: No changes found during synchronizing snippets.
2023-08-23 21:56:37.902 [info] Tasks: No changes found during synchronizing tasks.
2023-08-23 21:56:37.907 [info] GlobalState: No changes found during synchronizing ui state.
2023-08-23 21:56:38.013 [info] Extensions: No changes found during synchronizing extensions.
2023-08-23 21:56:38.015 [info] Profiles: No changes found during synchronizing profiles.
2023-08-23 21:56:38.016 [info] Sync done. Took 567ms
2023-08-23 22:01:38.022 [info] Auto Sync: Triggered by Interval
2023-08-23 22:01:38.022 [info] Sync started.
2023-08-23 22:01:39.175 [info] Settings: No changes found during synchronizing settings.
2023-08-23 22:01:39.181 [info] Keybindings: No changes found during synchronizing keybindings.
2023-08-23 22:01:39.184 [info] Snippets: No changes found during synchronizing snippets.
2023-08-23 22:01:39.189 [info] Tasks: No changes found during synchronizing tasks.
2023-08-23 22:01:39.195 [info] GlobalState: No changes found during synchronizing ui state.
2023-08-23 22:01:39.339 [info] Extensions: No changes found during synchronizing extensions.
2023-08-23 22:01:39.341 [info] Profiles: No changes found during synchronizing profiles.
2023-08-23 22:01:39.343 [info] Sync done. Took 1321ms
2023-08-23 22:06:39.350 [info] Auto Sync: Triggered by Interval
2023-08-23 22:06:39.350 [info] Sync started.
2023-08-23 22:06:40.622 [info] Settings: No changes found during synchronizing settings.
2023-08-23 22:06:40.636 [info] Keybindings: No changes found during synchronizing keybindings.
2023-08-23 22:06:40.643 [info] Snippets: No changes found during synchronizing snippets.
2023-08-23 22:06:40.647 [info] Tasks: No changes found during synchronizing tasks.
2023-08-23 22:06:40.650 [info] GlobalState: No changes found during synchronizing ui state.
2023-08-23 22:06:40.795 [info] Extensions: No changes found during synchronizing extensions.
2023-08-23 22:06:40.798 [info] Profiles: No changes found during synchronizing profiles.
2023-08-23 22:06:40.799 [info] Sync done. Took 1450ms
2023-08-23 22:11:40.809 [info] Auto Sync: Triggered by Interval
2023-08-23 22:11:40.809 [info] Sync started.
2023-08-23 22:11:41.329 [info] Settings: No changes found during synchronizing settings.
2023-08-23 22:11:41.336 [info] Keybindings: No changes found during synchronizing keybindings.
2023-08-23 22:11:41.342 [info] Snippets: No changes found during synchronizing snippets.
2023-08-23 22:11:41.346 [info] Tasks: No changes found during synchronizing tasks.
2023-08-23 22:11:41.353 [info] GlobalState: No changes found during synchronizing ui state.
2023-08-23 22:11:41.478 [info] Extensions: No changes found during synchronizing extensions.
2023-08-23 22:11:41.479 [info] Profiles: No changes found during synchronizing profiles.
2023-08-23 22:11:41.481 [info] Sync done. Took 673ms
2023-08-23 22:16:41.491 [info] Auto Sync: Triggered by Interval
2023-08-23 22:16:41.491 [info] Sync started.
2023-08-23 22:16:42.173 [info] Settings: No changes found during synchronizing settings.
2023-08-23 22:16:42.176 [info] Keybindings: No changes found during synchronizing keybindings.
2023-08-23 22:16:42.179 [info] Snippets: No changes found during synchronizing snippets.
2023-08-23 22:16:42.182 [info] Tasks: No changes found during synchronizing tasks.
2023-08-23 22:16:42.187 [info] GlobalState: No changes found during synchronizing ui state.
2023-08-23 22:16:42.301 [info] Extensions: No changes found during synchronizing extensions.
2023-08-23 22:16:42.302 [info] Profiles: No changes found during synchronizing profiles.
2023-08-23 22:16:42.304 [info] Sync done. Took 814ms
2023-08-23 22:21:42.311 [info] Auto Sync: Triggered by Interval
2023-08-23 22:21:42.311 [info] Sync started.
2023-08-23 22:21:43.114 [info] Settings: No changes found during synchronizing settings.
2023-08-23 22:21:43.124 [info] Keybindings: No changes found during synchronizing keybindings.
2023-08-23 22:21:43.132 [info] Snippets: No changes found during synchronizing snippets.
2023-08-23 22:21:43.134 [info] Tasks: No changes found during synchronizing tasks.
2023-08-23 22:21:43.138 [info] GlobalState: No changes found during synchronizing ui state.
2023-08-23 22:21:43.256 [info] Extensions: No changes found during synchronizing extensions.
2023-08-23 22:21:43.258 [info] Profiles: No changes found during synchronizing profiles.
2023-08-23 22:21:43.259 [info] Sync done. Took 949ms
2023-08-23 22:26:43.261 [info] Auto Sync: Triggered by Interval
2023-08-23 22:26:43.262 [info] Sync started.
2023-08-23 22:26:43.868 [info] Settings: No changes found during synchronizing settings.
2023-08-23 22:26:43.871 [info] Keybindings: No changes found during synchronizing keybindings.
2023-08-23 22:26:43.875 [info] Snippets: No changes found during synchronizing snippets.
2023-08-23 22:26:43.877 [info] Tasks: No changes found during synchronizing tasks.
2023-08-23 22:26:43.881 [info] GlobalState: No changes found during synchronizing ui state.
2023-08-23 22:26:43.981 [info] Extensions: No changes found during synchronizing extensions.
2023-08-23 22:26:43.982 [info] Profiles: No changes found during synchronizing profiles.
2023-08-23 22:26:43.984 [info] Sync done. Took 723ms
2023-08-23 22:31:43.986 [info] Auto Sync: Triggered by Interval
2023-08-23 22:31:43.987 [info] Sync started.
2023-08-23 22:31:49.403 [info] Settings: No changes found during synchronizing settings.
2023-08-23 22:31:49.411 [info] Keybindings: No changes found during synchronizing keybindings.
2023-08-23 22:31:49.419 [info] Snippets: No changes found during synchronizing snippets.
2023-08-23 22:31:49.421 [info] Tasks: No changes found during synchronizing tasks.
2023-08-23 22:31:49.424 [info] GlobalState: No changes found during synchronizing ui state.
2023-08-23 22:31:49.529 [info] Extensions: No changes found during synchronizing extensions.
2023-08-23 22:31:49.531 [info] Profiles: No changes found during synchronizing profiles.
2023-08-23 22:31:49.532 [info] Sync done. Took 5547ms
2023-08-23 22:36:49.539 [info] Auto Sync: Triggered by Interval
2023-08-23 22:36:49.539 [info] Sync started.
2023-08-23 22:36:50.496 [info] Settings: No changes found during synchronizing settings.
2023-08-23 22:36:50.499 [info] Keybindings: No changes found during synchronizing keybindings.
2023-08-23 22:36:50.504 [info] Snippets: No changes found during synchronizing snippets.
2023-08-23 22:36:50.508 [info] Tasks: No changes found during synchronizing tasks.
2023-08-23 22:36:50.511 [info] GlobalState: No changes found during synchronizing ui state.
2023-08-23 22:36:50.618 [info] Extensions: No changes found during synchronizing extensions.
2023-08-23 22:36:50.620 [info] Profiles: No changes found during synchronizing profiles.
2023-08-23 22:36:50.622 [info] Sync done. Took 1084ms
2023-08-23 22:41:50.631 [info] Auto Sync: Triggered by Interval
2023-08-23 22:41:50.631 [info] Sync started.
2023-08-23 22:41:51.058 [info] Settings: No changes found during synchronizing settings.
2023-08-23 22:41:51.061 [info] Keybindings: No changes found during synchronizing keybindings.
2023-08-23 22:41:51.063 [info] Snippets: No changes found during synchronizing snippets.
2023-08-23 22:41:51.065 [info] Tasks: No changes found during synchronizing tasks.
2023-08-23 22:41:51.069 [info] GlobalState: No changes found during synchronizing ui state.
2023-08-23 22:41:51.174 [info] Extensions: No changes found during synchronizing extensions.
2023-08-23 22:41:51.176 [info] Profiles: No changes found during synchronizing profiles.
2023-08-23 22:41:51.178 [info] Sync done. Took 548ms
2023-08-23 22:46:51.187 [info] Auto Sync: Triggered by Interval
2023-08-23 22:46:51.187 [info] Sync started.
2023-08-23 22:46:51.690 [info] Settings: No changes found during synchronizing settings.
2023-08-23 22:46:51.694 [info] Keybindings: No changes found during synchronizing keybindings.
2023-08-23 22:46:51.696 [info] Snippets: No changes found during synchronizing snippets.
2023-08-23 22:46:51.699 [info] Tasks: No changes found during synchronizing tasks.
2023-08-23 22:46:51.702 [info] GlobalState: No changes found during synchronizing ui state.
2023-08-23 22:46:51.795 [info] Extensions: No changes found during synchronizing extensions.
2023-08-23 22:46:51.796 [info] Profiles: No changes found during synchronizing profiles.
2023-08-23 22:46:51.798 [info] Sync done. Took 612ms
2023-08-23 22:50:03.463 [info] Auto Sync: Triggered by Activity
2023-08-23 22:50:03.464 [info] Sync started.
2023-08-23 22:50:03.925 [info] Settings: No changes found during synchronizing settings.
2023-08-23 22:50:03.940 [info] Keybindings: No changes found during synchronizing keybindings.
2023-08-23 22:50:03.950 [info] Snippets: No changes found during synchronizing snippets.
2023-08-23 22:50:03.952 [info] Tasks: No changes found during synchronizing tasks.
2023-08-23 22:50:03.956 [info] GlobalState: No changes found during synchronizing ui state.
2023-08-23 22:50:04.079 [info] Extensions: No changes found during synchronizing extensions.
2023-08-23 22:50:04.080 [info] Profiles: No changes found during synchronizing profiles.
2023-08-23 22:50:04.082 [info] Sync done. Took 619ms
2023-08-23 22:50:49.746 [info] Auto Sync: Triggered by Activity
2023-08-23 22:50:49.747 [info] Sync started.
2023-08-23 22:50:49.888 [info] Settings: No changes found during synchronizing settings.
2023-08-23 22:50:49.891 [info] Keybindings: No changes found during synchronizing keybindings.
2023-08-23 22:50:49.894 [info] Snippets: No changes found during synchronizing snippets.
2023-08-23 22:50:49.896 [info] Tasks: No changes found during synchronizing tasks.
2023-08-23 22:50:49.900 [info] GlobalState: No changes found during synchronizing ui state.
2023-08-23 22:50:50.022 [info] Extensions: No changes found during synchronizing extensions.
2023-08-23 22:50:50.023 [info] Profiles: No changes found during synchronizing profiles.
2023-08-23 22:50:50.025 [info] Sync done. Took 278ms
2023-08-23 22:55:50.031 [info] Auto Sync: Triggered by Interval
2023-08-23 22:55:50.031 [info] Sync started.
2023-08-23 22:55:50.502 [info] Settings: No changes found during synchronizing settings.
2023-08-23 22:55:50.508 [info] Keybindings: No changes found during synchronizing keybindings.
2023-08-23 22:55:50.512 [info] Snippets: No changes found during synchronizing snippets.
2023-08-23 22:55:50.514 [info] Tasks: No changes found during synchronizing tasks.
2023-08-23 22:55:50.517 [info] GlobalState: No changes found during synchronizing ui state.
2023-08-23 22:55:50.613 [info] Extensions: No changes found during synchronizing extensions.
2023-08-23 22:55:50.614 [info] Profiles: No changes found during synchronizing profiles.
2023-08-23 22:55:50.615 [info] Sync done. Took 585ms
2023-08-23 22:57:01.739 [info] Auto Sync: Triggered by Activity
2023-08-23 22:57:01.739 [info] Sync started.
2023-08-23 22:57:01.891 [info] Settings: No changes found during synchronizing settings.
2023-08-23 22:57:01.895 [info] Keybindings: No changes found during synchronizing keybindings.
2023-08-23 22:57:01.897 [info] Snippets: No changes found during synchronizing snippets.
2023-08-23 22:57:01.899 [info] Tasks: No changes found during synchronizing tasks.
2023-08-23 22:57:01.903 [info] GlobalState: No changes found during synchronizing ui state.
2023-08-23 22:57:01.992 [info] Extensions: No changes found during synchronizing extensions.
2023-08-23 22:57:01.994 [info] Profiles: No changes found during synchronizing profiles.
2023-08-23 22:57:01.995 [info] Sync done. Took 257ms
2023-08-23 23:02:02.002 [info] Auto Sync: Triggered by Interval
2023-08-23 23:02:02.002 [info] Sync started.
2023-08-23 23:02:03.182 [info] Settings: No changes found during synchronizing settings.
2023-08-23 23:02:03.189 [info] Keybindings: No changes found during synchronizing keybindings.
2023-08-23 23:02:03.198 [info] Snippets: No changes found during synchronizing snippets.
2023-08-23 23:02:03.204 [info] Tasks: No changes found during synchronizing tasks.
2023-08-23 23:02:03.210 [info] GlobalState: No changes found during synchronizing ui state.
2023-08-23 23:02:03.330 [info] Extensions: No changes found during synchronizing extensions.
2023-08-23 23:02:03.331 [info] Profiles: No changes found during synchronizing profiles.
2023-08-23 23:02:03.332 [info] Sync done. Took 1331ms
2023-08-23 23:07:03.342 [info] Auto Sync: Triggered by Interval
2023-08-23 23:07:03.343 [info] Sync started.
2023-08-23 23:07:04.130 [info] Settings: No changes found during synchronizing settings.
2023-08-23 23:07:04.137 [info] Keybindings: No changes found during synchronizing keybindings.
2023-08-23 23:07:04.144 [info] Snippets: No changes found during synchronizing snippets.
2023-08-23 23:07:04.148 [info] Tasks: No changes found during synchronizing tasks.
2023-08-23 23:07:04.152 [info] GlobalState: No changes found during synchronizing ui state.
2023-08-23 23:07:04.258 [info] Extensions: No changes found during synchronizing extensions.
2023-08-23 23:07:04.259 [info] Profiles: No changes found during synchronizing profiles.
2023-08-23 23:07:04.262 [info] Sync done. Took 920ms
2023-08-23 23:12:04.273 [info] Auto Sync: Triggered by Interval
2023-08-23 23:12:04.273 [info] Sync started.
2023-08-23 23:12:04.806 [info] Settings: No changes found during synchronizing settings.
2023-08-23 23:12:04.814 [info] Keybindings: No changes found during synchronizing keybindings.
2023-08-23 23:12:04.819 [info] Snippets: No changes found during synchronizing snippets.
2023-08-23 23:12:04.823 [info] Tasks: No changes found during synchronizing tasks.
2023-08-23 23:12:04.827 [info] GlobalState: No changes found during synchronizing ui state.
2023-08-23 23:12:04.910 [info] Extensions: No changes found during synchronizing extensions.
2023-08-23 23:12:04.912 [info] Profiles: No changes found during synchronizing profiles.
2023-08-23 23:12:04.913 [info] Sync done. Took 641ms
2023-08-23 23:12:30.452 [info] Auto Sync: Triggered by Activity
2023-08-23 23:12:30.452 [info] Sync started.
2023-08-23 23:12:30.620 [info] Settings: No changes found during synchronizing settings.
2023-08-23 23:12:30.628 [info] Keybindings: No changes found during synchronizing keybindings.
2023-08-23 23:12:30.636 [info] Snippets: No changes found during synchronizing snippets.
2023-08-23 23:12:30.642 [info] Tasks: No changes found during synchronizing tasks.
2023-08-23 23:12:30.647 [info] GlobalState: No changes found during synchronizing ui state.
2023-08-23 23:12:30.756 [info] Extensions: No changes found during synchronizing extensions.
2023-08-23 23:12:30.758 [info] Profiles: No changes found during synchronizing profiles.
2023-08-23 23:12:30.759 [info] Sync done. Took 308ms
2023-08-23 23:14:15.579 [info] Auto Sync: Triggered by Activity
2023-08-23 23:14:15.580 [info] Sync started.
2023-08-23 23:14:15.741 [info] Settings: No changes found during synchronizing settings.
2023-08-23 23:14:15.750 [info] Keybindings: No changes found during synchronizing keybindings.
2023-08-23 23:14:15.755 [info] Snippets: No changes found during synchronizing snippets.
2023-08-23 23:14:15.758 [info] Tasks: No changes found during synchronizing tasks.
2023-08-23 23:14:15.762 [info] GlobalState: No changes found during synchronizing ui state.
2023-08-23 23:14:15.857 [info] Extensions: No changes found during synchronizing extensions.
2023-08-23 23:14:15.861 [info] Profiles: No changes found during synchronizing profiles.
2023-08-23 23:14:15.863 [info] Sync done. Took 284ms
2023-08-23 23:19:15.864 [info] Auto Sync: Triggered by Interval
2023-08-23 23:19:15.865 [info] Sync started.
2023-08-23 23:19:16.621 [info] Settings: No changes found during synchronizing settings.
2023-08-23 23:19:16.626 [info] Keybindings: No changes found during synchronizing keybindings.
2023-08-23 23:19:16.630 [info] Snippets: No changes found during synchronizing snippets.
2023-08-23 23:19:16.633 [info] Tasks: No changes found during synchronizing tasks.
2023-08-23 23:19:16.637 [info] GlobalState: No changes found during synchronizing ui state.
2023-08-23 23:19:16.727 [info] Extensions: No changes found during synchronizing extensions.
2023-08-23 23:19:16.728 [info] Profiles: No changes found during synchronizing profiles.
2023-08-23 23:19:16.730 [info] Sync done. Took 866ms
2023-08-23 23:19:34.928 [info] Auto Sync: Triggered by Activity
2023-08-23 23:19:34.928 [info] Sync started.
2023-08-23 23:19:35.095 [info] Settings: No changes found during synchronizing settings.
2023-08-23 23:19:35.101 [info] Keybindings: No changes found during synchronizing keybindings.
2023-08-23 23:19:35.105 [info] Snippets: No changes found during synchronizing snippets.
2023-08-23 23:19:35.108 [info] Tasks: No changes found during synchronizing tasks.
2023-08-23 23:19:35.112 [info] GlobalState: No changes found during synchronizing ui state.
2023-08-23 23:19:35.231 [info] Extensions: No changes found during synchronizing extensions.
2023-08-23 23:19:35.233 [info] Profiles: No changes found during synchronizing profiles.
2023-08-23 23:19:35.234 [info] Sync done. Took 307ms
2023-08-23 23:21:41.866 [info] Auto Sync: Triggered by Activity
2023-08-23 23:21:41.866 [info] Sync started.
2023-08-23 23:21:42.028 [info] Settings: No changes found during synchronizing settings.
2023-08-23 23:21:42.036 [info] Keybindings: No changes found during synchronizing keybindings.
2023-08-23 23:21:42.043 [info] Snippets: No changes found during synchronizing snippets.
2023-08-23 23:21:42.050 [info] Tasks: No changes found during synchronizing tasks.
2023-08-23 23:21:42.060 [info] GlobalState: No changes found during synchronizing ui state.
2023-08-23 23:21:42.182 [info] Extensions: No changes found during synchronizing extensions.
2023-08-23 23:21:42.184 [info] Profiles: No changes found during synchronizing profiles.
2023-08-23 23:21:42.186 [info] Sync done. Took 320ms
2023-08-23 23:22:24.595 [info] Auto Sync: Triggered by Activity
2023-08-23 23:22:24.596 [info] Sync started.
2023-08-23 23:22:24.749 [info] Settings: No changes found during synchronizing settings.
2023-08-23 23:22:24.752 [info] Keybindings: No changes found during synchronizing keybindings.
2023-08-23 23:22:24.755 [info] Snippets: No changes found during synchronizing snippets.
2023-08-23 23:22:24.758 [info] Tasks: No changes found during synchronizing tasks.
2023-08-23 23:22:24.761 [info] GlobalState: No changes found during synchronizing ui state.
2023-08-23 23:22:24.848 [info] Extensions: No changes found during synchronizing extensions.
2023-08-23 23:22:24.849 [info] Profiles: No changes found during synchronizing profiles.
2023-08-23 23:22:24.851 [info] Sync done. Took 256ms
